CoVVNgCnqkrkRPMeBkxPzijbACty3yA5uRutPcP8X9i419iP3XoJ
CoVCeCqmYzYDENZ6mAmwsSejMLki9cVwgVcYgopfH1hzZDRiSiWQ
CoWJhfKWe7GKe3narrw6H4qYTWDTs4QozojSZh2EZQuhnWrfm8QY
CoW7Tv15Ki6wWjAiR8RTPnFWgpmSLUZnmaPn526YyAszrYAT1wSV
CoUrN7Su1RWWP7fwKM6jcUAGmsBJGeuqCNA5mX5DpqMDQnsJ7DcT
CoVWNUxhH1gPTBScNRXXdGZyJWRgEUkrtRBA58uJaYfM84aNRBEB
CoVozBX14YiotH3DRvoKYK2BFzrNfQADi5bvykUWQMH4as5BZ3ZB
CoWFabuLLiawydwkYTeg6wkRRj986DVtXKNXf7b1P5n5eBw5cNDF
CoVAfG9xubzbJJ9KGJGV7nX9fcNR3BW9HQKHVvMvvNKS1MuTRfwr
CoVbSqjNBwHnnguY374kJE1qXn3sNR85m17meAna79ySw4UUxpXE
CoUsHSC5zMmfw1zDiRUdZbfw4bz9SFtsND6EGYQ71yKwkzJg1vUa
CoVuQRkzEcoKF89av3HZ6U6MYRRk2JSssTSGwrCEvNu61Vuhj17s
CoUob1S7yMrcKsMpBXzSi9DujkDBqobvE2EwLbzt6rbng3MnrAQm
CoVEmVpashH7R9yA1DDurNs98n3pUEqFbQVr3ge51Q6AJp3mWsCx
CoWTGYo4rfqcmzChJaJCZuVmvCqdtNRFDHVQxuKPjKz6Mrtih8Cn
CoWWy97hto6DpSorYrhCDWRV9iihg4hfqn9ieXSRqWqmX96Fngk6
CoW44rGUavbHZQhsRwojAgCojJd263tThRV5764TVKwJGm8gNjGx
CoWXFPpxNYgEREF8YRdLiKFY5ArzpCC467wHKTro8hPLRzddLxbD
CoVfx92fBoz1zVSNQktho9mfn6abhf1R2iiC48KFSnVFqoX3yDjF
CoW5yzKdtVRiX8CdBSLVmtRNDnMQw5yYZvsJZ9bw7kRCKjgS34FM
CoUx5TvwNhYgnxtXcSSpqseokZ3sHdfHFn4h65RSuDDEPFvvchtK
CoV8k5KcSJSpMEDHYQW7gw8mNC4TYAdWmTdwuYbpuQLpc2BHxTEL
CoWKERpQuLhikEz6DdVMWQg3yxgrwnECERMSJTdVYiXSqKWyzEw5
CoVGnMrxrcVK33iNDKQCEs5jRBjWRAd4MuFW6QvXgZJSkJWh5bLM
CoVMRGdsKAhFEhtQdyNNrDCWJxZLT4JVuuTHeZ2A8zT2zZMi4jwL
CoUpjG8cCnTgLXZr5CvjziuPidkgE9esubPGFv3nSZj6WaSPqCHY
CoWTEuHboARSXi5q3EUs6o68QhUQs5Nou98eei1Qgxcs6g6T5uUy
CoVoSjuGGSxbZtqYkkvA8uVHyZK5C5ruRDZ9Ng735CVGbbu3VwLn
CoWZMeEboHKphWFYqyxDyZWit85CYovZ88YeLMoWDp5CqEUYnnXB
CoVoc8BDcAfBtF2m8GMBjFXB7Zuj1i3JoqsYf6CKkyRUihoxuhJS
CoV4aRzdJ53BZwxRNw2U2BdQzFXoKFjfyEjWeXgC3Yce52Buox6q
CoWGUQxvGKs3jyAqdwwdSf3A5T2HCNx8tLdywkFGe4PA9rAMmzXm
CoUv7zSGXEHHmurG2tqzP4Fx18EFexV43pMV6wLoZ6KortRQL5WE
CoVBKA7ZweAYivdLP5hQrrFRNoNzwkCGoW94tJYgD7MsLw69MSfi
CoVGkLeqBYqvj4vp6MyTRc2K9Vd2viAQRDdCLHzsZSA95dmDkZAY
CoVkXAv3aU3M1cKizJfnVX1xuhXgr94muBYnVLQbDHsmfAyBtrk1
CoVJZLt4bHkC7PVbMHZZECYwM8HWAzoFRfLcAoqQTdxATj8xBKbY
CoVvPYZte9dM3KRhFtKo76M2Bfnmu1sRYunBYNr182eLVSaNUjqj
CoVAiXTfsdkk5x4GFRwvcLpQAJbHd31i388GiftHYifKwXksdGrj
CoVJhyCzFgQVqenjF8KK6sJ5e89SmvvTjmAuUr6QzH6SJ32t4KxK
CoVUmXkoxyxH4NrAQHrLf2f1tZgPTBXBjgk9VdFvZbEsEEnPiCyr
CoVe6TiAHbNu2Ew84WFXe1QGCXifpptJUJx3AkEbcWMnZmrPPszA
CoV3uqLJaupXngTbwnmYJukcG7UMHHFzJJLBDXdzP3oBM1Zi62rz
CoVtbSBmNZMYM4PCvwVCJKxB9kUQLYBjphnYuGgNJUQqfatV2RvK
CoWZj82B3okTAEPXgFciFBtj9w9N4y8RHsf2SGwuEJVm5fkixVjo
CoUsedvxrqcQ5vCbKKszNvEkoS1dReZLx1a7K3vZnxaJb6vXgRoc
CoV4LJvtKxEuWm4hViWLrmX7RmsfMvyJmcmzLCyzjgkJeqmAPw8A
CoVQDippEbxt3GTkwNVHgiZaxu5ZaXfWpWvkUDemkuEEk2pm5Qz4
CoVuWa53UAqavnvhR7YGRwTwtPwbsYXeDmdEiFQzKspfREQZWysk
CoVMpUnvC4VkZTb3iFkuYVpWoqZ1xpFDfudnLHj9wVmt2Vq5tJaM
CoVAUTvczcS6MhvaW2WJsg9MHp3aSUJKgdcdvPvi8HDTyVRNYi7J
CoUeWDmc4EKAnFcg2xCPFF4NTfnFdmNhgvYQCdV2SJEqYu6N1GXq
CoWX7cJ4QKwUVCQZUwBkjLxrj4aKcY96cR2wUM8TQZ5s4EmuKg72
CoUt7Tsq8i4qWTasrWrNyVcRxLWB2a4haYwJYsgQkuPPwAMQRE1V
CoVdcqgsQmrnFsaW3h1ecQ1NFCTx31rfvjFtqDCdHoTStGkVDJ34
CoV1rw8ukAJirbCsVq8wihJHBqaAXi5nrKDg6YH1QvoJMTec1x4E
CoWEtc1aeYEzXkGFouL574UHqEr3kVKtech1furuQouHugwmJw4y
CoW26RkaVCTPiRDnYKa2UNoRYEA46nCBbj1oLBkSRCfDY2QfqZ98
CoV4rHSLENJxFjoLPRTNf8dPQwiEvoQCcDx498yVxcz77opTpjZF
CoVY3EvG4XKYR5imnx6zQDHtE3JbzaA6swGN2RWrN6TRsgrTZU5X
CoUobztKQeV5SN6bqWNTs6gQDMpRhZeVDsurwbpXqUSchjQ82SVu
CoUo2c44g5XF4Wh5wFh7gxAxoua5G764pdFpfAWLHwVgQeJkvYns
CoVMFitXULcuWVaso7da8WQwDiT8sDadXGFRNqaAUuRbGejCSsEX
CoW1wJ7rT4T2ZFGfZg6EtW5ziT6vKQXFd6yg578By2HgBqkSTTxx
CoVbDZ3jwbcrp5FDUbXobSGoTcgFjRWruaNo1nyGckaujh1bsqZ1
CoV7UWJRrjVhZeRzkzFuMkt3C1SJF2weHQBGFjYdshBktEASuPMA
CoVJYz9KGqiSZtMLK54pYAdGQ9LbwwfQigyJyufwDLBwmjoVhkeN
CoWaUMaRoTEvcWjpPQTT8bQC4d2RtahDFXw75bCWYorECXHv6iKt
CoUgQSwVmTBGczrJfvmFvQkAbDcVhtxJn8KMwHbd3CMpTen5s4XE
CoVjvGfQmxU4otiBkoZ82nqHkspbeS63Y2ryVG1cKMrG919TuUHS
CoVcTbC9JoWALFM71KGahxFmTs7k324fS2LHfribJyrH6oLSFEAB
CoUsA9xY6ZG9Y1n5KdmW2jxq4WyvcCqEbtcxSVap1kf5F5xxZMhx
CoVqyBeT7hG2jh842yuvb8GckkLRNNcMo5CUYSej9ynz5zb8ytRN
CoVBsCsz96paYpu3SNorrar62UgexWyoH1bEvA3SvbgEQES1MHd5
CoVEMggwaGNoUWVj5gnUBVcoevbsZs9xtek4mAR9rUYnW2WXXJAB
CoWSJtRZkV1gZeHD9nf9UNw8XpcR7VxEw6CHx74fYw5DeuRRg5q1
CoVZURqzHBrcMpgfPmiWbCMGQhckFAiUdthZMaaehHBotn6S4Lpz
CoVBqhMhdSc2HHFnFJ4PgYNuLCX6uhcJJrMRoM3H7iW2YG1vqzFX
CoUvdspewJjqQdh4ha5Sy21Yg4zeydksyCmMckJ3LuD1tm2HYxtC
CoVg2BAHyR5VPRbYdvECZHVKQpvPGGvRnfJ8R5QdE8nETBuQHcFR
CoWFAFQCP5FEcUDAQ7dTpprFWVFkT3SMycQrBymaT2WkXZwUjWVj
CoVRkaC7g4KDdoRXQPAsE7zhxiHzjUf3qrwHQfaYuwC4z7TWdUsU
CoVsDuECJJXXS98gjmup7Ysraxsfr3pUdDDzFe9hK1avGy5nzFkp
CoUnpwdV57CxRqzVaQqxcf67M16VZE5mBGVegENAEGTCpdfWrA4L
CoWUC4dmXxsvZVX1oaP11i7QW6zxENsLxrXzVCycnsRs1dxrMZdt
CoW38SxWous2kRkQC6ca1v4mhKog79T22x5fXZKnSo8vbYKBgvoT
CoWJG4XPCZnGEKKVCV9NwZHqKL8ZQDgzTx73ccF86krASXtJRt8S
CoWC7q2pjkLBKAMrWrZfUqK3kRkeWhomvkYYd3sT2vX9Lf6W72Z3
CoWN9Sd3ZmextgUxXqBUftBXareH448QgJeuXFnvUSm6v4boD6Yu
CoW85tjCG1gYJuBxJGjP9X1XRJxhRTkT8NEMxyZCeHmCYy5AWjZh
CoUsrTMwDuQdS8CFp6aMjdS1ehXptqmJFKxzopzam4y4utqJSM8P
CoVbYoyMxAu57Rd8tsmgFb9cTNZQjMEpdUG8xRM55jpj6DEPe5wq
CoW4jEDnXSKRbG3dv21UBMf2Yewuk6KsmdBVm9JvS2K8xru1zzm6
CoUtZTCfekcuPtAdWqJ2uApzAx2k1pfvJTZTSLaQJauq4LERLGHy
CoVw7fxjtB7SWSM11kqpwfn1UZ4XnuyJ8PRHTuL8NUA3b1Z3FVs7
CoVpHkvxyY959HNZa8B5Ew15DZQCgKU3haQ6WBDaYNrEjfiMs7UN
CoVXYzrnPgf4JwRSo1bvd4QSNpvX2MY6bHxsHcn9RpKEPTZEgcTT
CoVUVtgqsecA2KMxDbdwA79voY7EauvTYBxjnqM78k1qoCjjssgE
CoVXtBMj7ZCb9VWVMYS26ChXDq94Mxo7wPCFpKj52HZQPj1jPDaM
CoWAp7MDYS8bAMX3GAJXn6sc1JHtc8BrYeA84oypmzofAFzJYs2z
CoUjsMAQfo1fYUiNHE5jQ2gb9ddRsbJ5gqZijGRbPjsnwfPHZU7t
CoWDr2UVoHb6e7GuwY65cPngqKPHfRgqp2SVTQWmLS8nSGkVAus9
CoVmMS5vuuWeBvdeYj6TFuywjPgJxzQT4NdMS2CJNnA3S2qkF26a
CoUnpmDspBM5ha1H8ZN6BynmwySJdfPYRm4tm3QJVuWqJwmn4Rnx
CoWJkYy6EWGP4M42KJUhiR1VfiREsuZGwniB5jKtsVyMt2NHyUCe
CoWQPZZ9B3ZDRpWAYSiQgkAB5koaDHcYkgkzDGWTXNZ7Si1MLkgr
CoUhmJSBGXRnsub26ivErBqtCmXVCvCLpBk8eCYKdjbtUfTHhtG9
CoWK1qh2KHHXK1y63Y2eiWdX8AN3e7UZR3RnW9rymfyMifo3HEzK
CoVtXAcyknjkYxFUUsCX6D4N88Kw37642FfjkDKB9QmcWAuMbj7T
CoVGUGdZ37jC1uxz4AjXozCV6VNVxXyjq5J4GpSTz6fyr89UrvBH
CoVLaxEULWBuUEjVLHy5XheDGpsShewDkPKy5BNajbVvCzkohmnx
CoWBGTLmFdNZFWGS6NbxSRNoi5z9YWhsh1FPWY3XLtyPZyEzL4s9
CoUgfMi8QwFajrXMxinPoRAdEAGCsNyrYThuzMWWMscM4vP9twGr
CoV2CEdKtFGbo9VCedaJ73wLDdiYUhFUn8YRbYjgVw8EvsQoXjtq
CoWRa2CQwM4aHvzcgRihTT6v2RMfSSimW6VUnfa9UwD395rNZmjE
CoUjMYUCSzogZV2W4RpZsPuvGq8qXAsErpYG5v3rnTWwP2uBR2GR
CoWWScaCkZ8Aefj2NXAzC8Y4BCsQuxqJxdDeQD7z6K3kW8eS21y6
CoVW34ackc7TuLQ7vduXDyF5svC3xhBrR1AjJpjLZPYxEVi9L742
CoW2iLKN9eoe73BqmgVyiHhx2mYKjo3wqtatZMkfRh3BRkrNE9rU
CoVwwfRxwArdpxcwY75E294CEfC21mJaVi8bc6j2gsG27NqKfYwN
CoWWLnAJHW2eejWEJ3t65Yd8e3MdwPF3owNcVcUgkH312UQQw8Xi
CoVAyofLNLoJPGvKzmV8pg6WLH8Rr1Qgx1iUeXdUkG9jq1i9bERh
CoV2whNfpmWdYvDgi8kqhh7mFHtweNd2QzHrhEgX3LC3mbUAm8i3
CoWQrAE7Vu76ZmKGZz6zmEXjSHsJ8NK8b4CzofKYz3Qeoi8eR46f
CoWTkMsyGEVZP6qWnnQuPYUgxcoi7aLBA2g5vMe457aZ3v2Vuj8T
CoWYRED45L8EGu1NbxNM7W2GTwo89BMbr7tSZwZ6CCAPXxeLTWuC
CoVQTgPeFrcHWBy2pxLqWUnUh2XdWhn4ZUFDfjNDBTpZ1EUjDSxc
CoVqFmFciwG61eBnNcDQzf6x4D17SJ8EUN5ngTaaSkkQZdcSgK2y
CoWBm3mw3q9hk6dtYbsxHuUUVj671nBi55zp2xmRd23xp5ZnRDQe
CoV3neqcdP2VxnpgyqK5TZsa6sgzQQ97G4EaQkBcPdeuTBNKFXmh
CoW8CZCR4g8h16i4H16fk38XSHcwinYLh7c8Tt9WaZS6fsTQANDk
CoVYpUR8rzKcSKp7AkLwkKdCbVfsu7kjXGJeSHogQg1cUGRmgREk
CoVKkZrxdu1TrH4swBxVyMMT4L21aMYHsbe1AMBRiron5iZ7zydq
CoVw5WQ4Vr4nnUvEqqoar74tbJhbseyoMm9aSKKfFhGGZrVkZ8Et
CoW5RYErTPoGXtYBXrJ4KFxZVV79MMnfZfNN6JRCPyUDhUgv6rUy
CoUprLTeeoNktChZzCcRefYd12EgskMm8EzMtUniz7PR9phstXin
CoW6zNEDg7GPXdfY38iCjZcGTBdCCHDhtWYEPWJW5hWXj2E718Db
CoW2EMykrKByVNurT1gFrM5qDtGp7qY66NE3JFupKYukmseLpER6
CoV4E5pkUytssjNSv9jGYTp1eMtV5smn12nhsrGsHJpCJErAgKYj
CoVxKKwUWzadECseQAKESqDAS1ykEE5E7ZzJsZKKcLDnQnZocGRq
CoV7k4X6YKSPwUHSmoWJK97hrjsx7gowqP6HGhEvbCiBUeonLX2N
CoW3pXzJAnxPWcc44ZhenJLphxoDWeooXBx69u9krsZNFsRF8cnj
CoVxYwk9BVhgc1BdB1NuFrdj9UELG7kgTznzRBhMLjqMDY3GLHc2
CoWSWDmZoFxjVAW5QCiaik7b11crmyMwDGY2y882D1Ki5fhJbvZs
CoVAGHDTUqqdVekAKrbeqEdfffXcm7Su2yJGanAfv2BLUs4wgTCp
CoVeXXKjXnuPnchrYbUg7WgNQDyXqzJWfCQdN9ZPtGARWNS5uTCG
CoWNPKD5zCDx1E2bs8fQkzoUyHvXSWzPZNNJ97o5FTBTM2CqdUgA
CoVgfMMYgv2b9mYHfqN3XW61ofoW3PJVWftoGeDS5VYm3WHRQFRr
CoVLga1PA93GLRHmtx9bKq9RxVHo7yMSoEnRmTAdu8c1CUQSfvVX
