CoUjxnLcHeSXNkDaC41yHBryS1ND26J3NPwMAQ6cmMXswvPHYXcG
CoVzHjKiSatVqsKn2GcZd5yhntjoqEHfa6L9dvvqPidtdxPStEb9
CoV6DC5iaDqivEzv8zXjdwkNany5cyyM2VkSwXR1jiwsebnfxWew
CoVDPwmkxdk5y9qXNo2QMzvxFYykWqT2hMkvgCj8HmQRoUxhMae8
CoUyfrdgY5mWTRWzrzyWLWhK8fxaTUQMvgmRee8ZgFtvGcNqFm15
CoWacA6kng25x88JtGEotnzuDhJrLkSoKKAWnWMsTg4pEQxwfSPT
CoVPqjPoK3GdM79mKw35tUavB3dv5AQPLRWNikzGCFVqhEbsJH4n
CoVSnd9uUyJhzUonwMs5wLeRAfUx1zvbiMgGPk7Y2FapRBhaR6Hx
CoVgmQU2ACHwKyqCDK7de1zhHSbuakhR2NowQnopuBjaHAWJTWut
CoVQgGobSC3BuyC89VSfLupAVGTppQF8Yuo5dw8mNjoNdCvgMtXF
CoW8EbzMvi9qpWZbjwF2APnh8XfQEZrGU7uKQC6aF7kphfjGdkgC
CoUtRDXHHLFg97m4ZxnLP46PS3oNZ5AFwGFP73JJi533zKqKQFJk
CoVseh4pr1MJjGTfDxvh1MRWHMiGQsMoKH4D6WS6DjyATQq45R87
CoUrJtrsFJV6NVXyptLogRCD6Y9yr5GGo1MA5WSn5pp1M9j7eCFa
CoWG52SbsSNbNzEgyTpJYW8ePoHQHKuXohrnPFzCVGDFy2udiKiG
CoVGhECBGsqSxM5Ru4BCEAZvkciuXwwKYf4PitRdY2o5DWLFvXxN
CoWUvcAEvzXJAyFhercHaBPxpJTwBGm5WiE9LY6Eij9JN2mZMFCz
CoV9nyYeKT99DLrJDrAEj8DQQoLULyHh7gkfKUXoX3GzmH93jjyD
CoW6mWFhKa62Z5ztSnKfcPKDkH2yAqbHhTNC5xhYRMMcM7Se731o
CoVpvwBKbswE4d6GUdwY9qkMNS1G6GkLwSgbZRTPbr1Y8jBZoCUU
CoW9wk9bLNHKkGSX6FaYSQyT4eaE5G6vWn4aSMGYP3HKxLt6GLrk
CoVJySjbKx6d6CDJX9akxq9kK3xkrwF7HTua2qTs5VP771ojejRC
CoWashAasxyUbCMiyjMcFuB23iZfxvsSjqsf3cXQghv8VGsAwNsY
CoUiEhUerGnMBkEHoj4DLrDvsQr8VgtwKWUNSVH5csE57EaErcxU
CoVb2WXgehmu8y3yxv2hd8z11Qp9X8joLFhpYCizJEdAxSWuMw2r
CoVAMYsbfhN8Nm5zWb4TWuVc1J1xf6F5t1nTA7EiesSVh5Ap4cAm
CoUsWii8uv8EoXWbbjG6Da92e9D4mPSQDtdCejQQf56X11zn6iaG
CoV14xjYJhjZLGLsdv1Eghwg4US2Vo6DnBnbGeez9sJ26HkB9L6h
CoVp8xcW7BiEn5BrGXAnSCTCYvixZW5h4FHLuMujB3WsYCrAXeqb
CoUfgTvHGfEqYsXSv6SNjURrA75GG3buQ7tki9mFxDRMGFhDXsKk
CoVvjWBjs4eKjZdHvkwvaVkWiZhdvX5mGAxEGDxMnnfV3VdCTifj
CoUv84MPRDNt9uGtycJ4fmbfiEA7nMpA8gH4iwCvrCZziu3LLHrb
CoV2ZkH7hRaRxhALaHWcA36qSRgKoyrTR8TYoBYzDaSbMs1v6AkS
CoV5LWJ5NQzXouzDYrYZgbn8s4vY7K83jTtygAw7xAzQx7DgqLkv
CoWY5np1umjK2jDWHgbEFcMXPrbPo2JmfxGRdjaxhMQBgWFTv2fy
CoUwPQeAhqx8DUMPH4Mjvt5PZHvBQuzZpWkw4nm2tGD26rDVNPcp
CoVZjtXdTzXswxqnVjJHXii3vaFFzmzHHcBsn29BJMjDdss3eisM
CoVDkTw1ZddH935K9mmxaY5cqmqQw8eSv1UTw86vqjUCrLzCw2Xe
CoUj4RGWx229q81KgouTmp6MF7qrF4Tn2qjHivoNm3yagngmrE72
CoW7JEff2jkiC4QF8R457qDRRLK42RJ8xmfN6YYyNVG5aaQskAB4
CoVi598qY8nu4BQy6Xh8qhRJmWcY1P2iVkPArBAKdMkinnGhaHmW
CoVeAZHv2MVzi18nHBuRroaoUTADu9hZywCRhjQZR9nGPR7KYfH1
CoVzRkc3yh3suLDC3eqc3Nu8Yz5yDWqsTzKhp9Jpp8E4MtPpHDQz
CoVGVPwvw3fyxM6MqE499m3hwMG6oN8gAK9nFFp3bmmtNACW9TPd
CoVtKy3SmgNU2VR9gLqvMszFUfTekLnSZ2Ha88aSbZx6rAQ3ni8o
CoV3yTYeQWuNsdUfQLueQD4bDKpMd2SoB8eXKTyxnnxbPRGQrvGb
CoV7bRpRDPYhMHAKhbU5KX6H4X7kZ16defHZgfQtpMFiSch7woFw
CoVNJpyRGjTURjhdnDr5AMU7Y338GXvg4YV4GRXWE4xzdKBG1sv6
CoVVuNAjnQHjcpRNbzVEJ4sDFYWRC3qGs4pXh79Awq69NSAdkUVd
CoUwxQmXr9KpFgivF8gZfLGDt2cxWf1y1i78X3aepahp5rdsjLmz
CoWPTucqB4jPbcHSvHVAo72XiJtUHWdoTcrZ3pB5nazHa6i1XUWm
CoVk6MTN8ZmTFLSDgmmiCQvhn1aMtFyfGFJG45iTw7eNJ1BNV6Kr
CoWUo5o8wm36A4KYTrLhKscpnfPnDq4mN1awT8va2GTvKnGxr19G
CoUsH8s6g4ZPQszv5cwrS4GWGbxtBVD6kNvwzpSXcPnwa1zAqKRS
CoUwakBEp4tFhyyrFzkdDpsxzwa122rQPQJQCaWPkLPedibre4ey
CoW1VF4Txb4hzivnZmKPaXZBcHByS5BmzsN3CjfiKVaxPCdkZAkb
CoWB2JzsbDq5HKFTNSuGaVcXDAernwGBariTkG82x5dw5WU1wNzC
CoWF7nCwiDqSrE2KVbqfWFRBsEWYdnZzkam1Y1FhGKGBZB78ncYH
CoWLvbPy1vEu8sWWw1ybkzTVApnCXuZ3xFbo4E6PKPLDZy7py6wB
CoW1rkqkWVC95LEtLQgbHT5RdHk9iMekiHoSeKZuB8W3aZ3bEPMC
CoV65jUCktKkCoEeU4BA6QdxkoUc71yWfmoXzf6aAdFix5udUAjQ
CoVN3DdgfmUQ1xbZKAwcjtDRUhPaXKrCLwHw2Xf7XyffGmzMJ85A
CoVm3hSwnyhzgpmFL31RAyjcdREZG4B2g2Rd6CLvdpm5evoicVaa
CoUruQtzNNUaUqJr1eGGMvbqr9qHZnR1vz8V9jf5zhs8XKzqs3FB
CoW6V3aT3ekme1nUJm5WK1gLKomrvmrLCDNWgBMAuepFnoLT5yH2
CoUwLzGhwNbSJSbhDPEEZbb34MLrBP7wihXTjopnuWZeM4uaN3Mz
CoWBf6LgamY5wmcwbgVvFrJEGfam6bwb6SD8GADr5ZEj9uRzAcNu
CoUjThs7apMw3asyH6CoHpyCYQzQXYffD8j12VxnSJNq6Lq37yem
CoWB1GC6USF7rAuPf2hHWG1HkE84VxCdCCmYQxejjY6MPgHptUPk
CoV48Mbyez5zxjmui5juMugF2FsCPZoox8Bgzzm5JybXyX6eFaKt
CoW8eXWexwpjEAwYxUMCPdTxK5w5qSgUZPJSDJMw88oMFF2Xwg8G
CoUtfeQMHY37JPoYRh8uUfRuJq7KRxgZeGNHdKm9zxtZX2roZ9vV
CoVgMXH9EuhfyH5UszNVst6Q38jYyapXj9uVcpEk7pXEVeKcqfWv
CoWBCXiA1LjpTVpgbkXiQrBk6doAE4NqJCHSHMQRnwfTek8ipDQ5
CoW4nvEq238NjR6rczYSupotu4vYPXmHYYmgWMjGCHuwvmbqQiZb
CoUuvkBKZz95RK7E3ipaqwZ42zGhfXczzQx7ZLLRgYYsn6FyEENa
CoVxRYixac9Wp1zkBJ9xzdcV6y7KXvSiPHBYw4QeEWVTBG2C6P7U
CoUjREjiWZ52nCdg8SDwVBwtdtv5tprCHJ4Q6gEz896C8Z1Vxrbz
CoV58ntsXExaRNJ12XrLEQUtLGzsg5cXD5TG974wBog9YnPTFVCr
CoWFcYtfuJmGZzhYVzezcmVoqzBqTnhCgcy8voV94C6Trdy8V7vu
CoVnvYAMfLaRMzXN7X3hC8FojUPiwGx1d2q4s56RDxNpSBuv635S
CoUxFVJBuR6W6MCHpMxAC1MCQ8e4DBxSqC4B8Z9r7mrm8r5agi7q
CoVNr65NvrBoWQHMBdjdVPR1rYEUtFNuj4Ec2i5oCVS7qbZ9zQFe
CoUnTdiuGUbs2sG8m26heH7ew8qdzwT5nMjfdfUzVeBvGTbdcN9z
CoWARp6rE7WXmtxMtnVFsu9B55gVXzHszrzE41KHzVzyHrQBAmuv
CoUoDkEpyyJ9bMj5qSkyaFe2yamn7uVH1hGPNGAMPgdieaZKP53f
CoVmWkRsr9vBQeBE9aKgCz1fWZ72biUVwQJqufcULyewdBgCNqT5
CoVZVGPuY95CSXHJDWV6Z8QApf6zwAw6Djq1aZiyMWV7BEVjkqUh
CoVkcfbfnEYkZ7YvQ5uymJJGcrNJ9mxtjzg9bC6B6qKr86KRPGXv
CoVh6kLGJC4bZgzcv1EpX5Cu6pMWiyMrWM6FZnJCe54s9vaUCUL6
CoWTcLZTJbX1CafDbVn9rHJHPSvnpJneEu5oxcxRXmZNf2wkFH4Y
CoVGadzmBJtQBLtCkhWyLArtAsKxRd1HB8DmspqtWmyPjgdvuJqj
CoVGhTUSkpFDkdFDgpLpu7cjf4zRTRqcngpwre2BgZY544ao2o8c
CoVttkzHWtLavZ3BT3SuuyxqHF2p8pxZkH8Qp2WzoqjSCmb17QDR
CoUz8GfnRe1VEoKNfiR4AErQn1DLSapV1JWet7X6NSM3jJDdKkUf
CoW937X7M1g4REMnTjfMTnxgEADDFBgLfzVNQz18SF4wWKHeGuKB
CoVteEyDQkbLsyeUM5VaFMuLCRqAM7zMKg7sw6mtg5pcmYZEznDo
CoWatzdU3Fb98LtBucUVY36LsGPJFRt5j9NGrVmehdXJy4FgC8VH
CoWGXC7pkNjzu3Z1RzRishHy5iYZZZUhdEshPqm2aLzHQZGTeeid
CoVGSe6DGahMRqayoG3qdiPeE9W8E1b5Hjcyi9TEDRTeYY5Bj5WY
CoVyLzERebrva3UNqvV9pjFgAeTqs9pG7tpAAYGUwmxSedCLZxX3
CoWJywTPhAdxTK9TWouSXKn8ofDcv5yLAosxJzucaXHkv6nvV8sx
CoVmjNfLEg1fpj8EY4xaJZLLoCziUiiySNhHP4sDxg2DvC6rv5n6
CoVrPX64Y8woyHP92ra3JHR6BJhHopEFzh5gDtL33pQh2YvZnMDL
CoVJ3nwUtP9Wbd5D7FaU4qPfUQwGGEuw5dvvcdQvwv83MwtnsrAe
CoWBy9N2STiXgsY1PaCsUNMkgx4iGteivNpQMAahgarcZS9pHnAY
CoVdK2BfaeMJn5p86s4MoPax6NDYU7bzkPp3EqrGh6t2zi8sEMVS
CoVbe8jnwxPjmDbtfbbh6uGKVXWS9eGaPj2grjjbcgZghPZzZzUn
CoVQic6W1j8GtE1YpwZVGM7PYSerY8HYF63AXs82oW1GUnmRu43d
CoWVfau6CUioT76QexBe27Az4hCpDtiwAurXTA8RnSYDEVws5DjY
CoVh3rVFEZv3xHiXkoEqjP4dRfR5ir1AJqWLCtUEF8KpsJTKkxrw
CoVdMkJvhz67w43RLaKuNGSaCxUXy9nhc2CyxVxWKUwku4XJkdbK
CoW1hxCNHjTNTghyBaVpAituECXaB1LizpRvZtsPRktsFZAwrVzd
CoWB8yGMVAJdyZtv3cjKvHCAeroXcjowALCV97awwXAmjpgsEcE3
CoVPdXRxRdaZNa7zV1BHDMzEswCNwKj8YP8Wu4PTkz6qDW8yxNcJ
CoWb2Eku1Ug2EChwk9GRMrE8jW6CsZeG1SgKN7CveaMim6YAeuAd
CoVzwCGB7thWiMNPQr9Pjgb5gWUJg6p2Ts5iRmsnB6cSJRJWmnNf
CoUn2A3zJZpnhwVa51hUTBn5LDSkjV9pGECtjMTYeuc1N6kcuwYE
CoVoBWMeMqYXUDZEEngBNrxVq3xiQAXSYfBk3Qh5asQGpcZjfZrX
CoV1jU2hiYo9tPz8iR6LypJP9JTnSd3kM34fC9j1mwk4BniCLydZ
CoW8kiCrV6sBwQmqyzVRvSoHbxHzsx2maxMq6J2pHaaRaUzjVzb1
CoVxj5FcocVUeGBRjG3hPmCKSU9iEM6QgaqvyW36AQ9XaWSRTMCa
CoW4EBQcFu3CQSGcynrUhQ8zyDr8JPEad6hJpLtTxXrNcVq8HvHp
CoWCdR4ee4pAsmFAj8pCoCFXe1ibmHZQ56PEgeKgD1u2iSXFZiLx
CoWE3dymMGiJQhZVUV72MH47Vip7FqBj3MFkg5dG3R3BbBzyhJqx
CoVoGUE3oPTMAPP39735WydGRp1pTzQPtWNEAC7bybyv3oCroUS2
CoVJFyHaQYXUQU688uqsAcmkEeUTxLNCVJMEWLjNAK8ft18FYjFf
CoVTqSU8taZhfNPrGoxikfwipvkjk1saHVkmE5FGffN7MQXDYZHE
CoVBgarcMQKH2FRkc1vwuXr2LRmLVWxd8ntruTfqAH79JyEFCs8K
CoVPvNhsXcs26QEuVkqdbBUcDGVgReQgYHsMnv8kXDVk2W5Yz852
CoVGrS9tv9LjE71MAa1muZ2YSb48SWHqgW7jNTq3d5z1UkTJWkNU
CoVbNJu9rjkyNvnQvR4hh7KwoSHfWyqKX5G2iYqJVCWmimqR47Wh
CoVYzeQAC4pcU3Kx7dPBDvSvoQh1YiR8bsYkuwAdqnd85vixuGKt
CoVyWbC2zt2TvQJo47xopv8cGbRBC1ZfkB3iUUn4KJnCNH924x6q
CoVA1FsAq2Qo3DWpe7uXMHGPAcSYg9vuxEnrdtkgqP3nJgNM2vhb
CoVnocDaT7k4p4jaNBN4Nqr2FV6pdgB39zxNKtZKx444XUYbu2Rb
CoVzaCfJBajZGcE4JKKVVNRJB4fy45U1RaXpmKFiDEWznJRzp1Cs
CoWEqzfQoPWjUPeaNGhFZvpaMwbKA4feHnuR1uaAwGPRPGXeJce3
CoVjyFdSfLL9bKQjXPNfc2mezUcub1bNYoRMNBM68Q7yEM36TUpK
CoWF2HwuaVmt2WGe34a2Jbcyk2B26bZg61bm9rCryV4NMM5tvfJ8
CoVnENqXTPqYAdsTaLuo1AjWrVQuCzaiV2hzhBSc9wocAg2gksQG
CoWTFxTg6rPvqfH3j3g6zUQRMnSaJAjJwhYtepoE3hidj2D3M7R7
CoUtr7fzwzNtBuK9vdTfkRcCCw7yMRfLhFm1RGps8hWmm9JFxTqA
CoVj7AtBm2iTRiZEt47WWspZeH5KQLBNmfB5u2NmMWu1YXmgRgaY
CoVYEvE7beK3f9rdBjR255oDYX8rx9tSepedEYbq5J3nxXZftXBU
CoUyZJ31cUedvT657TsTcw2bHUGKMzxupY7qwPrehZssP6gwXDwD
CoVuQoZ3E4ofYVFqY1JyL4x8LMXjH47TAmZf3WDhCZAxKXR2tmKw
CoWSVXX3KQBeJAuPYBH9AF5FdPXrZkNRXGF547RFz5mCUnJe3MUB
CoUhP3E4JPC4iGv5QrVwynFqixBPz8iQ9YHN29BynRAMdi89DhWj
CoUqHYEBxLdA7BdNRsSuX1tSmLxrpoddRerEwH9bza9hzHkPZX95
CoVqBsTTGmkpj1v3QKtoQW5PMAQRkGFpQwoMPw6cgnveF3W4fumz
