CoWNTpAYpTJXPcjrLmALDJgWt5uFwx5rC881bYEPGY7z61CftuD9
CoVE6iJN7EV6YQh9iz1kmxBqGq4EWaaxzskCjXEhUSTrKEr7niMP
CoV5Rqpxnr7n5Y4URkztF5EmskzyVp8S3LxpzpCnprohnRsmd8Ek
CoW5km6um4YQsnBTdzYHVKkBTR9eh9D7jYF6ADsoUuFh1dZ8fUGx
CoVsaw1cN4S8RE135VdG35W4qSywQhucHu8bG4ynkcxKkUV42NcF
CoUxeVGhiJN1MwZPf6wSYurMZxFMKNjPtsSv8RHS19XLh3BhRESp
CoWAC3yfTgX9KTvPrUjvmRXXwHdM3pz4pkG9ocuZUKFy3G7ZgSbu
CoUwnuXxEVU3D2NQtTV4nzYtHse7fBVAgwBLhfQPLk6FduZxs1PU
CoVUJkXuCqTqwgXDX99WsYC3o6bJy4LrjgvBvy8dKvGMwpQFh1fr
CoUoTcyKYHrWtWJv5ELLAv63KHfy9m7XiCiYx2ym7ot6fAt8K87o
CoWNhP8phhH7eBV5D5AGC2kaoZVcuxdx1azH7KYorMB3x9TREqYh
CoUycVEQh44bPGc4CTXNU6WFMTsteKpyfNpvb7ZVqTy3kE575S6y
CoV1o3XbSXUKuMK2j9dwh88oztrm1cF2BNssNNyoB7VdJfEpDtUw
CoWDTKEEPJQJiReQ4TjBz6RVJy981TSwpuMuCC71mhVk8uLYErYy
CoVxxa9sUJXUhUySefmNspHJg6i7MuSR9UV3MY9XUEMoCQaAmhLM
CoUnruY8Ub37AGWZVWER7VHQoiN44ZqW3NAWDotQdpp5cTSf1z6j
CoUxeLUhK1hxZHJ6Bc8dyaPpZPjjjN3ZNW9iBMoX1ptAtUZQMQYJ
CoUwZc7ruoEbtDRQcz1rFPt7sLfU3erco9ioTXCb6Wdvf3hmC8jK
CoVfgcHKNLLDZBKWoZ96YgoQwFnZ3S7Zfnky5agAii3vMqzTyAjj
CoV1BHCKtuHfQtZbtEguaqN7peELEM6T4GwQLFLbY1YeW9jxVcDR
CoWC4dHwCUuQPRob8H5XxkqVYs9r2kckz189XVB5sUeC9bGQa3nY
CoVUMdTqk5GhLqQKhQiwEDRxE7dtDgCdTcXUrbXVixYSBCxZp3jo
CoVj7Ff9QvMda4xXtwVGFNW4qNMVz4y6xqJGksk6ngF5SuiueYwZ
CoVGjVbrvR6M2JqVAU7b8ora7RPkJjxo2g8u2CNmX2Ui86mBzHjD
CoV19exVZXKq4pndRojYkC2yzNPNWDrUdbZHU8y2vC7Z4A1bfNSz
CoViJFgSBG4Ytwpr6rPP54T8L8vpXW1s8nAzwvSbPGbadpvYfyHG
CoVQv1rbCHKyeR5XuEZ1TZHiPwHmeCQym49AFoqEU3vVBwqzRokn
CoVLpjfiA7sHfba95DX2EAHF19Ew75X1NpQ86zSWwQ2ZaKdKTXoE
CoWQHaPedCwStKhibonGgCQHWLUWHwJSkZxZ2sTcHeDzBpVoShJo
CoVkE2ahUeBsRB14gqcFyCqYtRWW2Y1EbLC75bVV8PXqELKquY59
CoUhWuQC9MHD7bmmKJTCqzqphKEcWCrGdU8yJ8JicVhx3kiJUqaF
CoVzY2ru1TVv568f6FqQLDaSwTT8b9h3BvsiS4AMLrFdGqMJUMgh
CoWEDgAxvUxEpjaEf1uHUqxkbvB7Gz26avWZvC2R92VA4SB8czjW
CoUh3jYNconiAtJMaizR95saNmVLFdw8oq6GshkCpTR5YwE6ykAA
CoVNzyaBRgfN8ciUteSd8kiFoXda513Q9ubfgZ8X2i3wrriojYPk
CoWW4fSa1Bf3QNZHG72DKtg7tW4xmaowAmwMsHTBVgdh7UvNTia3
CoW1kmtknX6b3n6W1jsRfYFktATdTcjvaN4ykJ6z3KrKxFgWPYML
CoWDDEENut2e4qynpta8LuSVuvPi2DoJDTPmAjhaETvxKeJv2Mc9
CoVcuJKYCHE49EMaonq6XYFfaU6reBzBLVaFDgzDUd839v6hviDC
CoUtsdwLBWWJ33gsHdFykS6PJWvquZmHtg71VRxqeDLZAjzTqgMP
CoV554sps1zWK9yS6sycPWZn49HhGqayc4ydi5VRirYrzXukBwiW
CoVZBDNcg4QCBULvyUU7iNpX5ci1jQmoZLcV6F6jcbs3e8jqYpD1
CoUsyWZRUwtYaxxKHt8p2CNHzNPYvTAnucYsJEcqb7oCMozLz8gd
CoVTjE5iHyJUfjuESRzpSfMWvjh9gHSuseEkriXs1rGia3yERRNM
CoV3fQt8wh9yT7647QNdb1Q2z86EPo38ShEY3vvgbrrPGDyuC9pd
CoWGMtyZMcvn41FVRAHjk6xPNnKfVoEryABX46h5DdQnkn6djXYC
CoVYvM7kF6SSmCzbgWzDUdyDhDF7CdzSb19g2pHKaq3BidRgRBuj
CoVuhQ4unSjJBrt3vWUKrwATEYbbo1bCUMD2CEB66PrYA62DAsbe
CoVcgkcznHEg1gxBWAkCcdCSLZjne18YvtHupqTjyJQB1jjbSjzs
CoUyEcjKRgSHmqHaAYNxZbJ7SkYwcxPvwQaHgboXGGN8qFzpaeYc
CoVK7958S2LaFay4PVTWDxC2e1pHX3oGQbChra6oVC2PaPjyo1rH
CoVNBiAo175NrPSuXExhfP5UGdDaignYQeuC5e7pcEGp9YRd6stt
CoVhRxFtaUuqCAFj9gugGp5QjHtbRECwGyFqDbEVapU1qmZg4Xp5
CoWH2M5EVTgtJfYkX17SMfRD3wYt4MMikCmEifXW5Z4ykZHMQB7B
CoViiYynvWi44vEhcipsG3DEYJpopp9G4BKxwFehbzgEgtrfvWNm
CoVC6LSP4kdGm8FK4XnTUUYQEGbi2dBXU8FQVviuKb5ygZkRWjQi
CoV1JcUNqdiUWNs2qrZ1WfdL1RK3Pe8rvdse4woupJQYZXX9mH5s
CoW8s9ez9WSD4hW994Mni1Uh7ESn8bY8aLVTGMe9rnvC6JEaMroX
CoVgKLh9AZu73jhTTr4x8J9WDT1eSMXmCTctVkqzTkgSkjaGK5FQ
CoWC2iQW7XWbv3f5ud7UocjhjkZvvAXph1BjV9PVjNf2vnKLL6h1
CoVxFwoGux496Eb6SmbP4H8pMt2WREFYsb2ELhwMBVkfbpXmEn5k
CoWQXtCLfYu9c1LCKADkPrpMQREfzRYbZLKtfFnSADZD8VgvTPta
CoViCWt6KRU8nZhk9D7KgaRddZERmW3ponp7cSMPq7DkLrZU8Jen
CoVkQPH6pqb54FmJQC9dPAxmjGvURWDvPz1siA2f1wqnoDhMoWSv
CoUgopXetgwCq51jW3zB8frzMvRAZmbtp5yMdar3S4dgaLKegXe4
CoVf7oXyBYCN8jignAADfgRKHo5rscyRdPCQ5xnuKdAfdGGKyd7z
CoVoWjzCaoY1v7FvwSUVr9KaRosJLKg3NwrH1LiNiAvKmBVu5rgm
CoWLSbfyDxeREF1PqK5krhY1HC6mSiURL1fjnisCXX2iZ2Zo8eD7
CoVxcfp6estYSHJD9yeU1u87kyvccBM27g541KNc59viWdtVEzYV
CoUoptAPE7Hv11uUDSZNeghYWLcoaeTyytgPPLWujhohS815n7xJ
CoVnJERutoYUseGnm2Vwnqs62c8ndr2Fyrohm4rfiR1M18EzLvwh
CoVQNtG8QrUYxSEWE5cxjAQ2gX5X6AxMNziskGVYryzrfdCqHpyu
CoUqSVts4xvgp5kfHr19s3UaPWhBwuktCX8nSK3TxmukwKsRemKm
CoV1p9W1sd8GNYH6V9jXFrP2ZpWtQ3tT4n8Xs83jXoWeW6qbrYeT
CoUjq9cdy8RCtv8cETiCo8noWcDVP3N7xFm9iehAukoFBY4Z8zFP
CoVyWhHuokhpN2JATAadvoGMLWqQvMf1iSJ3MxY9MTt1vs7PVcoY
CoWGMzZMgZnAShTYQXFxyMzbQMtW7eisnBeb7sKNaNKJ1Lf2WKk2
CoVDDqRwLnTJ7hNU54J22Xrb9JFRDGgw4CFRkFEDVtnY7NGqAwEZ
CoVA2r1aVtZvutEMk5FtzR7NA5vvY4J8W6FKfwXmdcPaTWvdGqr7
CoVYG99Rqdj2JKFB9Hd2kZLMqCbtDiLHuGjV4dGuiKGkunYuK1LQ
CoWB3ouvaLVgwpM98DUQeNJHcPoEHL7YmC2K4guNFswVaXw6oZMN
CoVzaJ5J84PYsM8AzbfN7RC87uPVFuMZ1uM82W4fdXk48cDqHyCp
CoWAcPPDwPU8HUJvDgF7Sx48K2gTvJEPwpHBvAP5wftosJ1SWcPw
CoV4iqiSKavW6LQV3FLwMxBNvsu5i2WoKZBeaKnfWnFgrPC5b4vF
CoWVZAL9EQQE8Z9CthhBBgDZwAahdfKHeDS3pyu679MdqGPdezMb
CoVr2eMfM3uMDTPxzMmnmS9cAbZQb2dr7fFrCXHjy4iFyvDbCVQG
CoVRsWWdbX64gLhYohLFF2P6CoUW29YgZA1JYvYUHaJAKV7TirMo
CoWVUobWfmvK5cqmnS5xa1q8M757VN4w7drKb3huhMGBdBRT26zh
CoWSsEv5EGowA1LvRk2hpM2wqzBtFFiXEJYnubH5iXvwc1xVvj8V
CoVXzCcnFKCkchtRnC2ofPg7dmmkZ71g5N5vphv99KUveffReBin
CoW1T1ww5YmLd2LPNSiSDbLUoCcpZNC5ohH6CzXWCcNqd8HP5ii4
CoUuh6dg1DX9pZ8DfQDM6f75PQ6JyiwWgqchn3wsognbtAajdWeo
CoWL5v9k5q9NmdD1JDxoBaL5yHTdPnx9LR2raDf1DBAHe4fLGVnJ
CoUyKSPkbEnDZFu7uQbgD1hbRWH1pvSLNVu4AamePW52cB8Swx6P
CoWQZvWx8y6Jx1zASuWJ78cAZy4euErR6gAv8gGYEpoq3YCspKRj
CoVmabJtxrycHTkeSB63Ts3AZRHFjdgnuHAeNztARM2kaJqJrd64
CoVJdzjQxEuESfTpg3DreUMt7NFehfvqXGX1HmRBeD23e1BNBzvL
CoWVRYki6PUzqNVchtK2Rn84uyQ6pB77cXuGShDShDDVi1m3KnXj
CoUjG7xL5iAJjp79Fqv6AZiRFfJyiqCpYJF3U5G6Wtr58sE5ug9q
CoW7BM5ck7QEGgdbEzNQMrXDLMQTpEyXnTbBL6VX55XqaecXXrcd
CoVFCCWtXpiebmjTcS3vBkc7bvQPDfpGYLah6JDkV4aXDrUiCqrV
CoVCGLgir997asU6z6xReTzCuMT2rRZGnhorXyAtsMds3fesvK5u
CoVUvesJdMvR1jCcDUp6TmCy67DeuddqUPVeUmeydzeeiZm5EMUC
CoVsLmJVuxjJeKmjbuEFAph8d5gZJGm71dd2CbqVMnB3wFiK37De
CoV4Mww9F9EziNy6M8AL6hpPZk9dTcFCvtVd7UNStp6YhkJJicbR
CoVPDi4yK94eHuKHYxFXnECeEsiy6J1K5hy8kPiHzhUGMQL2rk9E
CoUftTcDeoWyNqqTKc2sejgCr5LMcheYyUXRoUqLgsczYm9i9T96
CoUu1tNAiiGUoHouf8PnQfSriGo5CKBWnmGS2c3JRwB8oHmpNCKM
CoUybwSCSqchiuHXiAzZGigvgHapeeb4DMr59eqg9jEGXwNXyQNA
CoWEXvY4yT49ATqaHjLfyi59tSm1mMMnsip4Ye4kGd8Dhyb5q12C
CoWZy3rzyXat6Eu6q24WtPEjweMvx4kS1wnXDiJwj9EQJDXJm5hM
CoWQzbehVgrLL9pG8AXRzB5kqzb4ymwVyo17vKJR31eGrj3zPqBo
CoVPbKS7WN6kzQAFq7fAxAMc6MfsvjtiujPRMd2qqJ4CUbE8ZoFQ
CoVFaiHyVEKZmREAd459Jrnh5Wg6irDw9kABt8JqqHHEuTXdfD6m
CoVhUz85MJKkgcd36WLQs9kRYDZmdafrbd6w63AEydQmwQnCfxiu
CoW95AFkDBkEx27AzYtNykXz9XZPSK5ctVSgDZHh6PdmuqAbDu5p
CoVkDxDaVKn6zmYDWivh8jJLHxf76s3cqcG3dB4xCCiqEsuEUyJn
CoVgxjwCYu7SvinrTXcWahVN78vFgdjuzWkteej76FGnwXcKYk4m
CoV8bV86awipRBj6Z59cpvdFKp1SzTav4qYyB7n1NAC7ogYxm6Ua
CoVuWDmwWUd1HEQTJeZFf4ynhh8qHANxrwRWnutCpAHaFwVohyLT
CoUqpEQTini5nHp1cXYf2NZD14veJHZLVZCQHtk2DkhirXzr29Ds
CoVtmgcBxJyqiyrjRsWy7XPYYaaKRvjHL1NeVfgpueJnBcQi2Eed
CoVX45wu6QQfCN2Hgcoa6hMpnFihLnQNEcyZKpQMuD7Vm8RgUCRc
CoW7UrNyAsrzYGhPLaFRumKzDq47XxUeDcrL1yhN78S7dGo8KL2u
CoVKsbqTjay1ouLvGYzSNsnpDtcL1PbaAZmms11d1r7Sby4Rzo8c
CoV7SMXW1z4S3QvP8RNuXvbgkex1M75b5ez4uYJPikrP4VFd4n3P
CoW7deXbnrMTtzwCPd7VEjW25PvpTUAKCdDkWDN2hTeCa4pCJtyT
CoVATEoD3c65Ur4d14UBtpT2qDEARjH2aYpW4P6TeQeFKUTYCfMu
CoW3GifodUuM2uoc6EiQ1aDTCQSu8htXXdZS19uNKB4xQjsUqgca
CoVQ6hK7e5S1VsfaPAXm6CX9zeRwf36uCqaydD2DnLbSUFZnU2vG
CoVZwuTEkmnv1c98Sp17KTdfrtSMyePGdZVSUyMcEgvqKML5jxqq
CoW1Y2mkFCpMhus5A2YY6RwMMtni1r96jPE9f7qARG7DP6P7g2CT
CoUhYtMo1vvfA6g2A6Erhrd9MrBAFmfKSisUYFHreV2UaHLCC6pC
CoW5tTcxHfVzB8itRxdRef7C9tnGeT6xm8nH3djT5T9mMh5Xf6of
CoWXcniit3GmyDaeMjF2NBD9FWAoohde5XDsF6GHLTxxvUL38QNR
CoVTp4iSr7vk3wquaAVHyRbKwZfqQH5kKVhfJ3Qt4CBaqHDM5dQu
CoVLh9jW2uRw4sFWjypFrszxKoneYHtg2dFQi5iwGv5eprSR3VAc
CoWGVW2zSL1QpRW7utDXxYdoWtCzar9z9oQeDyGX5PJozWAqezGB
CoUehh21auwpyBLJBVXSEt1DPz5z5Dnw4tAhb2YzhGzPseKTd3eo
CoVDvvWUiKWDLgVyJzLXBfJchorQqPzWxLkriKtpZqe4XACbsZGr
CoWDMSQpfuoHaHpUd3stM6KhD99Fqazz8Jrse8gqsVFigjX36TAw
CoUx27bDHSU1x2jgxKTU1arWUkyWdGctaNRuUQ7Qd3vXS17Bxh4M
CoVe3EqwW1ZJ1cAwDYRSKYWdbfsgVfY4YB786DneeL4CSuNigDvn
CoVMCt8soFK7FbzN7s19MdXSibTH7KzQJ1EcJrWZfrs4rcRqSsNG
CoVDd97EwjfHgfBXpiDgeMqEjGxEk9EYc5ZgpmYo8xazb9N7makR
CoW4wNyt5eWYhXED1q33VsivKnawdgwYJ2nWdxi1qcdxuSRah4kF
CoVAuoS892YdPUPS7XhNhxuTtkSGfUb8wBjNMbgMJPWtey5GZXat
CoWHomsVLyimTD7ep7q6fqyFFL7U3Bn4ZH5oZvuQzz6vWarBh1Yg
CoVtaiKAL8d2pMLg8XxUAu6wadnFmojd6PZjaUXLmq3iAPPC6tdQ
CoV3VapFA67V5YqBwEUfrADqj7py7z5AmcG5jNCGHhEejvZWF6fo
CoVEkdXS2Kg38W4w6gGGQMHF8NH5JFDJx2RCcK6RkUtDo66zoVAg
CoW7wkctRVHL2JA5MtS8XJySJ6gVaafwuPan1aXcW6HEJX6kjw28
CoUwkMidmS8gNe9Kma7tg7KcWyGLHspwCe3Q44EPWaPLV1B4qkEU
CoVfKYtNzqveowm2tMuXza4DbGcmNXuKsRN8B8TT5yGg9Sh52GW8
CoUjiCKxMLTdKFqQiPpnNsZ1KgkRBqE9aKCjXW97c24exCLdACDA
CoVwgczr6GaNZzVxd9v7QDYGwFDV1QQgF5rJdzfeo7UD3QnrLU3u
