6000000, 563
6000001, 2127
6000002, 2179
6030896, 2206
6030897, 2264
6030898, 2241
6061792, 3632
6061793, 3631
6061794, 3667
6092688, 3730
6092689, 3729
6092690, 3661
6123584, 3401
6123585, 3401
6123586, 3401
6154480, 2430
6154481, 2466
6154482, 2398
6185376, 2674
6185377, 2678
6185378, 2678
6216272, 2786
6216273, 2715
6216274, 2711
6247168, 2463
6247169, 2391
6247170, 2389
6278064, 2015
6278065, 3885
6278066, 2263
6308960, 2263
6308961, 1970
6308962, 2405
6339856, 2495
6339857, 2308
6339858, 2015
6370752, 2015
6370753, 2507
6370754, 2308
6401648, 2308
6401649, 2015
6401650, 2495
6432544, 2405
6432545, 2218
6432546, 1970
6463440, 1970
6463441, 2409
6463442, 2263
6494336, 2308
6494337, 2015
6494338, 2495
6525232, 2495
6525233, 2308
6525234, 2015
6556128, 2015
6556129, 4961
6556130, 2263
6587024, 2263
6587025, 2015
6587026, 2495
6617920, 2495
6617921, 2308
6617922, 2015
6648816, 2015
6648817, 2579
6648818, 2308
6679712, 2263
6679713, 1970
6679714, 2405
6710608, 2405
6710609, 2218
6710610, 1970
6741504, 2015
6741505, 2507
6741506, 2308
6772400, 2308
6772401, 2015
6772402, 2495
6803296, 2495
6803297, 2308
6803298, 2015
6834192, 1970
6834193, 2409
6834194, 2263
6865088, 2263
6865089, 2015
6865090, 2495
6895984, 2495
6895985, 2308
6895986, 2015
6926880, 2015
6926881, 4098
6926882, 2263
6957776, 2263
6957777, 1970
6957778, 2405
6988672, 2495
6988673, 2308
6988674, 2015
7019568, 2015
7019569, 2507
7019570, 2308
7050464, 2308
7050465, 2015
7050466, 2495
7081360, 2405
7081361, 2218
7081362, 1970
7112256, 1970
7112257, 2409
7112258, 2263
7143152, 2308
7143153, 2015
7143154, 2495
7174048, 2495
7174049, 2308
7174050, 2015
7204944, 2015
7204945, 4819
7204946, 2263
7235840, 1884
7235841, 1649
7235842, 1249
7266736, 2370
7266737, 2370
7266738, 2096
7297632, 1459
7297633, 1154
7297634, 2990
7328528, 562
7328529, 562
7328530, 562
7359424, 562
7359425, 562
7359426, 562
7390320, 562
7390321, 562
7390322, 562
7421216, 562
7421217, 562
7421218, 562
7452112, 562
7452113, 562
7452114, 562
7483008, 562
7483009, 562
7483010, 562
7513904, 562
7513905, 562
7513906, 562
7544800, 562
7544801, 562
7544802, 562
7575696, 562
7575697, 562
7575698, 562
7606592, 562
7606593, 562
7606594, 562
7637488, 562
7637489, 562
7637490, 562
7668384, 562
7668385, 562
7668386, 562
7699280, 562
7699281, 562
7699282, 562
7730176, 562
7730177, 562
7730178, 562
7761072, 562
7761073, 562
7761074, 562
7791968, 562
7791969, 562
7791970, 562
7822864, 562
7822865, 562
7822866, 562
7853760, 562
7853761, 562
7853762, 562
7884656, 562
7884657, 562
7884658, 562
7915552, 562
7915553, 562
7915554, 562
7946448, 562
7946449, 562
7946450, 562
7977344, 562
7977345, 562
7977346, 562
8008240, 562
8008241, 562
8008242, 562
8039136, 562
8039137, 562
8039138, 562
8070032, 562
8070033, 562
8070034, 562
8100928, 562
8100929, 562
8100930, 562
8131824, 562
8131825, 562
8131826, 562
8162720, 562
8162721, 562
8162722, 562
8193616, 562
8193617, 562
8193618, 562
8224512, 562
8224513, 562
8224514, 562
8255408, 562
8255409, 562
8255410, 562
8286304, 562
8286305, 562
8286306, 562
8317200, 562
8317201, 562
8317202, 562
8348096, 562
8348097, 562
8348098, 562
8378992, 562
8378993, 562
8378994, 562
8409888, 562
8409889, 562
8409890, 562
8440784, 562
8440785, 562
8440786, 562
8471680, 562
8471681, 562
8471682, 562
8502576, 562
8502577, 562
8502578, 562
8533472, 562
8533473, 562
8533474, 562
8564368, 562
8564369, 562
8564370, 562
8595264, 562
8595265, 562
8595266, 562
8626160, 562
8626161, 562
8626162, 562
8657056, 562
8657057, 562
8657058, 562
8687952, 562
8687953, 562
8687954, 562
8718848, 562
8718849, 562
8718850, 562
8749744, 562
8749745, 562
8749746, 562
8780640, 562
8780641, 562
8780642, 562
8811536, 562
8811537, 562
8811538, 562
8842432, 562
8842433, 562
8842434, 562
8873328, 562
8873329, 562
8873330, 562
8904224, 562
8904225, 562
8904226, 562
8935120, 562
8935121, 562
8935122, 562
8966016, 562
8966017, 562
8966018, 562
8996912, 562
8996913, 562
8996914, 562
9027808, 562
9027809, 562
9027810, 562
9058704, 562
9058705, 562
9058706, 562
9089600, 562
9089601, 562
9089602, 562
9120496, 562
9120497, 562
9120498, 562
9151392, 562
9151393, 562
9151394, 562
9182288, 562
9182289, 562
9182290, 562
9213184, 562
9213185, 562
9213186, 562
9244080, 562
9244081, 562
9244082, 562
9274976, 562
9274977, 562
9274978, 562
9305872, 562
9305873, 562
9305874, 562
9336768, 562
9336769, 562
9336770, 562
9367664, 562
9367665, 562
9367666, 562
9398560, 562
9398561, 562
9398562, 562
9429456, 562
9429457, 562
9429458, 562
9460352, 562
9460353, 562
9460354, 562
9491248, 562
9491249, 562
9491250, 562
9522144, 562
9522145, 562
9522146, 562
9553040, 562
9553041, 562
9553042, 562
9583936, 562
9583937, 562
9583938, 562
9614832, 562
9614833, 562
9614834, 562
9645728, 562
9645729, 562
9645730, 562
9676624, 562
9676625, 562
9676626, 562
9707520, 562
9707521, 562
9707522, 562
9738416, 562
9738417, 562
9738418, 562
9769312, 562
9769313, 562
9769314, 562
9800208, 562
9800209, 562
9800210, 562
9831104, 562
9831105, 562
9831106, 562
9862000, 562
9862001, 562
9862002, 562
9892896, 562
9892897, 562
9892898, 562
9923792, 562
9923793, 562
9923794, 562
9954688, 562
9954689, 562
9954690, 562
9985584, 562
9985585, 562
9985586, 562
10016480, 562
10016481, 562
10016482, 562
10047376, 562
10047377, 562
10047378, 562
10078272, 562
10078273, 562
10078274, 562
10109168, 562
10109169, 562
10109170, 562
10140064, 562
10140065, 562
10140066, 562
10170960, 562
10170961, 562
10170962, 562
10201856, 562
10201857, 562
10201858, 562
10232752, 562
10232753, 562
10232754, 562
10263648, 562
10263649, 562
10263650, 562
10294544, 562
10294545, 562
10294546, 562
10325440, 562
10325441, 562
10325442, 562
10356336, 562
10356337, 562
10356338, 562
10387232, 562
10387233, 562
10387234, 562
10418128, 562
10418129, 562
10418130, 562
10449024, 562
10449025, 562
10449026, 562
10479920, 562
10479921, 562
10479922, 562
10510816, 562
10510817, 562
10510818, 562
10541712, 562
10541713, 562
10541714, 562
10572608, 562
10572609, 562
10572610, 562
10603504, 562
10603505, 562
10603506, 562
10634400, 562
10634401, 562
10634402, 562
10665296, 562
10665297, 562
10665298, 562
10696192, 562
10696193, 562
10696194, 562
10727088, 562
10727089, 562
10727090, 562
10757984, 562
10757985, 562
10757986, 562
10788880, 562
10788881, 562
10788882, 562
10819776, 562
10819777, 562
10819778, 562
10850672, 562
10850673, 562
10850674, 562
10881568, 562
10881569, 562
10881570, 562
10912464, 562
10912465, 562
10912466, 562
10943360, 562
10943361, 562
10943362, 562
10974256, 562
10974257, 562
10974258, 562
11005152, 562
11005153, 562
11005154, 562
11036048, 562
11036049, 562
11036050, 562
11066944, 562
11066945, 562
11066946, 562
11097840, 562
11097841, 562
11097842, 562
11128736, 562
11128737, 562
11128738, 562
11159632, 562
11159633, 562
11159634, 562
11190528, 562
11190529, 562
11190530, 562
11221424, 562
11221425, 562
11221426, 562
11252320, 562
11252321, 562
11252322, 562
11283216, 562
11283217, 562
11283218, 562
11314112, 562
11314113, 562
11314114, 562
11345008, 562
11345009, 562
11345010, 562
11375904, 562
11375905, 562
11375906, 562
11406800, 562
11406801, 562
11406802, 562
11437696, 562
11437697, 562
11437698, 562
11468592, 562
11468593, 562
11468594, 562
11499488, 562
11499489, 562
11499490, 562
11530384, 562
11530385, 562
11530386, 562
11561280, 562
11561281, 562
11561282, 562
11592176, 562
11592177, 562
11592178, 562
11623072, 562
11623073, 562
11623074, 562
11653968, 562
11653969, 562
11653970, 562
11684864, 562
11684865, 562
11684866, 562
11715760, 562
11715761, 562
11715762, 562
11746656, 562
11746657, 562
11746658, 562
11777552, 562
11777553, 562
11777554, 562
11808448, 562
11808449, 562
11808450, 562
11839344, 562
11839345, 562
11839346, 562
11870240, 562
11870241, 562
11870242, 562
11901136, 562
11901137, 562
11901138, 562
11932032, 562
11932033, 562
11932034, 562
11962928, 562
11962929, 562
11962930, 562
11993824, 562
11993825, 562
11993826, 562
12024720, 3414
12024721, 3449
12024722, 3484
12055616, 3736
12055617, 3771
12055618, 3806
12086512, 3841
12086513, 3839
12086514, 3875
12117408, 3704
12117409, 3844
12117410, 3809
12148304, 2492
12148305, 2494
12148306, 2535
12179200, 2467
12179201, 2427
12179202, 2496
12210096, 2673
12210097, 2707
12210098, 2678
12240992, 2535
12240993, 2497
12240994, 2499
12271888, 2495
12271889, 2308
12271890, 2015
12302784, 2015
12302785, 4819
12302786, 2263
12333680, 2263
12333681, 2015
12333682, 2495
12364576, 2495
12364577, 2308
12364578, 2015
12395472, 2015
12395473, 2579
12395474, 2308
12426368, 2263
12426369, 1970
12426370, 2405
12457264, 2405
12457265, 2218
12457266, 1970
12488160, 2015
12488161, 2507
12488162, 2308
12519056, 2308
12519057, 2015
12519058, 2495
12549952, 2495
12549953, 2308
12549954, 2015
12580848, 1970
12580849, 2409
12580850, 2263
12611744, 2263
12611745, 2015
12611746, 2495
12642640, 2495
12642641, 2308
12642642, 2015
12673536, 2015
12673537, 4031
12673538, 2263
12704432, 2263
12704433, 1970
12704434, 2405
12735328, 2495
12735329, 2308
12735330, 2015
12766224, 2015
12766225, 2507
12766226, 2308
12797120, 2308
12797121, 2015
12797122, 2495
12828016, 2405
12828017, 2218
12828018, 1970
12858912, 1970
12858913, 2409
12858914, 2263
12889808, 2308
12889809, 2015
12889810, 2495
12920704, 2495
12920705, 2308
12920706, 2015
12951600, 2015
12951601, 4819
12951602, 2263
12982496, 2263
12982497, 2015
12982498, 2495
13013392, 2495
13013393, 2308
13013394, 2015
13044288, 2015
13044289, 2579
13044290, 2308
13075184, 2263
13075185, 1970
13075186, 2405
13106080, 2405
13106081, 2218
13106082, 1970
13136976, 2015
13136977, 2507
13136978, 2308
13167872, 2308
13167873, 2015
13167874, 2495
13198768, 2495
13198769, 2308
13198770, 2015
13229664, 1154
13229665, 2983
13229666, 1459
13260560, 2217
13260561, 2125
13260562, 2290
13291456, 2238
13291457, 2161
13291458, 2169
13322352, 1249
13322353, 3063
13322354, 1649
13353248, 1666
13353249, 1504
13353250, 1154
13384144, 1649
13384145, 1249
13384146, 3093
13415040, 1249
13415041, 3132
13415042, 1649
13445936, 1649
13445937, 1249
13445938, 1989
13476832, 1249
13476833, 1766
13476834, 1604
13507728, 1204
13507729, 3006
13507730, 1559
13538624, 3403
13538625, 1604
13538626, 1204
13569520, 3165
13569521, 1649
13569522, 1249
13600416, 1249
13600417, 1957
13600418, 1649
13631312, 1249
13631313, 3198
13631314, 1649
13662208, 3128
13662209, 1649
13662210, 1249
13693104, 1526
13693105, 1414
13693106, 1154
13724000, 1199
13724001, 3228
13724002, 1549
13754896, 562
13754897, 562
13754898, 562
13785792, 562
13785793, 562
13785794, 562
13816688, 562
13816689, 562
13816690, 562
13847584, 562
13847585, 562
13847586, 562
13878480, 562
13878481, 562
13878482, 562
13909376, 562
13909377, 562
13909378, 562
13940272, 562
13940273, 562
13940274, 562
13971168, 562
13971169, 562
13971170, 562
14002064, 562
14002065, 562
14002066, 562
14032960, 562
14032961, 562
14032962, 562
14063856, 562
14063857, 562
14063858, 562
14094752, 562
14094753, 562
14094754, 562
14125648, 562
14125649, 562
14125650, 562
14156544, 562
14156545, 562
14156546, 562
14187440, 562
14187441, 562
14187442, 562
14218336, 562
14218337, 562
14218338, 562
14249232, 562
14249233, 562
14249234, 562
14280128, 562
14280129, 562
14280130, 562
14311024, 562
14311025, 562
14311026, 562
14341920, 562
14341921, 562
14341922, 562
14372816, 562
14372817, 562
14372818, 562
14403712, 562
14403713, 562
14403714, 562
14434608, 562
14434609, 562
14434610, 562
14465504, 562
14465505, 562
14465506, 562
14496400, 562
14496401, 562
14496402, 562
14527296, 562
14527297, 562
14527298, 562
14558192, 562
14558193, 562
14558194, 562
14589088, 562
14589089, 562
14589090, 562
14619984, 562
14619985, 562
14619986, 562
14650880, 562
14650881, 562
14650882, 562
14681776, 562
14681777, 562
14681778, 562
14712672, 562
14712673, 562
14712674, 562
14743568, 562
14743569, 562
14743570, 562
14774464, 562
14774465, 562
14774466, 562
14805360, 562
14805361, 562
14805362, 562
14836256, 562
14836257, 562
14836258, 562
14867152, 562
14867153, 562
14867154, 562
14898048, 562
14898049, 562
14898050, 562
14928944, 562
14928945, 562
14928946, 562
14959840, 562
14959841, 562
14959842, 562
14990736, 562
14990737, 562
14990738, 562
15021632, 562
15021633, 562
15021634, 562
15052528, 562
15052529, 562
15052530, 562
15083424, 562
15083425, 562
15083426, 562
15114320, 562
15114321, 562
15114322, 562
15145216, 562
15145217, 562
15145218, 562
15176112, 562
15176113, 562
15176114, 562
15207008, 562
15207009, 562
15207010, 562
15237904, 562
15237905, 562
15237906, 562
15268800, 562
15268801, 562
15268802, 562
15299696, 562
15299697, 562
15299698, 562
15330592, 562
15330593, 562
15330594, 562
15361488, 562
15361489, 562
15361490, 562
15392384, 562
15392385, 562
15392386, 562
15423280, 562
15423281, 562
15423282, 562
15454176, 562
15454177, 562
15454178, 562
15485072, 562
15485073, 562
15485074, 562
15515968, 562
15515969, 562
15515970, 562
15546864, 562
15546865, 562
15546866, 562
15577760, 562
15577761, 562
15577762, 562
15608656, 562
15608657, 562
15608658, 562
15639552, 562
15639553, 562
15639554, 562
15670448, 562
15670449, 562
15670450, 562
15701344, 562
15701345, 562
15701346, 562
15732240, 562
15732241, 562
15732242, 562
15763136, 562
15763137, 562
15763138, 562
15794032, 562
15794033, 562
15794034, 562
15824928, 562
15824929, 562
15824930, 562
15855824, 562
15855825, 562
15855826, 562
15886720, 562
15886721, 562
15886722, 562
15917616, 562
15917617, 562
15917618, 562
15948512, 562
15948513, 562
15948514, 562
15979408, 562
15979409, 562
15979410, 562
16010304, 562
16010305, 562
16010306, 562
16041200, 562
16041201, 562
16041202, 562
16072096, 562
16072097, 562
16072098, 562
16102992, 562
16102993, 562
16102994, 562
16133888, 562
16133889, 562
16133890, 562
16164784, 562
16164785, 562
16164786, 562
16195680, 562
16195681, 562
16195682, 562
16226576, 562
16226577, 562
16226578, 562
16257472, 562
16257473, 562
16257474, 562
16288368, 562
16288369, 562
16288370, 562
16319264, 562
16319265, 562
16319266, 562
16350160, 562
16350161, 562
16350162, 562
16381056, 562
16381057, 562
16381058, 562
16411952, 562
16411953, 562
16411954, 562
16442848, 562
16442849, 562
16442850, 562
16473744, 562
16473745, 562
16473746, 562
16504640, 562
16504641, 562
16504642, 562
16535536, 562
16535537, 562
16535538, 562
16566432, 562
16566433, 562
16566434, 562
16597328, 562
16597329, 562
16597330, 562
16628224, 562
16628225, 562
16628226, 562
16659120, 562
16659121, 562
16659122, 562
16690016, 562
16690017, 562
16690018, 562
16720912, 562
16720913, 562
16720914, 562
16751808, 562
16751809, 562
16751810, 562
16782704, 562
16782705, 562
16782706, 562
16813600, 562
16813601, 562
16813602, 562
16844496, 562
16844497, 562
16844498, 562
16875392, 562
16875393, 562
16875394, 562
16906288, 562
16906289, 562
16906290, 562
16937184, 562
16937185, 562
16937186, 562
16968080, 562
16968081, 562
16968082, 562
16998976, 562
16998977, 562
16998978, 562
17029872, 562
17029873, 562
17029874, 562
17060768, 562
17060769, 562
17060770, 562
17091664, 562
17091665, 562
17091666, 562
17122560, 562
17122561, 562
17122562, 562
17153456, 562
17153457, 562
17153458, 562
17184352, 562
17184353, 562
17184354, 562
17215248, 562
17215249, 562
17215250, 562
17246144, 562
17246145, 562
17246146, 562
17277040, 562
17277041, 562
17277042, 562
17307936, 562
17307937, 562
17307938, 562
17338832, 562
17338833, 562
17338834, 562
17369728, 562
17369729, 562
17369730, 562
17400624, 562
17400625, 562
17400626, 562
17431520, 562
17431521, 562
17431522, 562
17462416, 562
17462417, 562
17462418, 562
17493312, 562
17493313, 562
17493314, 562
17524208, 562
17524209, 562
17524210, 562
17555104, 562
17555105, 562
17555106, 562
17586000, 562
17586001, 562
17586002, 562
17616896, 562
17616897, 562
17616898, 562
17647792, 562
17647793, 562
17647794, 562
17678688, 562
17678689, 562
17678690, 562
17709584, 562
17709585, 562
17709586, 562
17740480, 562
17740481, 562
17740482, 562
17771376, 562
17771377, 562
17771378, 562
17802272, 562
17802273, 562
17802274, 562
17833168, 562
17833169, 562
17833170, 562
17864064, 562
17864065, 562
17864066, 562
17894960, 562
17894961, 562
17894962, 562
17925856, 562
17925857, 562
17925858, 562
17956752, 562
17956753, 562
17956754, 562
17987648, 562
17987649, 562
17987650, 562
18018544, 3805
18018545, 3840
18018546, 3840
18049440, 3983
18049441, 4019
18049442, 3985
18080336, 3738
18080337, 3702
18080338, 3113
18111232, 3698
18111233, 3698
18111234, 3734
18142128, 3510
18142129, 3510
18142130, 3510
18173024, 2681
18173025, 2676
18173026, 2638
18203920, 2432
18203921, 2463
18203922, 2424
18234816, 2610
18234817, 2647
18234818, 2580
18265712, 2308
18265713, 2015
18265714, 2495
18296608, 2495
18296609, 2308
18296610, 2015
18327504, 1970
18327505, 2409
18327506, 2263
18358400, 2263
18358401, 2015
18358402, 2495
18389296, 2495
18389297, 2308
18389298, 2015
18420192, 2015
18420193, 3955
18420194, 2263
18451088, 2263
18451089, 1970
18451090, 2405
18481984, 2495
18481985, 2308
18481986, 2015
18512880, 2015
18512881, 2507
18512882, 2308
18543776, 2308
18543777, 2015
18543778, 2495
18574672, 2405
18574673, 2218
18574674, 1970
18605568, 1970
18605569, 2409
18605570, 2263
18636464, 2308
18636465, 2015
18636466, 2495
18667360, 2495
18667361, 2308
18667362, 2015
18698256, 2015
18698257, 4891
18698258, 2263
18729152, 2263
18729153, 2015
18729154, 2495
18760048, 2495
18760049, 2308
18760050, 2015
18790944, 2015
18790945, 2579
18790946, 2308
18821840, 2263
18821841, 1970
18821842, 2405
18852736, 2405
18852737, 2218
18852738, 1970
18883632, 2015
18883633, 2507
18883634, 2308
18914528, 2308
18914529, 2015
18914530, 2495
18945424, 2495
18945425, 2308
18945426, 2015
18976320, 1970
18976321, 2409
18976322, 2263
19007216, 2263
19007217, 2015
19007218, 2495
19038112, 2495
19038113, 2308
19038114, 2015
19069008, 2015
19069009, 4098
19069010, 2263
19099904, 2263
19099905, 1970
19099906, 2405
19130800, 2495
19130801, 2308
19130802, 2015
19161696, 2015
19161697, 2507
19161698, 2308
19192592, 2308
19192593, 2015
19192594, 2495
19223488, 2405
19223489, 2218
19223490, 1970
19254384, 1199
19254385, 1664
19254386, 1504
19285280, 1509
19285281, 1204
19285282, 3006
19316176, 1199
19316177, 3509
19316178, 1549
19347072, 3105
19347073, 1549
19347074, 1199
19377968, 1154
19377969, 1624
19377970, 1459
19408864, 1249
19408865, 1772
19408866, 1649
19439760, 1204
19439761, 1786
19439762, 1604
19470656, 2753
19470657, 1369
19470658, 1109
19501552, 1549
19501553, 1199
19501554, 2997
19532448, 1834
19532449, 1649
19532450, 1249
19563344, 1154
19563345, 2767
19563346, 1459
19594240, 2906
19594241, 1459
19594242, 1154
19625136, 1666
19625137, 1504
19625138, 1154
19656032, 1631
19656033, 1414
19656034, 1154
19686928, 3059
19686929, 1649
19686930, 1249
19717824, 1854
19717825, 1549
19717826, 1199
19748720, 1199
19748721, 1924
19748722, 1549
19779616, 2071
19779617, 1109
19779618, 2746
19810512, 1674
19810513, 1549
19810514, 1199
19841408, 1504
19841409, 1199
19841410, 2993
19872304, 1199
19872305, 3028
19872306, 1549
19903200, 1199
19903201, 1734
19903202, 1549
19934096, 1459
19934097, 1154
19934098, 2874
19964992, 1549
19964993, 1199
19964994, 2995
19995888, 1568
19995889, 1459
19995890, 1154
20026784, 1549
20026785, 1199
20026786, 1734
20057680, 1414
20057681, 1109
20057682, 2814
20088576, 2959
20088577, 1549
20088578, 1199
20119472, 1109
20119473, 2270
20119474, 1414
20150368, 1369
20150369, 1109
20150370, 1631
20181264, 1199
20181265, 3032
20181266, 1549
20212160, 1674
20212161, 1549
20212162, 1199
20243056, 1549
20243057, 1199
20243058, 1749
20273952, 1549
20273953, 1199
20273954, 2923
20304848, 1199
20304849, 1889
20304850, 1549
20335744, 2270
20335745, 1414
20335746, 1154
20366640, 1622
20366641, 1414
20366642, 1109
20397536, 1274
20397537, 1155
20397538, 1488
20428432, 1199
20428433, 1819
20428434, 1504
20459328, 3015
20459329, 1559
20459330, 1204
20490224, 1504
20490225, 1154
20490226, 2906
20521120, 1821
20521121, 1604
20521122, 1249
20552016, 1154
20552017, 1576
20552018, 1504
20582912, 1628
20582913, 1553
20582914, 1369
20613808, 1504
20613809, 1154
20613810, 2881
20644704, 1649
20644705, 1249
20644706, 3055
20675600, 1199
20675601, 1854
20675602, 1549
20706496, 1199
20706497, 1666
20706498, 1504
20737392, 2008
20737393, 2217
20737394, 2125
20768288, 1154
20768289, 2951
20768290, 1459
20799184, 1549
20799185, 1199
20799186, 1812
20830080, 3072
20830081, 1549
20830082, 1199
20860976, 2868
20860977, 1459
20860978, 1154
20891872, 1649
20891873, 1249
20891874, 3096
20922768, 2071
20922769, 2169
20922770, 2068
20953664, 1549
20953665, 1199
20953666, 2960
20984560, 1154
20984561, 2955
20984562, 1459
21015456, 1644
21015457, 1459
21015458, 1154
21046352, 2905
21046353, 1459
21046354, 1154
21077248, 1643
21077249, 1459
21077250, 1154
21108144, 1884
21108145, 1649
21108146, 1249
21139040, 1817
21139041, 1504
21139042, 1154
21169936, 1249
21169937, 1774
21169938, 1649
21200832, 2998
21200833, 1549
21200834, 1199
21231728, 1154
21231729, 2164
21231730, 2008
21262624, 2098
21262625, 2097
21262626, 2145
21293520, 1919
21293521, 1649
21293522, 1249
21324416, 2096
21324417, 2344
21324418, 2392
21355312, 3019
21355313, 1649
21355314, 1249
21386208, 1109
21386209, 2747
21386210, 1369
21417104, 1559
21417105, 1204
21417106, 1786
21448000, 2964
21448001, 1549
21448002, 1199
21478896, 2270
21478897, 1414
21478898, 1154
21509792, 1549
21509793, 1199
21509794, 2959
21540688, 1666
21540689, 1504
21540690, 1154
21571584, 1459
21571585, 1154
21571586, 2833
21602480, 1154
21602481, 2440
21602482, 1459
21633376, 1199
21633377, 3104
21633378, 1549
21664272, 1644
21664273, 1459
21664274, 1154
21695168, 562
21695169, 562
21695170, 562
21726064, 562
21726065, 562
21726066, 562
21756960, 562
21756961, 562
21756962, 562
21787856, 562
21787857, 562
21787858, 562
21818752, 562
21818753, 562
21818754, 562
21849648, 562
21849649, 562
21849650, 562
21880544, 562
21880545, 562
21880546, 562
21911440, 562
21911441, 562
21911442, 562
21942336, 562
21942337, 562
21942338, 562
21973232, 562
21973233, 562
21973234, 562
22004128, 562
22004129, 562
22004130, 562
22035024, 562
22035025, 562
22035026, 562
22065920, 562
22065921, 562
22065922, 562
22096816, 562
22096817, 562
22096818, 562
22127712, 562
22127713, 562
22127714, 562
22158608, 562
22158609, 562
22158610, 562
22189504, 562
22189505, 562
22189506, 562
22220400, 562
22220401, 562
22220402, 562
22251296, 562
22251297, 562
22251298, 562
22282192, 562
22282193, 562
22282194, 562
22313088, 562
22313089, 562
22313090, 562
22343984, 562
22343985, 562
22343986, 562
22374880, 562
22374881, 562
22374882, 562
22405776, 562
22405777, 562
22405778, 562
22436672, 562
22436673, 562
22436674, 562
22467568, 562
22467569, 562
22467570, 562
22498464, 562
22498465, 562
22498466, 562
22529360, 562
22529361, 562
22529362, 562
22560256, 562
22560257, 562
22560258, 562
22591152, 562
22591153, 562
22591154, 562
22622048, 562
22622049, 562
22622050, 562
22652944, 562
22652945, 562
22652946, 562
22683840, 562
22683841, 562
22683842, 562
22714736, 562
22714737, 562
22714738, 562
22745632, 562
22745633, 562
22745634, 562
22776528, 562
22776529, 562
22776530, 562
22807424, 562
22807425, 562
22807426, 562
22838320, 562
22838321, 562
22838322, 562
22869216, 562
22869217, 562
22869218, 562
22900112, 562
22900113, 562
22900114, 562
22931008, 562
22931009, 562
22931010, 562
22961904, 562
22961905, 562
22961906, 562
22992800, 562
22992801, 562
22992802, 562
23023696, 562
23023697, 562
23023698, 562
23054592, 562
23054593, 562
23054594, 562
23085488, 562
23085489, 562
23085490, 562
23116384, 562
23116385, 562
23116386, 562
23147280, 562
23147281, 562
23147282, 562
23178176, 562
23178177, 562
23178178, 562
23209072, 562
23209073, 562
23209074, 562
23239968, 562
23239969, 562
23239970, 562
23270864, 562
23270865, 562
23270866, 562
23301760, 562
23301761, 562
23301762, 562
23332656, 562
23332657, 562
23332658, 562
23363552, 562
23363553, 562
23363554, 562
23394448, 562
23394449, 562
23394450, 562
23425344, 562
23425345, 562
23425346, 562
23456240, 562
23456241, 562
23456242, 562
23487136, 562
23487137, 562
23487138, 562
23518032, 562
23518033, 562
23518034, 562
23548928, 562
23548929, 562
23548930, 562
23579824, 562
23579825, 562
23579826, 562
23610720, 562
23610721, 562
23610722, 562
23641616, 562
23641617, 562
23641618, 562
23672512, 562
23672513, 562
23672514, 562
23703408, 562
23703409, 562
23703410, 562
23734304, 562
23734305, 562
23734306, 562
23765200, 562
23765201, 562
23765202, 562
23796096, 562
23796097, 562
23796098, 562
23826992, 562
23826993, 562
23826994, 562
23857888, 562
23857889, 562
23857890, 562
23888784, 562
23888785, 562
23888786, 562
23919680, 562
23919681, 562
23919682, 562
23950576, 562
23950577, 562
23950578, 562
23981472, 562
23981473, 562
23981474, 562
24012368, 3634
24012369, 3669
24012370, 3704
24043264, 3521
24043265, 3511
24043266, 3477
24074160, 3848
24074161, 3813
24074162, 3848
24105056, 2393
24105057, 3362
24105058, 3410
24135952, 3585
24135953, 3585
24135954, 3585
24166848, 2570
24166849, 2572
24166850, 2570
24197744, 2535
24197745, 2638
24197746, 2600
24228640, 2650
24228641, 2685
24228642, 2679
24259536, 2015
24259537, 3253
24259538, 2308
24290432, 2308
24290433, 2015
24290434, 2495
24321328, 2405
24321329, 2218
24321330, 1970
24352224, 1970
24352225, 2409
24352226, 2263
24383120, 2308
24383121, 2015
24383122, 2495
24414016, 2495
24414017, 2308
24414018, 2015
24444912, 2015
24444913, 4819
24444914, 2263
24475808, 2263
24475809, 2015
24475810, 2495
24506704, 2495
24506705, 2308
24506706, 2015
24537600, 2015
24537601, 2579
24537602, 2308
24568496, 2263
24568497, 1970
24568498, 2405
24599392, 2405
24599393, 2218
24599394, 1970
24630288, 2015
24630289, 2507
24630290, 2308
24661184, 2308
24661185, 2015
24661186, 2495
24692080, 2495
24692081, 2308
24692082, 2015
24722976, 1970
24722977, 2409
24722978, 2263
24753872, 2263
24753873, 2015
24753874, 2495
24784768, 2495
24784769, 2308
24784770, 2015
24815664, 2015
24815665, 4098
24815666, 2263
24846560, 2263
24846561, 1970
24846562, 2405
24877456, 2495
24877457, 2308
24877458, 2015
24908352, 2015
24908353, 2507
24908354, 2308
24939248, 2308
24939249, 2015
24939250, 2495
24970144, 2405
24970145, 2218
24970146, 1970
25001040, 1970
25001041, 2409
25001042, 2263
25031936, 2308
25031937, 2015
25031938, 2495
25062832, 2495
25062833, 2308
25062834, 2015
25093728, 2015
25093729, 5037
25093730, 2263
25124624, 2263
25124625, 2015
25124626, 2495
25155520, 2495
25155521, 2308
25155522, 2015
25186416, 2015
25186417, 2579
25186418, 2308
25217312, 2263
25217313, 1970
25217314, 2405
25248208, 1723
25248209, 1723
25248210, 1723
25279104, 1199
25279105, 3071
25279106, 1549
25310000, 2079
25310001, 1907
25310002, 1109
25340896, 1504
25340897, 1199
25340898, 2892
25371792, 1459
25371793, 1154
25371794, 1686
25402688, 1882
25402689, 1649
25402690, 1249
25433584, 1649
25433585, 1249
25433586, 1834
25464480, 1109
25464481, 1561
25464482, 1414
25495376, 1249
25495377, 2988
25495378, 1649
25526272, 1199
25526273, 2995
25526274, 1549
25557168, 1249
25557169, 1884
25557170, 1649
25588064, 1199
25588065, 1734
25588066, 1549
25618960, 2881
25618961, 1459
25618962, 1154
25649856, 1459
25649857, 1154
25649858, 1576
25680752, 1549
25680753, 1199
25680754, 2998
25711648, 1549
25711649, 1199
25711650, 3036
25742544, 2834
25742545, 1459
25742546, 1154
25773440, 1199
25773441, 2886
25773442, 1549
25804336, 1249
25804337, 3059
25804338, 1649
25835232, 3001
25835233, 1549
25835234, 1199
25866128, 1549
25866129, 1199
25866130, 1674
25897024, 1549
25897025, 1199
25897026, 1666
25927920, 1199
25927921, 2963
25927922, 1549
25958816, 2964
25958817, 1549
25958818, 1199
25989712, 1764
25989713, 1459
25989714, 1154
26020608, 2826
26020609, 1514
26020610, 1159
26051504, 1819
26051505, 1549
26051506, 1199
26082400, 3006
26082401, 1559
26082402, 1204
26113296, 1549
26113297, 1199
26113298, 1734
26144192, 1199
26144193, 1734
26144194, 1549
26175088, 3032
26175089, 1549
26175090, 1199
26205984, 1549
26205985, 1199
26205986, 3028
26236880, 1199
26236881, 3074
26236882, 1549
26267776, 2186
26267777, 2430
26267778, 2620
26298672, 1109
26298673, 2746
26298674, 1369
26329568, 2925
26329569, 1549
26329570, 1199
26360464, 3228
26360465, 1549
26360466, 1199
26391360, 1154
26391361, 2862
26391362, 1459
26422256, 1459
26422257, 1154
26422258, 1584
26453152, 2079
26453153, 1981
26453154, 1109
26484048, 1204
26484049, 3006
26484050, 1559
26514944, 2906
26514945, 1459
26514946, 1154
26545840, 1414
26545841, 1109
26545842, 1628
26576736, 2744
26576737, 1369
26576738, 1109
26607632, 3056
26607633, 1649
26607634, 1249
26638528, 1504
26638529, 1154
26638530, 2881
26669424, 1459
26669425, 1154
26669426, 1644
26700320, 1666
26700321, 1504
26700322, 1154
26731216, 2843
26731217, 1459
26731218, 1154
26762112, 2821
26762113, 1369
26762114, 1109
26793008, 1549
26793009, 1199
26793010, 3101
26823904, 2926
26823905, 1549
26823906, 1199
26854800, 2335
26854801, 2370
26854802, 2096
26885696, 1882
26885697, 1649
26885698, 1249
26916592, 1459
26916593, 1154
26916594, 2368
26947488, 3059
26947489, 1649
26947490, 1249
26978384, 2000
26978385, 1459
26978386, 1154
27009280, 1109
27009281, 2792
27009282, 1369
27040176, 1459
27040177, 1154
27040178, 1723
27071072, 1154
27071073, 1568
27071074, 1459
27101968, 2000
27101969, 1459
27101970, 1154
27132864, 1549
27132865, 1199
27132866, 2959
27163760, 1249
27163761, 1882
27163762, 1649
27194656, 2281
27194657, 2254
27194658, 2254
27225552, 1649
27225553, 1249
27225554, 1919
27256448, 1800
27256449, 1648
27256450, 1464
27287344, 1414
27287345, 1154
27287346, 2729
27318240, 2886
27318241, 1549
27318242, 1199
27349136, 2008
27349137, 2147
27349138, 2125
27380032, 1774
27380033, 1649
27380034, 1249
27410928, 1504
27410929, 1199
27410930, 2998
27441824, 1154
27441825, 1852
27441826, 1598
27472720, 1414
27472721, 1154
27472722, 2882
27503616, 1682
27503617, 1549
27503618, 1199
27534512, 1649
27534513, 1249
27534514, 1884
27565408, 1568
27565409, 1459
27565410, 1154
27596304, 2302
27596305, 2193
27596306, 2007
27627200, 1199
27627201, 2995
27627202, 1549
27658096, 1459
27658097, 1154
27658098, 1852
27688992, 2097
27688993, 2098
27688994, 2146
27719888, 1628
27719889, 1553
27719890, 1369
27750784, 1199
27750785, 1784
27750786, 1549
27781680, 1459
27781681, 1154
27781682, 1642
27812576, 1504
27812577, 1154
27812578, 2765
27843472, 2958
27843473, 1549
27843474, 1199
27874368, 1154
27874369, 1756
27874370, 1504
27905264, 1199
27905265, 1823
27905266, 1549
27936160, 2344
27936161, 2392
27936162, 2283
27967056, 1649
27967057, 1249
27967058, 1915
27997952, 1199
27997953, 1666
27997954, 1504
28028848, 2991
28028849, 1549
28028850, 1199
28059744, 2007
28059745, 2020
28059746, 2090
28090640, 1737
28090641, 1780
28090642, 1154
28121536, 1559
28121537, 1204
28121538, 1786
28152432, 1725
28152433, 1504
28152434, 1199
28183328, 1369
28183329, 1109
28183330, 1561
28214224, 2438
28214225, 1414
28214226, 1109
28245120, 2749
28245121, 1369
28245122, 1109
28276016, 1622
28276017, 1414
28276018, 1109
28306912, 1109
28306913, 1596
28306914, 1414
28337808, 1549
28337809, 1199
28337810, 1812
28368704, 1459
28368705, 1154
28368706, 2806
28399600, 1504
28399601, 1154
28399602, 2909
28430496, 2230
28430497, 2325
28430498, 2160
28461392, 1649
28461393, 1249
28461394, 3063
28492288, 1878
28492289, 1549
28492290, 1199
28523184, 1154
28523185, 2868
28523186, 1459
28554080, 1154
28554081, 1721
28554082, 1504
28584976, 1734
28584977, 1549
28584978, 1199
28615872, 2079
28615873, 1978
28615874, 1109
28646768, 1459
28646769, 1154
28646770, 1766
28677664, 1249
28677665, 3062
28677666, 1649
28708560, 3030
28708561, 1649
28708562, 1249
28739456, 2746
28739457, 1369
28739458, 1109
28770352, 1364
28770353, 1245
28770354, 1529
28801248, 2097
28801249, 2168
28801250, 2146
28832144, 1649
28832145, 1249
28832146, 3096
28863040, 1154
28863041, 2839
28863042, 1459
28893936, 562
28893937, 562
28893938, 562
28924832, 562
28924833, 562
28924834, 562
28955728, 562
28955729, 562
28955730, 562
28986624, 562
28986625, 562
28986626, 562
29017520, 562
29017521, 562
29017522, 562
29048416, 562
29048417, 562
29048418, 562
29079312, 562
29079313, 562
29079314, 562
29110208, 562
29110209, 562
29110210, 562
29141104, 562
29141105, 562
29141106, 562
29172000, 562
29172001, 562
29172002, 562
29202896, 562
29202897, 562
29202898, 562
29233792, 562
29233793, 562
29233794, 562
29264688, 562
29264689, 562
29264690, 562
29295584, 562
29295585, 562
29295586, 562
29326480, 562
29326481, 562
29326482, 562
29357376, 562
29357377, 562
29357378, 562
29388272, 562
29388273, 562
29388274, 562
29419168, 562
29419169, 562
29419170, 562
29450064, 562
29450065, 562
29450066, 562
29480960, 562
29480961, 562
29480962, 562
29511856, 562
29511857, 562
29511858, 562
29542752, 562
29542753, 562
29542754, 562
29573648, 562
29573649, 562
29573650, 562
29604544, 562
29604545, 562
29604546, 562
29635440, 562
29635441, 562
29635442, 562
29666336, 562
29666337, 562
29666338, 562
29697232, 562
29697233, 562
29697234, 562
29728128, 562
29728129, 562
29728130, 562
29759024, 562
29759025, 562
29759026, 562
29789920, 562
29789921, 562
29789922, 562
29820816, 562
29820817, 562
29820818, 562
29851712, 562
29851713, 562
29851714, 562
29882608, 562
29882609, 562
29882610, 562
29913504, 562
29913505, 562
29913506, 562
29944400, 562
29944401, 562
29944402, 562
29975296, 562
29975297, 562
29975298, 562
30006192, 3846
30006193, 3878
30006194, 3879
30037088, 3591
30037089, 3556
30037090, 3626
30067984, 4203
30067985, 4237
30067986, 3470
30098880, 3808
30098881, 3845
30098882, 3843
30129776, 3510
30129777, 3510
30129778, 3510
30160672, 2566
30160673, 2533
30160674, 2503
30191568, 2711
30191569, 2712
30191570, 2644
30222464, 2463
30222465, 2463
30222466, 2353
30253360, 5446
30253361, 3342
30253362, 3094
30284256, 2015
30284257, 2579
30284258, 2308
30315152, 2263
30315153, 1970
30315154, 2405
30346048, 2405
30346049, 2218
30346050, 1970
30376944, 2015
30376945, 2507
30376946, 2308
30407840, 2308
30407841, 2015
30407842, 2495
30438736, 2495
30438737, 2308
30438738, 2015
30469632, 1970
30469633, 2409
30469634, 2263
30500528, 2263
30500529, 2015
30500530, 2495
30531424, 2495
30531425, 2308
30531426, 2015
30562320, 2015
30562321, 4028
30562322, 2263
30593216, 2263
30593217, 1970
30593218, 2405
30624112, 2495
30624113, 2308
30624114, 2015
30655008, 2015
30655009, 2507
30655010, 2308
30685904, 2308
30685905, 2015
30685906, 2495
30716800, 2405
30716801, 2218
30716802, 1970
30747696, 1970
30747697, 2409
30747698, 2263
30778592, 2308
30778593, 2015
30778594, 2495
30809488, 2495
30809489, 2308
30809490, 2015
30840384, 2015
30840385, 4821
30840386, 2263
30871280, 2263
30871281, 2015
30871282, 2495
30902176, 2495
30902177, 2308
30902178, 2015
30933072, 2015
30933073, 2579
30933074, 2308
30963968, 2263
30963969, 1970
30963970, 2405
30994864, 2405
30994865, 2218
30994866, 1970
31025760, 2015
31025761, 2507
31025762, 2308
31056656, 2308
31056657, 2015
31056658, 2495
31087552, 2495
31087553, 2308
31087554, 2015
31118448, 1970
31118449, 2409
31118450, 2263
31149344, 2263
31149345, 2015
31149346, 2495
31180240, 2495
31180241, 2308
31180242, 2015
31211136, 2015
31211137, 4098
31211138, 2263
31242032, 1064
31242033, 2616
31242034, 1279
31272928, 1459
31272929, 1154
31272930, 3052
31303824, 517
31303825, 517
31303826, 517
31334720, 517
31334721, 517
31334722, 517
31365616, 517
31365617, 517
31365618, 517
31396512, 517
31396513, 517
31396514, 517
31427408, 517
31427409, 517
31427410, 517
31458304, 517
31458305, 517
31458306, 517
31489200, 517
31489201, 517
31489202, 517
31520096, 517
31520097, 517
31520098, 517
31550992, 517
31550993, 517
31550994, 517
31581888, 517
31581889, 517
31581890, 517
31612784, 517
31612785, 517
31612786, 517
31643680, 517
31643681, 517
31643682, 517
31674576, 517
31674577, 517
31674578, 517
31705472, 517
31705473, 517
31705474, 517
31736368, 517
31736369, 517
31736370, 517
31767264, 517
31767265, 517
31767266, 517
31798160, 517
31798161, 517
31798162, 517
31829056, 517
31829057, 517
31829058, 517
31859952, 517
31859953, 517
31859954, 517
31890848, 517
31890849, 517
31890850, 517
31921744, 517
31921745, 517
31921746, 517
31952640, 517
31952641, 517
31952642, 517
31983536, 517
31983537, 517
31983538, 517
32014432, 517
32014433, 517
32014434, 517
32045328, 517
32045329, 517
32045330, 517
32076224, 517
32076225, 517
32076226, 517
32107120, 517
32107121, 517
32107122, 517
32138016, 517
32138017, 517
32138018, 517
32168912, 517
32168913, 517
32168914, 517
32199808, 517
32199809, 517
32199810, 517
32230704, 517
32230705, 517
32230706, 517
32261600, 517
32261601, 517
32261602, 517
32292496, 517
32292497, 517
32292498, 517
32323392, 517
32323393, 517
32323394, 517
32354288, 517
32354289, 517
32354290, 517
32385184, 517
32385185, 517
32385186, 517
32416080, 517
32416081, 517
32416082, 517
32446976, 517
32446977, 517
32446978, 517
32477872, 517
32477873, 517
32477874, 517
32508768, 517
32508769, 517
32508770, 517
32539664, 517
32539665, 517
32539666, 517
32570560, 517
32570561, 517
32570562, 517
32601456, 517
32601457, 517
32601458, 517
32632352, 517
32632353, 517
32632354, 517
32663248, 517
32663249, 517
32663250, 517
32694144, 517
32694145, 517
32694146, 517
32725040, 517
32725041, 517
32725042, 517
32755936, 517
32755937, 517
32755938, 517
32786832, 517
32786833, 517
32786834, 517
32817728, 517
32817729, 517
32817730, 517
32848624, 517
32848625, 517
32848626, 517
32879520, 517
32879521, 517
32879522, 517
32910416, 517
32910417, 517
32910418, 517
32941312, 517
32941313, 517
32941314, 517
32972208, 517
32972209, 517
32972210, 517
33003104, 517
33003105, 517
33003106, 517
33034000, 517
33034001, 517
33034002, 517
33064896, 517
33064897, 517
33064898, 517
33095792, 517
33095793, 517
33095794, 517
33126688, 517
33126689, 517
33126690, 517
33157584, 517
33157585, 517
33157586, 517
33188480, 517
33188481, 517
33188482, 517
33219376, 517
33219377, 517
33219378, 517
33250272, 517
33250273, 517
33250274, 517
33281168, 517
33281169, 517
33281170, 517
33312064, 517
33312065, 517
33312066, 517
33342960, 517
33342961, 517
33342962, 517
33373856, 517
33373857, 517
33373858, 517
33404752, 517
33404753, 517
33404754, 517
33435648, 517
33435649, 517
33435650, 517
33466544, 517
33466545, 517
33466546, 517
33497440, 517
33497441, 517
33497442, 517
33528336, 517
33528337, 517
33528338, 517
33559232, 517
33559233, 517
33559234, 517
33590128, 517
33590129, 517
33590130, 517
33621024, 517
33621025, 517
33621026, 517
33651920, 517
33651921, 517
33651922, 517
33682816, 517
33682817, 517
33682818, 517
33713712, 517
33713713, 517
33713714, 517
33744608, 517
33744609, 517
33744610, 517
33775504, 517
33775505, 517
33775506, 517
33806400, 517
33806401, 517
33806402, 517
33837296, 517
33837297, 517
33837298, 517
33868192, 517
33868193, 517
33868194, 517
33899088, 517
33899089, 517
33899090, 517
33929984, 517
33929985, 517
33929986, 517
33960880, 517
33960881, 517
33960882, 517
33991776, 517
33991777, 517
33991778, 517
34022672, 517
34022673, 517
34022674, 517
34053568, 517
34053569, 517
34053570, 517
34084464, 517
34084465, 517
34084466, 517
34115360, 517
34115361, 517
34115362, 517
34146256, 517
34146257, 517
34146258, 517
34177152, 517
34177153, 517
34177154, 517
34208048, 517
34208049, 517
34208050, 517
34238944, 517
34238945, 517
34238946, 517
34269840, 517
34269841, 517
34269842, 517
34300736, 517
34300737, 517
34300738, 517
34331632, 517
34331633, 517
34331634, 517
34362528, 517
34362529, 517
34362530, 517
34393424, 517
34393425, 517
34393426, 517
34424320, 517
34424321, 517
34424322, 517
34455216, 517
34455217, 517
34455218, 517
34486112, 517
34486113, 517
34486114, 517
34517008, 517
34517009, 517
34517010, 517
34547904, 517
34547905, 517
34547906, 517
34578800, 517
34578801, 517
34578802, 517
34609696, 517
34609697, 517
34609698, 517
34640592, 517
34640593, 517
34640594, 517
34671488, 517
34671489, 517
34671490, 517
34702384, 517
34702385, 517
34702386, 517
34733280, 517
34733281, 517
34733282, 517
34764176, 517
34764177, 517
34764178, 517
34795072, 517
34795073, 517
34795074, 517
34825968, 517
34825969, 517
34825970, 517
34856864, 517
34856865, 517
34856866, 517
34887760, 517
34887761, 517
34887762, 517
34918656, 517
34918657, 517
34918658, 517
34949552, 517
34949553, 517
34949554, 517
34980448, 517
34980449, 517
34980450, 517
35011344, 517
35011345, 517
35011346, 517
35042240, 517
35042241, 517
35042242, 517
35073136, 517
35073137, 517
35073138, 517
35104032, 517
35104033, 517
35104034, 517
35134928, 517
35134929, 517
35134930, 517
35165824, 517
35165825, 517
35165826, 517
35196720, 517
35196721, 517
35196722, 517
35227616, 517
35227617, 517
35227618, 517
35258512, 517
35258513, 517
35258514, 517
35289408, 517
35289409, 517
35289410, 517
35320304, 517
35320305, 517
35320306, 517
35351200, 517
35351201, 517
35351202, 517
35382096, 517
35382097, 517
35382098, 517
35412992, 517
35412993, 517
35412994, 517
35443888, 517
35443889, 517
35443890, 517
35474784, 517
35474785, 517
35474786, 517
35505680, 517
35505681, 517
35505682, 517
35536576, 517
35536577, 517
35536578, 517
35567472, 517
35567473, 517
35567474, 517
35598368, 517
35598369, 517
35598370, 517
35629264, 517
35629265, 517
35629266, 517
35660160, 517
35660161, 517
35660162, 517
35691056, 517
35691057, 517
35691058, 517
35721952, 517
35721953, 517
35721954, 517
35752848, 517
35752849, 517
35752850, 517
35783744, 517
35783745, 517
35783746, 517
35814640, 517
35814641, 517
35814642, 517
35845536, 517
35845537, 517
35845538, 517
35876432, 517
35876433, 517
35876434, 517
35907328, 517
35907329, 517
35907330, 517
35938224, 517
35938225, 517
35938226, 517
35969120, 517
35969121, 517
35969122, 517
36000016, 1566
36000017, 1562
36000018, 1402
36030912, 2196
36030913, 2249
36030914, 2232
36061808, 3430
36061809, 3430
36061810, 3430
36092704, 3647
36092705, 3683
36092706, 3615
36123600, 3356
36123601, 3356
36123602, 3356
36154496, 2461
36154497, 2384
36154498, 2349
36185392, 2667
36185393, 2705
36185394, 2671
36216288, 2670
36216289, 2740
36216290, 2742
36247184, 2245
36247185, 2276
36247186, 2243
36278080, 2450
36278081, 2263
36278082, 1970
36308976, 1970
36308977, 3875
36308978, 2218
36339872, 2218
36339873, 1925
36339874, 2360
36370768, 2450
36370769, 2263
36370770, 1970
36401664, 1970
36401665, 2462
36401666, 2263
36432560, 2263
36432561, 1970
36432562, 2450
36463456, 2360
36463457, 2173
36463458, 1925
36494352, 1925
36494353, 2364
36494354, 2218
36525248, 2263
36525249, 1970
36525250, 2450
36556144, 2450
36556145, 2263
36556146, 1970
36587040, 1970
36587041, 4846
36587042, 2218
36617936, 2218
36617937, 1970
36617938, 2450
36648832, 2450
36648833, 2263
36648834, 1970
36679728, 1970
36679729, 2534
36679730, 2263
36710624, 2218
36710625, 1925
36710626, 2360
36741520, 2360
36741521, 2173
36741522, 1925
36772416, 1970
36772417, 2462
36772418, 2263
36803312, 2263
36803313, 1970
36803314, 2450
36834208, 2450
36834209, 2263
36834210, 1970
36865104, 1925
36865105, 2364
36865106, 2218
36896000, 2218
36896001, 1970
36896002, 2450
36926896, 2450
36926897, 2263
36926898, 1970
36957792, 1970
36957793, 4053
36957794, 2218
36988688, 2218
36988689, 1925
36988690, 2360
37019584, 2450
37019585, 2263
37019586, 1970
37050480, 1970
37050481, 2462
37050482, 2263
37081376, 2263
37081377, 1970
37081378, 2450
37112272, 2360
37112273, 2173
37112274, 1925
37143168, 1925
37143169, 2364
37143170, 2218
37174064, 2263
37174065, 1970
37174066, 2450
37204960, 2450
37204961, 2263
37204962, 1970
37235856, 1514
37235857, 1159
37235858, 1741
37266752, 517
37266753, 517
37266754, 517
37297648, 517
37297649, 517
37297650, 517
37328544, 517
37328545, 517
37328546, 517
37359440, 517
37359441, 517
37359442, 517
37390336, 517
37390337, 517
37390338, 517
37421232, 517
37421233, 517
37421234, 517
37452128, 517
37452129, 517
37452130, 517
37483024, 517
37483025, 517
37483026, 517
37513920, 517
37513921, 517
37513922, 517
37544816, 517
37544817, 517
37544818, 517
37575712, 517
37575713, 517
37575714, 517
37606608, 517
37606609, 517
37606610, 517
37637504, 517
37637505, 517
37637506, 517
37668400, 517
37668401, 517
37668402, 517
37699296, 517
37699297, 517
37699298, 517
37730192, 517
37730193, 517
37730194, 517
37761088, 517
37761089, 517
37761090, 517
37791984, 517
37791985, 517
37791986, 517
37822880, 517
37822881, 517
37822882, 517
37853776, 517
37853777, 517
37853778, 517
37884672, 517
37884673, 517
37884674, 517
37915568, 517
37915569, 517
37915570, 517
37946464, 517
37946465, 517
37946466, 517
37977360, 517
37977361, 517
37977362, 517
38008256, 517
38008257, 517
38008258, 517
38039152, 517
38039153, 517
38039154, 517
38070048, 517
38070049, 517
38070050, 517
38100944, 517
38100945, 517
38100946, 517
38131840, 517
38131841, 517
38131842, 517
38162736, 517
38162737, 517
38162738, 517
38193632, 517
38193633, 517
38193634, 517
38224528, 517
38224529, 517
38224530, 517
38255424, 517
38255425, 517
38255426, 517
38286320, 517
38286321, 517
38286322, 517
38317216, 517
38317217, 517
38317218, 517
38348112, 517
38348113, 517
38348114, 517
38379008, 517
38379009, 517
38379010, 517
38409904, 517
38409905, 517
38409906, 517
38440800, 517
38440801, 517
38440802, 517
38471696, 517
38471697, 517
38471698, 517
38502592, 517
38502593, 517
38502594, 517
38533488, 517
38533489, 517
38533490, 517
38564384, 517
38564385, 517
38564386, 517
38595280, 517
38595281, 517
38595282, 517
38626176, 517
38626177, 517
38626178, 517
38657072, 517
38657073, 517
38657074, 517
38687968, 517
38687969, 517
38687970, 517
38718864, 517
38718865, 517
38718866, 517
38749760, 517
38749761, 517
38749762, 517
38780656, 517
38780657, 517
38780658, 517
38811552, 517
38811553, 517
38811554, 517
38842448, 517
38842449, 517
38842450, 517
38873344, 517
38873345, 517
38873346, 517
38904240, 517
38904241, 517
38904242, 517
38935136, 517
38935137, 517
38935138, 517
38966032, 517
38966033, 517
38966034, 517
38996928, 517
38996929, 517
38996930, 517
39027824, 517
39027825, 517
39027826, 517
39058720, 517
39058721, 517
39058722, 517
39089616, 517
39089617, 517
39089618, 517
39120512, 517
39120513, 517
39120514, 517
39151408, 517
39151409, 517
39151410, 517
39182304, 517
39182305, 517
39182306, 517
39213200, 517
39213201, 517
39213202, 517
39244096, 517
39244097, 517
39244098, 517
39274992, 517
39274993, 517
39274994, 517
39305888, 517
39305889, 517
39305890, 517
39336784, 517
39336785, 517
39336786, 517
39367680, 517
39367681, 517
39367682, 517
39398576, 517
39398577, 517
39398578, 517
39429472, 517
39429473, 517
39429474, 517
39460368, 517
39460369, 517
39460370, 517
39491264, 517
39491265, 517
39491266, 517
39522160, 517
39522161, 517
39522162, 517
39553056, 517
39553057, 517
39553058, 517
39583952, 517
39583953, 517
39583954, 517
39614848, 517
39614849, 517
39614850, 517
39645744, 517
39645745, 517
39645746, 517
39676640, 517
39676641, 517
39676642, 517
39707536, 517
39707537, 517
39707538, 517
39738432, 517
39738433, 517
39738434, 517
39769328, 517
39769329, 517
39769330, 517
39800224, 517
39800225, 517
39800226, 517
39831120, 517
39831121, 517
39831122, 517
39862016, 517
39862017, 517
39862018, 517
39892912, 517
39892913, 517
39892914, 517
39923808, 517
39923809, 517
39923810, 517
39954704, 517
39954705, 517
39954706, 517
39985600, 517
39985601, 517
39985602, 517
40016496, 517
40016497, 517
40016498, 517
40047392, 517
40047393, 517
40047394, 517
40078288, 517
40078289, 517
40078290, 517
40109184, 517
40109185, 517
40109186, 517
40140080, 517
40140081, 517
40140082, 517
40170976, 517
40170977, 517
40170978, 517
40201872, 517
40201873, 517
40201874, 517
40232768, 517
40232769, 517
40232770, 517
40263664, 517
40263665, 517
40263666, 517
40294560, 517
40294561, 517
40294562, 517
40325456, 517
40325457, 517
40325458, 517
40356352, 517
40356353, 517
40356354, 517
40387248, 517
40387249, 517
40387250, 517
40418144, 517
40418145, 517
40418146, 517
40449040, 517
40449041, 517
40449042, 517
40479936, 517
40479937, 517
40479938, 517
40510832, 517
40510833, 517
40510834, 517
40541728, 517
40541729, 517
40541730, 517
40572624, 517
40572625, 517
40572626, 517
40603520, 517
40603521, 517
40603522, 517
40634416, 517
40634417, 517
40634418, 517
40665312, 517
40665313, 517
40665314, 517
40696208, 517
40696209, 517
40696210, 517
40727104, 517
40727105, 517
40727106, 517
40758000, 517
40758001, 517
40758002, 517
40788896, 517
40788897, 517
40788898, 517
40819792, 517
40819793, 517
40819794, 517
40850688, 517
40850689, 517
40850690, 517
40881584, 517
40881585, 517
40881586, 517
40912480, 517
40912481, 517
40912482, 517
40943376, 517
40943377, 517
40943378, 517
40974272, 517
40974273, 517
40974274, 517
41005168, 517
41005169, 517
41005170, 517
41036064, 517
41036065, 517
41036066, 517
41066960, 517
41066961, 517
41066962, 517
41097856, 517
41097857, 517
41097858, 517
41128752, 517
41128753, 517
41128754, 517
41159648, 517
41159649, 517
41159650, 517
41190544, 517
41190545, 517
41190546, 517
41221440, 517
41221441, 517
41221442, 517
41252336, 517
41252337, 517
41252338, 517
41283232, 517
41283233, 517
41283234, 517
41314128, 517
41314129, 517
41314130, 517
41345024, 517
41345025, 517
41345026, 517
41375920, 517
41375921, 517
41375922, 517
41406816, 517
41406817, 517
41406818, 517
41437712, 517
41437713, 517
41437714, 517
41468608, 517
41468609, 517
41468610, 517
41499504, 517
41499505, 517
41499506, 517
41530400, 517
41530401, 517
41530402, 517
41561296, 517
41561297, 517
41561298, 517
41592192, 517
41592193, 517
41592194, 517
41623088, 517
41623089, 517
41623090, 517
41653984, 517
41653985, 517
41653986, 517
41684880, 517
41684881, 517
41684882, 517
41715776, 517
41715777, 517
41715778, 517
41746672, 517
41746673, 517
41746674, 517
41777568, 517
41777569, 517
41777570, 517
41808464, 517
41808465, 517
41808466, 517
41839360, 517
41839361, 517
41839362, 517
41870256, 517
41870257, 517
41870258, 517
41901152, 517
41901153, 517
41901154, 517
41932048, 517
41932049, 517
41932050, 517
41962944, 517
41962945, 517
41962946, 517
41993840, 517
41993841, 517
41993842, 517
