CoUi4xYoLXFzLzQ6vMoxW7JaLt4bNAs5RkHkiBQANfZ5aE2E4RSZ
CoV7yi883cBEaDQ5yzUpBY4LRAMpxgskm1qKUpvaTcFhaoe9zH39
CoVvLuzfNJp8pyFrXMwHxK2UnwxWdZL3eEwV9nm7zqNbHr6gUxkQ
CoWEwttdDSJfqyUyCKzy8HRqfhooZbxmB7fB8SuFEKBS78Cggsk7
CoVpuzahJ4TuWMoFz9PXeg8gCMkj3FunHx7KRrcDYvXJSUBTZCVm
CoVshXqP1ydVUGVu4aRDhDLbfdczP2FHmLgQWiarPjRvYh2r5wiN
CoVPahQSfcLVNa2UhYY8hZ8vq9Psac8fZ7gK4EWnMB1F7L5DJoaW
CoVtSwjwgonTmSBqqKgL1kf4hbqVcpzUh1Y6Yvu6nkAL84mBRbGj
CoWYbSWnUcCaSESLKzMdofhDxN33j39fQe4ctSkAszUyXzg2WiLr
CoVmYknvLXKhwVyvsRN2vNLv1gDaYcZCmzgjQQjaGCZ8dGJEfbWv
CoW6kJwAAyfJNRegiHg62s1PZq5SLu3mUCpGVrSCf9Xxs2jpv4b7
CoUoZfkG6BKKsDfdKgb6ukfHiSr9TSfvUbJsHsLm5WZdscSKGEoF
CoWatYdCz7JddFcMnPPguwD74NU6XCckSKtXPkzzFQgEU3xLbszw
CoVBHxBNEHVFyfrEeDUucjCkLo71Y6WLY6G3ExDbnW4Udc7aHtF6
CoVjvy3qbSNZG1AWT6NKC1EXzreqgHf2sCn435sfYS84GfXBEWxT
CoVjrfs1XUZ97A1ZMPMoNsXjBS7neG9XpFxdt2V2q4Qy5gd8siu5
CoWT3x3P2Rd9Xpsa3iZfVBVNnbb6iwsZuVNEytq8YycCDsgjMhG1
CoW1tkdvdXA2gwGyzpAKAudiGWYoMpb9Z4VsSWK23FvmRNAUxEqo
CoWKBZvkJrsDD3HjYCs7xVcuojGwwEZTGcuDa53NmcggYErvZwDS
CoVx4ziUqBkMe5jFXFoFcnGbvU2oQxotYkSz1zEWBGSMh7AcQxvz
CoWVbgQFGziu68WJVDK7jhp6J13jTgdLdppS597DuQWFPa6UtcDi
CoVxjFotxv23CSsm1cYRgXs2d6v72SAGb29LJvNeAGBTmcVWRFnG
CoVx4aL4aYgrPPeVYNe1eVx3yJEJbDG65s6nySpnryodhJCxt5LS
CoVbgA6DKvf6TTHTbVPeHFrs8yRZ7GY1vZSpTQahF48b92KXTTNv
CoW85bXv59HbjsZB6E75tWXqjkQzbXXkWTn5xzvvFZKkGTG9jHDk
CoVLTufFxFLQZznaWJ5fXKtvPskipGXZ5NaUUtLbH4LggWwkGM2m
CoW2FmuyVu8uY75JmLFkh8qQG4wv5FosVy4dcj7Pg3uD6hTtoGAa
CoVSBUDk4b7SPezofkee6a5o9tWKJMMajJeqp22CWwffkFbpuJ4a
CoWR8uCVtx4zn1khiUesj66buvJaKnB8V557cjU9nBVcwReAW9MJ
CoV5tXmVwMxGqrFtzSp8z7zwk9DaGZFB1ZzykY5WtM8r1T9mFaRR
CoVGPDNWKqY1NRjQTiQZZ45HHhKDopQVQH4ZHLsCkdqorzXvgsFD
CoVTAjcxqiH29HtgWwW274wuacE82aRgLFaoqwQod7mhxhwDcP5J
CoWUghRWDJEX9SNLfQh9KYfYtyB36TCVe2no3AYe31zgumSw4Mi3
CoUmTPKDEiYo7ztWhSufFGcZXtFHf2HhJ5T3KzvDoF9vDFSktXpJ
CoWCrWM9tdPiN3dL2XZnRe2UsfhEFMoqb4yJdQKPUpr691aLGrYk
CoVXuaHxjv1Ed5nTDXs4ZLGjPobVWmrspcQhbNk4W4E3E2jPegMV
CoV6Rii9xtvGC14japPGAJiw6xP4xjtmbN8FDZ4JaY69meXHp7hs
CoWJeD7AWLCLWd7zZJ8wPaV4G7yZjfqT5GjsVEdY4TCAKC8i1ru7
CoWTfgRFZs7HdQGxRWsBiT38rHE8Rn3KDwrvv7tS1f1mhTveganJ
CoW4ta7WrTEiBpZpK7ydsBEmZFAsZQ3uJBw79YtzccJkmrh9m9xF
CoVjUNEKoAkaXEapihqWP6wfKgHoSxxf5ZDU4Yq9sLcBtRFSTxAD
CoUnDHGkKCdBoaq1B8qdaqnFRUWxUKtXpATLrjf7B1zJ7vW6vH4m
CoUoFc3WXURABMKFprszHn3kQs65HcofnogXq4PryYcfMya9ahBV
CoVwWtXBEPnVQito24u6GwJQ7PfhHewwVnzNmT73CZjuej8aeHew
CoVE39Gb12hcjMBnpeG93UQvsfFvEshMs3W7QQ1dLyeF6hmESmAt
CoV7mKyQkjrsFAbHf9buaFKCpDLSHgLWguGCF4ywZ6dHoCLBkXYS
CoViJbz1RCkV72ba8FGPSkiFEDrBzK5AmNvAgN71mfqAFhbvPdua
CoVwh46588MjxH6en4NgjdrWsiAhAhyRgJeyhkLrUphnqWjo5hNV
CoWUihC4Uqi8yFdVY5zDWR5UwkSV7jBjeywg4roKjHAPg8HBz7WC
CoWJspJLY9mZveTHoTjmeKHyRgAYDrbcJna11XVkfC8fAhuJw9uN
CoVHCZ2txRAg9147frz87odDasX41L9hZ9ds2YszDLyVfPV46bsZ
CoV9gvfqP1NWaKzY3qm4MFCy5dQj3BTT2J7gCN4e1AsZSbEFn5Hz
CoUvirvoBBG85arV3mu5TQxGki3LkWjWzoGpfcsce1WUq4apKkEj
CoVRw5k56avHPRcnozvnvCaTjUqZvXeStg8h76FUR18xrP6d3Bhz
CoWKA2dxaE6XL7a2vWnKuNEwMDT4uqaBJzqspdh6p7p1T5Yc8w7S
CoUsscHzew7WJHnW3Sbq8ArhXt1zibQ2fhTsQKG9efAFHZtHxeaM
CoUvXCHLi8jooYbAKFTdNjfVgFTTC6cFcS7FKsmA8nHjbQqmNDDC
CoVXCWZXKVPo6UcrgruU8EUF9mvz1MMHkxyHwWoRPAbuQ2ABFmrd
CoVsHw8XCL2W26QbgNN1bbEv6XQjWrDihcZPGVEFW9yLkY8Q5ZDp
CoVgA6m5PfatiQtnQa99J833hfzfAHvuxKZrVuP9CEE7kyeytVzw
CoVGURy7SN1cyt5YRpjZDkYoLWPfksojLquW7oWrhNmgXmV21mYt
CoVNyCCfNVfwGwdnseum3z9eiBRsB9axFDsvZGcX4VSh9McU1bFP
CoWaqH2xjwseuJ5hr1agLWjiYvHbPVArT6u8bjSEdif1qq2A1tEC
CoVsJePmrMiaqRa3inSued2sgcCkW3opkePFkhsh1tR5eq6mHVbp
CoWCXzYKX8r8uVpsEsmWUdXS9pUChqFzN3ayetvSqG63Ai4RY54A
CoV9ztd6LpYD8oJih3sH6pgHVYtkDyCj1fygEFtJzQgcFrhTRwxx
CoUt75b4hFXapn7mJjMZt4xLncca6b7hhm513GHjhrE6vjPzTfBQ
CoVyt27hXM14SQigk6YHNgE1yGQavkS5EKkK7zYdJhBTcJsdcvJC
CoVm5D6c2r4okTDPcqdtZKbBR8KL44Gzhyq2AjorHftAAsKFitni
CoV85hQFUYpkJUcMJabU9hrsABeUvmhmoYbStR62zToL1F4JhBTf
CoVGJFR9u5CcekUUdq3U7YnNeH9cvU3g2iXTZ4bJyzWpcPTuCNYh
CoVHpkH4rqmQKV9hHJH74bSGD2xxgh2Wega6qJUg3nGY7kJnAK7U
CoUkyhfu6WjX22BqoyBiRYVN8rtHqRXtrchcLNbi9SnPsm7mX3Nn
CoVyRJbRjRgFZ9i1cbQwxhouc8JYKZzGvAhEaTUgit2tyvyPn4Ae
CoV8gaHgzz6Q85PKCHFf333UBDRKEMk7uy59grEgoQCprwjiVcJ7
CoW5ZBDXbgSL7EYVL8cHM5Y4gVVrnq24tzNdwZzymAK8E4iMLumB
CoVMUxwvimpLAfSsXhBVWFEoTd9uCJbLxEf31hwNxYQwFXag8WJK
CoVT1iUGnzaRGz2hcQXSvvAmH6TMXUid4HRX9YMVUMZ72kHZrwvK
CoVqt8rWD4CC91eEuu1nm4g7WDpTfCPDuzefwSQVSUyjgrq9fq4P
CoW6BiiMVBA9RgXhgAb1hu3tBC3zb8DfDKs577dnhZ7mpcnkTbMD
CoUwgUzmzkNH1exPkC4o3aqPk5G6VxL7U7vsi4J1k864TRqknfi5
CoVjg5psAizVosfXLJuScwrfzDcguDrQBo8xknBJAo1EvAt9aAyq
CoVdTcvt6waHaQmb5o25XENxnjKdH3TwsATTzu8r842pe4FqGMw3
CoWHxVJahDT7BxLamRz1vVDMn19T8HPoMfhchusT84nYz8WXyBhp
CoW3fkTZywrmjm6JLwy4fxuxd93w3jXA3YV3sj3GU7NWcwRnDpsY
CoWJ926aSnsBG1AbQ4vyDSXAwd5iZrS9rLEnvZRZnxCZLkttPuQU
CoVkK4o7UhXTed7mkFzkTPgERdi3Pn8XbUJmtGzARUxx4bpD1xuW
CoVgHd6rzqQyXMBpfwtqj9nwqpro1Rzt7mj3jsL4XVogCk3oJUNh
CoVTLgbUJJW6MCJkj3Pq7isBPkCM2FXdwtvN6WwEMyGLwkHjvoGH
CoV7vdJ1tqwQZN4rnGHyxTv6JberLk4XrYyrg2cWkbsk5cQpjyRw
CoWY6aZb64gYvCZFbgf6js7ucm7NtDSi3xK2zxKQsqjzzJvjcZA1
CoVpHJqud2pdbrKDKx2qRJFgSKRAjQUDosSNLZ9bycQyoTXVCXUP
CoWVzjzNhbFrDL8HWoAkkfDGB2F89db2wtiroaosNZm1HAMoNXtE
CoUfMUYTTY9JJ744gk2cGVGZLxk6HCVoCvtthm8PoMS8xPsE1Yry
CoVtbWyPGBhDMh2hejC83Tx8J274hRbywiFg6NrJB47KEHrqw9eL
CoV36dsLrjTPZTspTCxys4qcXXLNLHHChmmZLbto1PC3if1eec4c
CoVGVZ8FT2dkmagiQp2pBqg6KrbsLWeTJvRMQGGKd3mWkMnooqyZ
CoVsTemegbnR7rqAWx7zKhXYEGC7vrdng8TvrjQ1ihtP5SCyipwV
CoV6hHGVb6dKUbQpPTVJaQmEeHtJMab5j9wmMefgUuzk8BZjng1Z
CoWDbykUmNVEsc8jCxjw9pu7588k8UM7Fx1dLiRMMVLL7TS8d3GZ
CoW6XdSDRJfDvMCcdfX5HsfxATX8KDS5t8yDiaSJkvCPXtT45kfS
CoUrYaLooDZLFuvQ9VV6UouP5VzNByn4v2t8HAwEHgu4tb9kzdbZ
CoViBtUq4RNgvpH2PxhbfopLWEdYNeiM4K4dCXy4qW2rHZpY4V18
CoUtDBCjF4rMYNQNag4S9wdePeUNtHSRrtvMWkfNxufqkia3DZHr
CoVLJ7vsPCYbKgEBF8x7XPGR3kTeAEADX5yGxPwZJCN7vJzfa4ZS
CoVzkKRX1xhzVwSKfyzWAo8QTEaiV4YFTFNaUjBJKpPriVik6anW
CoVhwUyXekXoHmhV6TKo1ZSKFXnx3h3A4GYqWB98X2ar3iby7Zv2
CoVbFRajQzjCz5XWf9nTju71viZ4jup5VVqHwSrzMNELLEgTDbit
CoVmtXZqy5NNDKHkuz4yDFjL7oBsFKMWhJeWqfUZp91rxSBdfUZ1
CoVS6GF1QW6Na8rqXsBT675gca1o4Nxir3mfk3Lfem2zPQr4RFeX
CoUxyd4Mogn3adERx45mv2ArDrRq5T9vgiBTGo52baLq295h8RPq
CoVhGpR7wbkRFXWfE3MrK5ZrAzHateMHpYWo3s3TTb6qb9EgYs9a
CoVJVTNxUYQGVkjjPvB4QDAKosMCWh5j1AjmTPWTfy6FSRkWMqui
CoWTSJRSPLCcRumG9ZD9osPqN8SM7rvxUSSSjAKXayZ5scYeFGGx
CoUgnjqhX8AwXYG2ksXL4wn31cdmKSWB2UPLFFn4YNQQbznpwa8L
CoVyWst9h3MR6XXFX5CxqLb2swxaAW4LKLtLEWbGM7Rf7hAgtHJZ
CoWKTqcNeTMX3FRr2HtacSc1PuaUQ7AYJCsjqxt8HRSyujXu9SfR
CoVQQ6g5X1a2Z1NUR9sW3Ymz4aNHS7L9iS4tdPjviEMP65PQExJC
CoV4uxQgh2WgfxaK8WtRnShjuKQwaAfdxiAjCK22YG4wdBNZgpPY
CoVfdQYDoseU37U1Pq2AhVBHYrfArai5wrGMTkPTrLgQh8EcjauU
CoUqN487sk9N8BxTaHtLzLZr5CiL89NATed429pxwSDXFuzWMyfq
CoVNKhTBwMJ9wgFdUEKU3i8V5z3uZDDBdzai2ugfN7sfc462hP3k
CoUxKxaKBxLWyhv3tNEpjj1UYyr3wGYAHChVQAEm7HCnGvV2d7tG
CoVSvLCKKcWD19tpgbyhcQ8FvVyvp1zPwBHM99c9wJLssH4DnBxt
CoUytJUQQXHN4G3YHFygYAwQTpbWuNkmk6s85apDtChKXPUW6r91
CoV98YBokuwHr8t9KaxafPB3ENDG3srjZEi3y5dN2t1VDCyjXZNF
CoVw8Z9zYYd4oQJPTWMoFBjAN66szgBqXQZkg8ZdATQkJdXtCWfk
CoVodk8Qnfn5ivttCZnCGbeCp8yEXa9Bd4U36AWLeDjHGdJqL6NJ
CoVAhhJKgwvYdtgQ3tbpG2JsSHRXTrCS7yEH6RwyrfNVsm2fByw5
CoVwGCQUjFr2HsLNq5h3GDKZyp2ZRdNzTZjF7Cc3qLCHypJv6EGQ
CoVURAD3F8e96XuBXTRGyUwPLwQdmF9ng2S9pWi9NuRJuRLwwb8W
CoVAcxfccAyS1tgFnDZaqitoM1ZBWd49HNzEyfzvTYKvSh3Uivct
CoW5YGVrnSdEua9Js4gQwaD8S9MVKFPJTyFTFsaQBe3uAQUnnvKV
CoWG193bKjBJSEZyukpJZt5h8W8juxpGG14HL7rpsLCb2B29HSZL
CoVbpHTkgses9LrEmSR6Re4Brop65CUwbyQeS78qDBdV2g9XShgR
CoV8XnUcMMAd87Q4mmYYeMNcV5SiBv3VovR7WRgFuLytGpa9qfDB
CoVmTwBdEfh1KzasvFHGcrrcQr8Dpwm7EaEwBqu3vnF85EYKJ83F
CoWGpkFu4QUrUECj5tLF7jZFRQfdfRqptZq87fwd5QEnAD3d6Cbm
CoUts4zSYinWBbUhue7qi9kqDXUdw6kv6amaCbKA2cUvwq8uvU21
CoV6DSZvWbBJriyyrVL9UVhzNFCSL83mHh7rAnjrSapnPUofFrUh
CoUfsenG5gAYnVE6NB8NMcBepBzCkqp5BaN5uXFuHBAHERhpqRnj
CoUmDrrc84ZDeYAWqMP8KtwaNCKJHofbbQzxMDZhcxhCNhA3eQ85
CoUpSsZUrtNe4MXRXnBF1NrKJPrjftGf57B3ukLXDdwaTU1zFZ6b
CoWSUhmJ4kAWHVwreAfRKpqxvWZyW5s6kNjJv4LKDCh2t6PH7Buf
CoVqGRCDsSvuKNkiR8daVjPMzxoT8R6wTjENWYf9mpsvjqpEHsUd
CoWNjAGsyX8zPewLJeizsWvyVJYtY2gUDqxuMYKREhdfoiWigqvw
CoWRvFePX5g62LrQ1taYjipuZcNn7rLWU9o3wciaxuwb9YtKPoQZ
CoUgpmfXmD4xpVcuXACYFFQ8LaybXE2aKUN4rUKgWttqWKsLPYUi
CoV3RgCyBFuqsbZPM64MBC6HVXZ86tPDgygzUHNz164Tuuotwqhn
