CoW9cfrKPU5HQAgs88SfstWyuBCNMXGNkk3ABfPHWa5mDXQ93Vx3
CoVjLFiLNK969n7dNv8kP8wsHgdJyB147XWsdGPcWLsqJKtAEf1o
CoVyD3576G4wa49grKpXmr9piw3cpgg726n9vwWjavMg8EhEVwzS
CoVGXbc16iyfffcY3cRWYcBL5yQYPKvJzG2APyXE43ifSSPY1zPF
CoWWxZPDZzpFmPY8q8VAXC2mfhdesQUn3p1JtKTuVHsYH5G4SJoh
CoWNo3jwePxc8rAsLrpTCgh3EGAaBBVRx1AvV85ZHy9WSRCGrsCz
CoV7QnnjPeB3QfLFSBwyJsKFgimdXHQiCY2AHyHDqTdoE2Yf3p11
CoVnzSCaVdww2VTRmQDacs9QLe999v85hzDtp64KsAYUF4D6atyp
CoWXECRqXEwQcXq3khrxFkuV2RX6Gfx1ipS1b2cWRKXnFy4dwaLU
CoUo6JiaYc1vmLzQo49C2fTMSJiThfa9naHZEbSzCe5RsRGgG2z9
CoVt35xHGSTxgWsjjL5TYcM1gNd6qMVU35tZcdw69XECoqHUMLJd
CoVekCatrsjqLo3CsFTH6XHqLvKcpMeN7f5gVNa9rTgDmjcN56ai
CoUfbABVAAcfzH7JLjDkhzyox97NCFicHRHKxLc7mLXeRbnry8E4
CoVoL5ThHhxBVNN3LWUZkz1mHpDCYiQ3GpRjmc2duyuo5eYDecAp
CoVRDuTZ8R7jjiFf8iKMCKCwWFyoMCvckykgNEjpY6Cu742kLPcK
CoW7BJpbZhZDky8P3wm2rcVSVjVaxBqdXVHJ8F19peqBk6mzsyz1
CoVU4hcLsB5vjCkuQ7d7vcPuyfFxFDTGACvffkVSuJybPQWHo9vc
CoVyo2TJu6LnGL4xebFgnBVEZi8P2WVSk3n1kqetgxCDSijcUpdy
CoWFTSbZoHPHbwq7dHTo6JCm8VWp3q2wTTT6bmNkEQ5ACU2uLkwy
CoWBHm8RY9UkaBUiNWf6euewmdr6zQV2do4kJK7YdWD5RxtnSBYB
CoW5NacbWsoBLo9TsvSiW7ZpnWhzygGQxhMasyms7RaugorXk86P
CoV8afwdSR5dqBvydNcQ3mcCDaVsSVpEYirTReERx6pi6MWDUbk7
CoVrdgEQABqiMg2Cic33wSqenviGMDYDwGnR8xrvJT95rwPtPQoc
CoW7vs1tdG12cZsNV73QpDjb6GupTJHuCxF7gJS8KoErFsQX2NbQ
CoV5zdSakPyHsKo4aGW9hc3KPsULDedxLahnDP9C4hHtLVvw177d
CoVhmbt2qaK5NadLD9UCBaMcXtoYqW7nxoAsEh3Bz1Qe5koRRx4G
CoVBq8xspkTi9zRMhu2pQPjWmNs88s9CzJMgW1x8m38vMj8XBjYv
CoV8LnfzkY6snTNTBQmTVTfeKbX5rysN2SiFnpcmoLtv1vW6TE6f
CoUyJvVhEA132Xi4dgzJBtQm268yojCPWQTyXzJStCZPKKRgWABB
CoUtkUGLB4SLKKzM1PiH2LdReHMt8bod65vhBCLiXHPapwCqVCRF
CoUtHvi5rsTig6sJxsXLtbLsoYSN9PndV8syZzdENY8eW3koTcUf
CoVsvPD1krNVzXKKVZacLDoipmVJJcTq8G3HJdJ1pRKLX1JzBiTe
CoVQYAsvFoGWYrQdg2nsXXap61gWq9vqx8nf9zU8h6oHFvezsov4
CoWZpWajcwepHhoaPHfTH7CA1DSP9dyK69FDLkvbr3kbJ7KE3wPH
CoVJ59cfqhuXiLTKUaTNUMngyAKRssYhn51bXKs1LjqbySEPdt5U
CoWQUeMzckgQc2cdgTguysTVXJECMUwPtwugwnDek3A67CcAfHBt
CoWZXEb1HeTVcTeJ1vxwaYXjoh6bduag5o31Y1kBbvq4EmcJ5rJU
CoWRsiFDK8ipJgeAhMo3CmuehNbko77T88DvqPX8ZUhudgri91f5
CoVu5ovy84nwuazYdCRHnQzvG5JoU5bn7xz35ciPQ4SbraQzKejM
CoVGXpkgf5X2xBs4Bm2Kny27TkxA4ZEgFzq9k41VpJ7K6Fhmwwb6
CoUsQZDnTJxvuJh7vYcMHamCSUhwm9GD67mZmTzkWBSVQfkmwrB3
CoWEkt3q9bvQKPBvhWMXeVQjfBaNM3pwLJB5LHj5ku4XmnJ6Pmst
CoWHG3TnR9KJGta4VtHG5npXxUF6X2WpVer7ymHda2tBuU1Ph9Dp
CoWQNtf2K4PpV8E6m6o3mu6ZUmyHrSyXg3Y9vzKdECFzaNehMWm3
CoWD3ohANH7bqTGyQKNr3HSyzGuE8hpSuMaT4Efx3YZfBDFSR3uV
CoVKz4m4WFMoQDgSipDb4ww1KhhqrB9FmR81eF3KRweT4w3Dmp43
CoVohDk7jruiPb268oESDFgmoHAtdftUm1di868xDDvDaKrVpM4a
CoVaNPedPmDzpxPYKPjXtN8BSaxvZ9QU33buYAoUTiiQhESb6k9S
CoVFLnKD2AHPvmLHDz5eSGau7krbhun2UpBdaJzgTNwYUtevN9Aw
CoW8dZeFdcWZu9FgwPousk4EnSBMedJ98RqFQWWH5CYJBscspeD4
CoVY2k8rrrGK1GTYqd9LUoRVSizcSGDPMPkgw9Jmg7cBBp3AeMny
CoVAA6Zv1GWPQ9i7zAFKYwF9xxdRVFbYB63w3tJuMxrX3mXuDrur
CoWV7QgoZsZWa6AWUWsB4gMUNdzzjwqN4dcZ49utHb3VsAUktKPi
CoV9NC6M96n9JPTwwyLkZC75xrPqtNuN6eisHeQLKH14F6QLJrX4
CoVkZHCvM8UHH8QCjcaQVPd44CKby5FaUJ2JXJe2M8zraTVn2mK5
CoVVtWZJQ8xS5w5JJ6JWzP3Zf1N4iTrqV1ieyCDPGEfUaDuvXH7u
CoWBUo1yuX55KhneBLXvXuz35DimWRNDjvbz86rCJ1CoYE1fNNc9
CoUr8ypXujLW3akcH27JsN9zXGEuuJDHxzaBdv9W9xz8mrWPvhpX
CoWGRwdnh1bQYnBe1yMFjNocjoXNMikBqD1UrZS7CBnHxTGBw6dz
CoVMP3qjM6nbv6yG9RqwVneaLMHRg9dAw9XHimkm3i5BKfR7XYJf
CoVj67GXbsvWdAw3ZGnSo4kM3pquTYZRjftWj98adJHjfrdWayax
CoVUtHHSZEXX6HSUsS4M2wDBm1NPzCqhab6bMBHrVxHsbBr7Ypep
CoVqFVQgMyoPf4FrL5hjssZfriLXkD8ug23Yza1sCXRsbydK4AqJ
CoWauBR6pnKHxfrn7zEqmzMTtoyBPrB9esbxH4huAygAv2SwKAUd
CoW2k1bhwjQNdaYGTFCdYvazLAwi2KY4Z51QwA7CfJzzi3U5nzuZ
CoVPA4CZX12HUvsCkk7c76V8vCiouEeSbJ1wRVGXWfYMn5pVYEsm
CoVT5dnsmdKEyRgaEqWCuukXkYY8BpgssM7YVp2Q9EacU1rVxc5q
CoVv9FdApVhwXLSrLWAfWFKZptA7vi5ErbqD2Zrw4VZJHVejF1Bu
CoV8PmLc78PVhzh8KMyyiB7o5fBis2D2ACujL8qPAozAKDm3ZeG8
CoVUhLD3K5cssTDfEkKXiJPme5QGf7K7mxDpTcfeWgUdJCJBALkK
CoWBSZjq7Lxx1ms4Qm1MLM1YVNEvpjKMecnM95vdS8a7mTZEsjiv
CoV8cvekKSSkJo8vcx7VPtNeZStwrAy4XEuMc5LpyrSJpBYFAXea
CoUwfeMp1dCX87FvmoKcsUxWD6hXLFsDzyUCLK8tDaTQmJWwAL3p
CoUoRHBdtrGRh9xXD3iavJGT1gvYpnAvVyaMbkZutnuX66KA35JU
CoUqHS8CNyjc9PXX9YFWx4cR4mZwdfbPRint4HrH9B5bcFDPGDxH
CoVnf4ayv3J18kivE99W5AkvUqnBNjk6g4D1EhvmJRFoXAxbdTsi
CoVpEzMshP8giy9qTVbPRJ5NXxuUenJTnSxAi7qhopurQvfXZ8jp
CoV8pn6y2hdKF2Q75mFLTYpcWCfoiE5UPkJ2Nn4WEhtrgDJaYvpn
CoWLXWqjRg88uXPzCvZPyxryrmN4qG3sAsxuV1n9Fp7ZCiaXX58Z
CoVE8fhjPS2V3tmhWqusNDsFdgGbHwvCd69HNcfb6xY7EUS8inQ2
CoWWnM9RgwDStMQCaLJmjaiwZrR6rfzcF9EAT97wtTAd5yaznbmS
CoVGBDiTCUrTrfbpwWBwb8zG41BHjna5zE8JZFoWEMTsbaPNyLex
CoWP3CrisWo1g7TkYekfTqao4B2Nz5xvQ5sJ3yYq3jBfv7NMuLRi
CoVkhdPfS8J4YnwJ3fMSxsY9xFu4RoCX5ofMHa8jx2JuCLh5WruL
CoW9pHfMd45URQWdBqddDU3fZ91rKdqkcP1iegdZixC7QFtPTDAX
CoVjdYZywMYge5KCyty2GVMQiKksX44fpdRP7Q1pJwimioroVn3k
CoWPscmhVk3TEiNsSHn5VvCXnf2L4fSGVZsVd4tkZVzkU1j38kn4
CoWLhumHEusCTci9wdsYigWSsUCk1oRCVmQdepedE8YqFGCwTXhd
CoV3vDYuCthTqJZCovJF5UCSbHcFpHBEWkYmA2SAtmvZ36YdoS67
CoVMGVjgRfTvSLJwiSRhKiKi2gwgK6f2UP2jZ8hwzBaomLZDSffW
CoVp283VtvVmHV1QRMMhxMSryGPseKpaLof7rxx5HxKtFmoJtWSa
CoW5qpt6FYJRF1EwfBw4rDyWeHoexUg18W64QCEhqkMB8bueTatt
CoUmhfh3z4TfvJt5YtYx2kqQgLkbbTQ9wvYH1JWT4xX6Rwx6Aqzx
CoVWVGpfoxskQGETuwQYFiycaAHooLB6XRR2gG9Fn6PCPddZHdzt
CoVNbu63qY1VaydG2s338w8PVKMz66DGaAf7mUkKhNvWbq8uTEu7
CoVhndZdX2phMiCkS3sBUrqnHbxUoG1ZWQNpHFKeCWjNhDyHFSvu
CoW34BTPMkC61pFMnKcC8Z7a68E78qSxAr1Q1dp58keqF91Gwttr
CoWKdNHo9zA1Do4w5v649h7QMQiiKoLsPdVgv4gGQqHjuaRqqX43
CoV7Zt3hdHtkTL9eiuNJ55jLj9YK4j8ppSkigvc7yAENjiQfQ1EC
CoVxQX1hjed448RX2BPkUpZKkA4dP2f36EtotzGqe43gh1FwVZvT
CoUi8Sqphig2fYFUD3SnKgPbk5bScgxhcA5wQ56K5DQCh8r2QBxM
CoVg76jHHTgMpNuLAd1AmxtZ2icdYcPDszGPpPGStMWwsH5fHCkb
CoVZ1mB3DNkoyDyfQwhfa72EQ1rWpjVkvf7XXgYu9oHJvyH2jpyf
CoVBRv3LAhqVAEbLaEp7NSt29deUkjbfHCwCkETxZ3uxoTAeJzNH
CoVbJ7oDx6YmebcNFpzzYU9gWCszbg1YkxPwAh8A2bi6VZJex3zc
CoV8FrTFg9C6Dt7e4usS4sXd7ykqy1L5FgumnNFBks2KfDD3cijm
CoUoXJQan6gNtdZYWUVKYAPh1wAMEhtxawD3Hrnc4Z7w6BgTwLCh
CoWJtPjRYRrAsMzWqd4cocgxwXrS1mq9t3CqB8tzNpuQkun9La3f
CoUzEsEraekvW7p8TATm49CR5XeXqXcnAK7siy4ZgsJukAenJw1w
CoVJVNUbS9JMm7keBeDPKCeXtu2XLgVeRzZ8H6jDM8HeR76ZEK3M
CoUqSAxuj6E69M8rFP2Aj363uWyitTKR7ZhsuDhXtzbu6VhwspPG
CoVGDRkkbJt5E1AWUJRg7k8LyaPkMEBw2JLpeawtKix4xLTxrUkf
CoWP9aq5wQCqcHP4PvKcsJJweHhDVM7g6g7mhYtqMU4zHoGwamow
CoVymS92eHUTQgTwV9AY1XHMXngYUpzzYxLTbjKyj9tzd7M31dfg
CoWCai1rLZPBWwC9GVJDedTUC6UudvsFCZP2BV4RPk8dgnCm3ViF
CoUpUbJnBaseawtEJzLePnhFXhBHwLCR9TZFZXXLp1mZYykDZA6U
CoUhfMUSf6eHSWReDPs3KeKxgaxuvXXberHGnLugZcdWK5hBTNxo
CoVsMsZ3eSsFs5bxUkxwy9A4R2PaVTEEJGv8UieBuEkdaeXpkCUG
CoUwrGBTBeFqn1hEomZ9iQyNYAzwWpri2ZDXedD4dVQZfLnsq9YA
CoUzEDeHBBF6G9ciGwja3K6unr8XYxY57M9kSiV9nZAs5mZeYFku
CoVg7BTF8MzJE53x51dsb7kazkN1PNkivcX8d4EaDdSTVQaW3zTf
CoV4K5tuNMGzCweL9JB8MHM3Cg58is6WqS56ofQosoWjPaUzCfPw
CoWE1h2vBhhYTWBa53nY6xJH7U4J7GYX3FM2nSJ1cTTgESX1fewQ
CoUsiVSZtoXMkXKzp7jY2pvSLJJzNHNmVq9p3FBTWrGjrLYHLQvE
CoV16C51yVML9XdEYScstJsypr7L1gYRxFvbN3ZGVs38TuswjV5q
CoWPopVqwtFQFiKWdbpuPquQDgeG7h4B2EpnhtntmKdRUrnhUzFE
CoWT5h4w6ieHprVe4gijVzotiwgvAwJR16wEWjXf5arA1nMRNWQD
CoV8vxpZqiK7VacA2e5KZQ3nNjnvQUQ99hEcdyCZ4Sq5mV63i6rJ
CoUjR3e3YV2XSV819gNzJuAUMSLiBnX91y6niUbfER5UN8shBXNC
CoVkJyNuQK247QX54v2KGmnfUqh7dZXYh2Gqa88ssDoGxKE8w9xW
CoV4yFY73tDcAAD1LJYL2e8B4531KmrLUBK5AXZ4dq7kW67K67Kj
CoUfB3kxZ3KnDbcHP2S5etqeC1xa9nnR9tuk72Z36ikK3VMkAaEi
CoWQyNMZR8sDWg2vzShPcNRhRHNS2r8exzLPvcYevMoutPwPuY1T
CoWKkWXzCHDmLwgcvJNxnDysCiU9uAut8Yt8LtvWEpXgZTK5Tmte
CoVRN7AFLMLeUDvtEdbpT6g5xp28iLCqgcgAWVJdbRAKonoYdiy7
CoVYQiAj3BPQg8UQavpdKYnAkaU7ftjvYa4CBeVy5jZ2dh8voNsz
CoWHuLhTk5fHaS2CQLQkSDa3hTDC5fU2KZJqupHeMC9dmnM5YJDL
CoVC555S9uyTSoicep5ZBuWobX26zNQ6jqhQnBbdZtVZxj1NrpN5
CoVU6ZWqGgYyrNMqzqycCKptskzurGGRVZq8LBaUCYv4PMGkH7mA
CoV6P4vHwmnUbYdWzeyc2QHu5WCQ76EJ6Zn94ryFPqYc3yknN2NF
CoVPr2c7U5Kaw4tP4FUmCDv8AswBwr7xDKoQHvBDP5BHNLvF9e45
CoVzB5wLhMUmBze7h2imxfMqt9CiKtJa3eaZXsMHbuLtrpFgF3pu
CoVpYNEQdLJj7hdkXv6AVbJEav43zdxjEMgTQDMARAtD7vUY3NnQ
CoWNm6kb745dJg9UG58i7b7HDduFvtssop6VTh1w1Rf3yxdnNqYH
CoWEmrPWP7iUqrELshpCf7xCWETy1UvGg1bt4MqTJHUA6XAkvmrU
CoWMHLxo3XveQXeRSxxcNPdCAFfKS1LvUc7pk3n5WA69xsbP7fex
