CoVxoPuYzGNKcz5Z2J5YneZqF9FfpbaJXk8JQvE7EfPrMyGR6pEg
CoW5V29xmGzp22esKwsAjihcDrFMpb7XCPMvAvddozbrGRVBHnuz
CoUvQfK84qgNmawRBa622mvp3NaDVqWj7RYV6E5eYiyPbgiwduJT
CoVzn5FWXkCe5DV8Sb2j3e3mHAKmyPc39w8zckrhkUh4MXw8JSNS
CoVSxfPtTB6Jw9FEFsiF2KBeGcQZRJ4QuyKPpHnsVvuCKwC9Szpw
CoWNhAkKrdEfbVQfdpe7K9522YLkpo7gGMLBtwFMTfPoCkcXGL4Y
CoVu8ub87FZaZinAXsuhAgYmmAwUit75bt2CRQzZTuuNF7QW5zbf
CoUvKe12yWETtgZrZMtx3xT5ULWQKSdLSfu6JaJC25end5xbqU7B
CoUp76hQKK6fKLWHbhJZwGRLc2LAeK3G6TedEtW4WimJ7pm6CFV2
CoVSky4zNWLQ1vE5Vffr3x762dJMqLAnvge31eUh6TgwB7ZHfvKr
CoVwdQdzAvBqKgCkGAnAwcM9n8MYPsASUgKjQ5REudoycYHPgbnp
CoVS5vX5xm5hUFCRnGAUc6e65iSf3i1RWUvhcV92qa54pG2MeJBT
CoUuE12nYobAFui31hYJJttmErQvN1uVdaDg3juSJGHQRUvV1rc3
CoWL8Yw4BTRGhag2dMZrEUetz7bu7vWpiAMim9NALmsvtKczQ4TH
CoVcrg5129dYehaWkYYLGzNrcYo1P8G5PXBvvswKwQRMCvBHH3fc
CoVxCrP2LjQqwC1uxStrSRPgLERUUDyBP642RKWMNoUk12ynyYNF
CoWEoCRs2hiWoxaEybgrkAswbJ2dytVWkmvfzqPTnWT8Pmc2A4HM
CoVdMX6wKqx5XrH6FfayQAiABWodJzmioWuCSucXovphbhNGgbFr
CoVWpxgQHZFBxDgC7HNbdFc7RnLpzX6D5vLs5fmMqE7RHmPrLM47
CoVEWDLrRkp2gy5G2Mh77ddpfQRJVfTwULVk9yu2Lz4H3WqTu6k9
CoW5QvVV3kuDuvxqRXG6czUTPTwcZufrF5NU99uPsquAwPwK46SN
CoWK6Rbb1gX2cUMT5SpqWVHeAoiBvGQPEWt4g6rztNUJpZzMGSxy
CoVfc6cPsaZydP12Xhj21c3XGAGAsNnYhUpZAZn3PtZGH2QScuMd
CoVNSfLyZJkeGeVAR16UPKT8p5EcNULdPCnys3W4foT6Jo5KWWuW
CoUqkkrKbXxzK124TCJz9LDDJumhqZRLgtmxpCt9xjmEP3rMcqtG
CoUyWaGSPn3nWsmo1vfXEQVpaNqHuY5e2VSqY7qMJtkbJ2stProD
CoWQpmfM51GRL9UNpUApDMwwPuuPhq1KN8fbSBgxKxxJ2WrhvJLi
CoWVSNe6VQegHnzzgCcGdDdTeNchqsg6JkZPL3nvveWWDrcNa3Ss
CoV98XgCtuCG86WbWbiiNLgrTZJhNDvDtedx6A6BREzfd8Fukd8W
CoVtLqMBpbffzZrJ4q7tt6LUqXC3ocy6QhPLDgTzDDZ2jESJdvzp
CoW8NLBW61R7waVnuktgQCknLAQ8CD4VCmY3HqANWzL6BamvBysu
CoUsArpjzvMRT4vsZKqUqbTzxjWmaZhr9Tn2YczRvZQqeGggArYr
CoUh1bRrhw1T8fdJ9fyXZEuHUt1QjhTT7UGkTjBTseqaPJ4NJPZK
CoWCzti24QQLAbsF3jwPAE84bZWmZEXmPMq8bNqvjjzTEsANeaLD
CoVtPZ1nokDzTfnFz4gr625gJuUrVKonsZtQGaEjPbYASaxPwnXT
CoW5HNh1o6fPWd8xRTx7iXQseycqEFS8ALcKED8Q6AAhyQhStoct
CoVQ7crbVarjcLPuH9ASKdhRUSNcbpiyEXcxKdoEb12p2a65SWS6
CoUjDBV6SSac4b2Cb56VDyHLAr1xZDcsZUnToGZkNpNbgrpK5VoJ
CoVpnGPvgRXmCkvSXVP6g3J28B3GEtpeSMqJoJSvYC1HQ4TWxiw2
CoVbPi9HstqbN8HQsTG3ZfR3rFkbehGUxauaY4nJs9ztNhhZ48sV
CoVbQ5HPmKwDdYWFn96t8p5dKRKAPi4tBcZmD4kUhZk4MLhZxMS8
CoVsayzWycwSiP4gf3v9oBU763oXvF1pMF1UrknsTpvGrmYvHBue
CoWFSvqE3vZhXJr6ijNt97caBE5kSjAA6cLacDaGW9s3hufdz9vs
CoWECbHkKnfr85nmo9i5P5MeQP3QaxRKpsto2NNKzCVookwqQB5A
CoUfEPc5AwNaE4xS1ydFNcQ4twLsoUXtBLFePboSNjsaYqZBPW11
CoUo6yvXP8QG6mWkWMbWbV9RUxNHZLy8xFXMzR3iDPo18RuTEUAZ
CoW3BAFhtmq4RasKkQ2vxr18ci7RsURoy9JyBu1ndom6Z6TLtHb1
CoW9nSgMGYCesXEt2C1suvAuYV2d5ChcYdMEkSRqzPfs7TQNFRXu
CoVV6T4yA6Dv9n7QzqjM4cJ1jJpjQWNhshjVEqVVSB2CLVaHzTLQ
CoW2uc7XFKjigdNYiFKxRbAcQS5PqbCHZGtxGxwcYEGJ8Zi67Vxt
CoW4NV8y3bXWNhey8W9HUyfL8CQBdw5UXo2zhnJKYW1TDTkB6mNE
CoVg5J5DEid27qbmWC8wucm1Ax8DCm6mr5E9d8kWuBWBawUGdT5F
CoVQCvAxqTSjjmNfzezGn1JLYnzRc6Em2JYCCb591xKgFEJwFYJg
CoWZ2t3C2FrAz96h12CgKByidzpTmMytDYjP4DfWLdXw25ErvZtt
CoVPVwCSqEJYY2A3Wq7K26v2HtAoYd298aCAgJgmHvNNuQDYDnSo
CoV84BBX5VdD3eXASTP6hTyGrZaH629gbM8EyuZq9MwJZzSXSrZp
CoV4DokCEYELgH3YCDvhkDxrNrW5TfS8tBixxKGD9CyiGskqKuuJ
CoWHTtCvKR93wgSSzaqdapCynwGkbFVGGsVnNCKwJJRy2ptCSR83
CoWHNzDLgg5QbRX6ee5g4d8qHNiuFTGwJKwrtcZVWYLD1TkPKyw6
CoVJzkU3CQ8jAZwGgymaKU8rRJBamNSUPP6tqzn2wQ4rkaThXw1p
CoWGFLXgPETExTrLwDS38rpSLvj3x6m2qP9sJQFA655wbNHjYeus
CoW8ye5yp9zZzxEXEHWirtb1QaxMV3tixvzwVgRc2MB3Bc15M4nc
CoWadBDndkMpT4cRxkcp9zqdLeM8R2ehmRGDDLGs8SUg8MFxa9LU
CoV5UFMieaheYrdCz4yqQiZCxNp9L5HLQiL9cmtBqmFpPQTC4ejK
CoWLoiesgGpWP9x8vQm9MPvC6RWJRMMAMhCwxEmoBgKxnNEoCMCg
CoVF7cGfzSpwBCJFhya65hb8WpgYUrov3eywr4frDoi1oLTQxZTf
CoV1k1ejAgNx1Ds5vcbjCNzQWo3XUuLPPA1e2E26ZoFDV2EwZxjC
CoV2uAVKSeAsC7E7uFho5nC3RHzFmNazmgV6pw6z31YkVcU1cYC1
CoV5LC8EVRtTDKAa8EKMmovExSu5z1CFNr8y8H5UuzRoiRHFRs1C
CoWZncp3ZwLvY3ZGbDyZTfemr88TafcQVRcc7NjoAFyYwTBvsCUJ
CoUkQQEmcstv3r88BHTeASmtXqkbXEtZ5tvAUx3QuGBsHyJscYgn
CoUh9Un4tbdY44M2Mn9e6yM4HbrhmC6uWdBp44WEZqyTSjD5Q5xM
CoWD7xZdKhtxNnpzLt7YJg9T7TwWtXchVbLTyjTmQsk1EkG6veo8
CoWUtHL4QFSskp143rpTrPe4ZiUWoYvy1VkcSCbJTU92DXJFjGFW
CoWRQEgy5GX6uxLxvUqQQoPZsnjSqADuuVPKKUPJDHcDH7WNngLg
CoVuWuwXt3Rda9HikQc4sMSP87UB3Sc8HrgNhqCGV5m3Tmsd9SMX
CoVb5YgvgTf28hR6gJTsR8SA5EcfLyKuzWZYjWKMZjJfpDdmcW4p
CoVWzY1pumkDDJNCMB3QUKeR58AAVFJPUdpBu2dEaoSeM7swiPJM
CoUzhuPMhRtpiD7zxfxmk5JgZEj8BXiyw1nJ8Uytbgyp79dxCNNv
CoUpckNo8qNqnCjdNUeb7qtcYnrW1r4V18V6i2Dx8iWCLEoSbDyT
CoUpTu92YWjrQq1bRvngYdnGa1kRZY9caxjRkUcX4CGyYkxijJVh
CoW8Si9EB1Ydx2dYF9nEu87i8eawUJm9Gg3ocK6dupdiqGLKNGLn
CoV6xRvciKJMq1XnpBM2EzqaKZoF6G34NzrH4DeL9iBPD2wr18VB
CoWCFyP78K34NknrLA7YRsUAx1BzSSM6tCM5kgLjjEEghuV6zxhw
CoVgYmQktft7mNqzzPnwxdLRmCaT4vcRFwPtugxCsbjqgkumPYGS
CoV9Rc6M7tSJ8rC8x6jhDx6LkjnFR9YcbxZz2iZUFhCb6TeGp5gX
CoVkqgQ89fw1YJDHjCtPa5fb57JFm2pBWErqZg2M58Jk1Vs6fakV
CoVnvbzR6xPoytKwCU5SxFVDo9ynRpCBNs8sLsR5WTtcnbDcYRMX
CoWR2uLt6PTJzSi6vDvsLLKtreqTnPtmsquGPpske1qQJKwxwYJQ
CoW2o8imsAGxfKRysmJdEGKuTHCjdZzSJTaj5uvHkPcV5gysiprV
CoVmdEYYK3jzGauSUj9pFiJMMaN6nx3yoim2YFzzC9Wj9JgmyrWJ
CoWHHzM3eAEtHcteFFiw1hHyPJj2nsfJ8GUg3bCXPvLhf84Nd41M
CoV7H8BdGRKv7AGH9Jr4ryS4V3JHwGPXh9C3Asf1toZpLEn3t8kC
CoVJTpanWvH4j165SeRP6mEymayMRaBFZ5QWNBDFVh9hXyzKwsfT
CoVMYTojifxadMbyqb4LFAQoXfFoojrn75FerqD7quaP76FLW49w
CoVW39AnPa5L8Wbkmo5PDMP6ebvPTGCXwoUXeQbTxuFVAqk2VF1Y
CoUuq5UzHG45jRQ2fjf4NBCwHXVWrxVCbZNqE1Q5434vaduRGQe2
CoWFXqeTxkb6MkvRcyfpAuNUKsh2HUStrsobSYSWeLodUiomhmM7
CoW5nvnXzcgkNqncssfY633bvroqTawWcT495ZecJPFAGVJP5EHm
CoWFSoKVzQmV6nQ3G9aJwQC8Mo5fxAdKUtDnQ4Ka489A91Ly7cAU
CoVVnhbb4Er82qHdStEVp1de5q25SnzfvHoLJoPQXvDf4ZgJ6dMK
CoVKWd4UoDi7si2mQatT4xepm3GBRAFJ64AN7NX4fHjPp1JAzADk
CoVSpNkA8qcov1PZWJNKVif89jb1qS7YWEgqsJxtEMHyvZ1j4Her
CoVt8kZSrPTLG9QLwTFzu6UV7SgfRBPkxaiwGjAyrpW7wjxJKpzK
CoVZxBL9wkxcwcdVezkAEddQFUZhHaSE3PbuVJnEr2ff3ErzCWoz
CoWUVSRWbexbFavHwjMy4pzPUpBMXvYAfjtAxxmubcFTkr5gv4Px
CoVtmdgk4NqfLkC6GZkMeJ6WGzYwnLBHPmeANqMtvMtaG9BX5Q1D
CoWFsjadyHo6MBXX2nsm6fbkGPtZKZKj8Vok72u86MZxqSoqt9Z6
CoWBfLmpGCaws46wi9R82wg7PG46nqDhBkjjf4LUWeT6cU1X3PnD
CoUoTRhtrpScPbHitqHB4WTvx85GkLB28uHPJFFHmtkjG8JWYteh
CoUsx7YQ24sSd2LVeMjgYvrjYyLLT4G1gc4nZ1MnPdk9gsBjzge8
CoV8yyxSqA6jm3JE73gkr9ez5M9eNnYkfja888BCLhFqg5QhoXdi
CoVu2eUJuZV7wy9TymhLhx8im8QHA4QFkKHMNyP9CMxyFqhYLcXV
CoWPw8dVB5gBQuM7WKytbakyjUMEKxpaaksRBTj2s4wuarSV6Ea5
CoUvrE2HADcYuv1ioLLsPMH3LkGQ6WZkDVbiW1Td2S4eRzb1oErB
CoUorqLPsvehobeiEKJeGW5EQ6VFwWNBiacGeKfRATNsCgXqrdGu
CoV3VqAyAk1R1HRWCBnM8nGDWQ8wqP2oeUNoWosEYosnZtAzcjAS
CoV25uBkf7ni5WeDYXQZP25RLDPTKj4sU8UWKk854msyf3tEKgtv
CoWJipKHYQ1RrMVuKZKBQ1JKCFuKEwT4q3WYZt6JcXbcL6p5m8x2
CoVPwMJt95oTCwdBJAnTZ3ok4hQDazHWSUJqajN1CuBPdrWXa5v5
CoVLCynKN48ggoSCBTuzYqyauXG3uzdwMs5u7sR1UAtVWn4MbiSC
CoVpxeoVgcGpYhqv86hR8kR836RbYq7bg7divh6ZkAw5yrzuYUuR
CoVWCN81Sn6JDbotLYkr34oJFZLgkyDRtVCx1DaL3sdkqVw81QGx
CoUxk3Ju9vbUxzuGfV9fuBshojWUmXA3txKjzGgjqCpvRDmyQnzh
CoV8fzYYwpuzjF3eYHo54Fw8AL1s6opBYjV1z7oKhXkAsrdf746E
CoVeb5xzywjrieFfN9eFzt4KUFDWZoPjX2SKsPa8QBtmdSJpaHaE
CoUx4L5xFEWZpm4Wvfr1M2z1ZG7tC4VmfLTAkvLPXxrTME4sHqtf
CoVDpvMnBGYjR5xyNMCRBB6jFkrh4yzAoAV4R3d2Tds1FxtNAwPr
CoWVCDGN2oLiN98qXWxgnziNQuAaypfgsATi2UQXsfiz4vhs3H55
CoUnPjyZsSccSetQPnTHkYQb7B235MTs7CjFpy2wiabxizq49k9B
CoWFZGU5sWUDZLjBfKdKWhL4JjKo9mGtotLDxLkksPg1fZmzgg9A
CoUnEfX5waC2VRmhFbQ1p5x5XGhHmF5L6nfrCM94w8GtEUSHQ2Cv
CoWM5FWwnWxwP6KsF2jd9quqbHnEvhUzkZnnpGm9skVEFyzkyJDM
CoVZDcXDuesZbiFE1gQL4oLeJq1CY3we1xz2ZrD72PcdiBPonthP
CoUt3ywAoqe2jDvNjQaGU73zfT51xaoprJiASuwwN1V4WEf6oLvw
CoW2rqufEKnC9ck6vAEpXYUWyPAdpQPt3q8GchsF7eVxaBS343K4
CoUh1BbphZTpTQQT2zSqsaDpMeuoQxEjdLD4hDarKfiMnCquSnYs
CoV9VduLLNKY99iPoFn2pPjtvVRwi8zPk1fWQsi1n5EVQRFoixDB
CoUrz9pBbcGeFcEBJC9wU48wbvrtZqHNSqEGtYGgmSysRPb3KB49
CoVzpnSkSXFzVdJnhcCQBYZH1UDyxSau4YqqZjUFftgw9SQuW5Fz
