5000, 557
5001, 1767
5002, 1819
5003, 1798
5004, 1396
5005, 1915
5006, 1967
5007, 1985
5008, 1990
5009, 2012
5010, 2045
5034, 2012
5035, 2057
5036, 1605
5037, 1671
5038, 1441
5039, 1960
5040, 2012
5041, 2057
5042, 2090
5043, 1650
5044, 1681
5068, 2051
5069, 2052
5070, 2053
5071, 2054
5072, 2055
5073, 2056
5074, 2057
5075, 2058
5076, 2059
5077, 2060
5078, 2061
5102, 2094
5103, 2095
5104, 2096
5105, 2097
5106, 2098
5107, 2099
5108, 2100
5109, 2101
5110, 2102
5111, 2103
5112, 2104
5136, 2049
5137, 2091
5138, 2092
5139, 2093
5140, 2094
5141, 2095
5142, 2096
5143, 2097
5144, 2098
5145, 2099
5146, 2100
5170, 1639
5171, 1490
5172, 1909
5173, 1888
5174, 1971
5175, 1992
5176, 2000
5177, 2035
5178, 1531
5179, 1955
5180, 1934
5204, 2208
5205, 2209
5206, 2210
5207, 2211
5208, 2212
5209, 2213
5210, 2214
5211, 2215
5212, 2216
5213, 1732
5214, 2178
5238, 2544
5239, 2509
5240, 2544
5241, 2579
5242, 2579
5243, 2544
5244, 2420
5245, 2545
5246, 2587
5247, 2622
5248, 2657
5272, 2316
5273, 1876
5274, 1941
5275, 1977
5276, 1995
5277, 2000
5278, 2035
5279, 2030
5280, 2022
5281, 1892
5282, 2506
5306, 2737
5307, 2772
5308, 2772
5309, 2505
5310, 2613
5311, 2668
5312, 2716
5313, 2751
5314, 2627
5315, 2733
5316, 2775
5340, 2659
5341, 2624
5342, 2659
5343, 2694
5344, 2694
5345, 2659
5346, 2659
5347, 2427
5348, 1942
5349, 2342
5350, 1867
5374, 2837
5375, 2837
5376, 2837
5377, 2837
5378, 2837
5379, 2837
5380, 1802
5381, 1768
5382, 1729
5383, 1719
5384, 2232
5408, 1812
5409, 1719
5410, 2232
5411, 1947
5412, 2562
5413, 2411
5414, 1926
5415, 2326
5416, 2321
5417, 2390
5418, 2917
5442, 2217
5443, 2217
5444, 2217
5445, 2179
5446, 2478
5447, 2142
5448, 2215
5449, 2180
5450, 2215
5451, 2215
5452, 2180
5476, 2218
5477, 2218
5478, 2217
5479, 2256
5480, 2218
5481, 2253
5482, 2250
5483, 2521
5484, 2142
5485, 2252
5486, 2180
5510, 2180
5511, 2180
5512, 2178
5513, 2182
5514, 2215
5515, 2217
5516, 2213
5517, 2180
5518, 2178
5519, 2072
5520, 2011
5544, 2324
5545, 3216
5546, 2523
5547, 2554
5548, 3311
5549, 2558
5550, 2484
5551, 3221
5552, 2548
5553, 2196
5554, 2729
5578, 2440
5579, 2405
5580, 2397
5581, 2252
5582, 2226
5583, 2189
5584, 2717
5585, 2765
5586, 2870
5587, 2765
5588, 2800
5612, 2852
5613, 2755
5614, 2756
5615, 2724
5616, 2758
5617, 2592
5618, 2661
5619, 2650
5620, 2759
5621, 2724
5622, 2722
5646, 2780
5647, 2750
5648, 2677
5649, 2771
5650, 2817
5651, 2747
5652, 2753
5653, 2822
5654, 2735
5655, 2816
5656, 2816
5680, 2728
5681, 2797
5682, 2678
5683, 2759
5684, 2759
5685, 2801
5686, 2763
5687, 2821
5688, 2831
5689, 2689
5690, 2693
5714, 2786
5715, 2644
5716, 2648
5717, 2646
5718, 2370
5719, 2213
5720, 1829
5721, 3545
5722, 2077
5723, 1829
5724, 2480
5748, 2650
5749, 2167
5750, 1874
5751, 2786
5752, 2167
5753, 1874
5754, 3363
5755, 2122
5756, 1829
5757, 2696
5758, 2077
5782, 2077
5783, 1829
5784, 2552
5785, 2122
5786, 1874
5787, 2786
5788, 2167
5789, 1874
5790, 2650
5791, 2167
5792, 1874
5816, 1874
5817, 2566
5818, 2167
5819, 1874
5820, 4551
5821, 2122
5822, 1829
5823, 2696
5824, 2077
5825, 1829
5826, 2552
5850, 2650
5851, 2167
5852, 1874
5853, 2786
5854, 2167
5855, 1874
5856, 2722
5857, 2167
5858, 1874
5859, 2566
5860, 2167
5884, 2077
5885, 1829
5886, 2552
5887, 2122
5888, 1874
5889, 2786
5890, 2167
5891, 1874
5892, 2650
5893, 2167
5894, 1874
5918, 1874
5919, 2786
5920, 2167
5921, 1874
5922, 3890
5923, 2122
5924, 1829
5925, 2696
5926, 2077
5927, 1829
5928, 2552
5952, 2552
5953, 2122
5954, 1874
5955, 2786
5956, 2167
5957, 1874
5958, 2650
5959, 2167
5960, 1874
5961, 2786
5962, 2167
5986, 2167
5987, 1874
5988, 4551
5989, 2122
5990, 1829
5991, 2696
5992, 2077
5993, 1829
5994, 2552
5995, 2122
5996, 1874
6020, 1874
6021, 2786
6022, 2167
6023, 1874
6024, 2722
6025, 2167
6026, 1874
6027, 2566
6028, 2167
6029, 1874
6030, 4551
6054, 2552
6055, 2122
6056, 1874
6057, 2786
6058, 2167
6059, 1874
6060, 2650
6061, 2167
6062, 1874
6063, 2786
6064, 2167
6088, 2167
6089, 1874
6090, 3890
6091, 2122
6092, 1829
6093, 2696
6094, 2077
6095, 1829
6096, 2552
6097, 2122
6098, 1874
6122, 1874
6123, 2786
6124, 2167
6125, 1874
6126, 2650
6127, 2167
6128, 1874
6129, 2786
6130, 2167
6131, 1874
6132, 3890
6156, 4551
6157, 2122
6158, 1829
6159, 2696
6160, 2077
6161, 1829
6162, 2552
6163, 2122
6164, 1874
6165, 2786
6166, 2167
6190, 2167
6191, 1874
6192, 2722
6193, 2167
6194, 1874
6195, 2566
6196, 2167
6197, 1874
6198, 4551
6199, 2122
6200, 1829
6224, 1874
6225, 2786
6226, 2167
6227, 1874
6228, 2650
6229, 2167
6230, 1874
6231, 2786
6232, 2167
6233, 1874
6234, 2722
6258, 3890
6259, 2122
6260, 1829
6261, 2696
6262, 2077
6263, 1829
6264, 2552
6265, 2122
6266, 1874
6267, 2786
6268, 2167
6292, 2167
6293, 1874
6294, 2650
6295, 2167
6296, 1874
6297, 2786
6298, 2167
6299, 1874
6300, 3890
6301, 2122
6302, 1829
6326, 1829
6327, 2696
6328, 2077
6329, 1829
6330, 2552
6331, 2122
6332, 1874
6333, 2786
6334, 2167
6335, 1874
6336, 2650
6360, 2722
6361, 2167
6362, 1874
6363, 2566
6364, 2167
6365, 1874
6366, 4551
6367, 2122
6368, 1829
6369, 2696
6370, 2077
6394, 2167
6395, 1874
6396, 2650
6397, 2167
6398, 1874
6399, 2786
6400, 2167
6401, 1874
6402, 2722
6403, 2167
6404, 1874
6428, 1829
6429, 2696
6430, 2077
6431, 1829
6432, 2552
6433, 2122
6434, 1874
6435, 2786
6436, 2167
6437, 1874
6438, 2650
6462, 2650
6463, 2167
6464, 1874
6465, 2786
6466, 2167
6467, 1874
6468, 3890
6469, 2122
6470, 1829
6471, 2696
6472, 2077
6496, 2077
6497, 1829
6498, 3621
6499, 2077
6500, 1829
6501, 2474
6502, 2122
6503, 1874
6504, 3495
6505, 2167
6506, 1874
6530, 1874
6531, 3820
6532, 2122
6533, 1829
6534, 2766
6535, 2077
6536, 1829
6537, 2482
6538, 2122
6539, 1874
6540, 2856
6564, 2856
6565, 2167
6566, 1874
6567, 2580
6568, 2167
6569, 1874
6570, 2856
6571, 2167
6572, 1874
6573, 3820
6574, 2122
6598, 2122
6599, 1829
6600, 3060
6601, 2077
6602, 1829
6603, 3625
6604, 2077
6605, 1829
6606, 2412
6607, 2122
6608, 1874
6632, 1874
6633, 2784
6634, 2167
6635, 1874
6636, 3742
6637, 2122
6638, 1829
6639, 2694
6640, 2077
6641, 1829
6642, 2404
6666, 2404
6667, 2122
6668, 1874
6669, 2784
6670, 2167
6671, 1874
6672, 2502
6673, 2167
6674, 1874
6675, 2784
6676, 2167
6700, 2167
6701, 1874
6702, 3731
6703, 2122
6704, 1829
6705, 3097
6706, 2077
6707, 1829
6708, 3345
6709, 2077
6710, 1829
6734, 1874
6735, 2432
6736, 2167
6737, 1874
6738, 2576
6739, 2167
6740, 1874
6741, 3672
6742, 2122
6743, 1829
6744, 2486
6768, 2486
6769, 2077
6770, 1829
6771, 2334
6772, 2122
6773, 1874
6774, 2576
6775, 2167
6776, 1874
6777, 2432
6778, 2167
6802, 2167
6803, 1874
6804, 2576
6805, 2167
6806, 1874
6807, 3591
6808, 2122
6809, 1829
6810, 2941
6811, 2077
6812, 1829
6836, 1874
6837, 2358
6838, 2167
6839, 1874
6840, 2372
6841, 2167
6842, 1874
6843, 2358
6844, 2167
6845, 1874
6846, 3612
6870, 3408
6871, 2122
6872, 1829
6873, 2772
6874, 2032
6875, 1784
6876, 1982
6877, 1875
6878, 1672
6879, 1542
6880, 2441
6904, 2403
6905, 1453
6906, 1148
6907, 1650
6908, 1453
6909, 1148
6910, 2401
6911, 1453
6912, 1148
6913, 2491
6914, 1453
6938, 1717
6939, 1716
6940, 1716
6941, 1716
6942, 1716
6943, 1716
6944, 1716
6945, 1716
6946, 1716
6947, 1716
6948, 1716
6972, 1716
6973, 1716
6974, 1716
6975, 1716
6976, 1716
6977, 1716
6978, 1716
6979, 1716
6980, 1716
6981, 1716
6982, 1716
7006, 1453
7007, 1148
7008, 1731
7009, 1453
7010, 1148
7011, 2438
7012, 1453
7013, 1148
7014, 1650
7015, 1453
7016, 1148
7040, 2056
7041, 2104
7042, 2245
7043, 2205
7044, 2207
7045, 2207
7046, 2238
7047, 2065
7048, 2073
7049, 1832
7050, 1103
7074, 1148
7075, 2480
7076, 1453
7077, 1148
7078, 2750
7079, 1453
7080, 1148
7081, 2440
7082, 1453
7083, 1148
7084, 1684
7108, 1590
7109, 1408
7110, 1148
7111, 2481
7112, 1453
7113, 1148
7114, 2750
7115, 1453
7116, 1148
7117, 2441
7118, 1453
7142, 2073
7143, 1868
7144, 1103
7145, 2245
7146, 1363
7147, 1103
7148, 1485
7149, 1408
7150, 1148
7151, 2298
7152, 1453
7176, 1408
7177, 1103
7178, 2351
7179, 1363
7180, 1103
7181, 1555
7182, 1408
7183, 1148
7184, 2476
7185, 1453
7186, 1148
7210, 1193
7211, 2425
7212, 1543
7213, 1193
7214, 1776
7215, 1543
7216, 1193
7217, 2492
7218, 1543
7219, 1193
7220, 1728
7244, 1363
7245, 1103
7246, 2205
7247, 1318
7248, 1058
7249, 1268
7250, 1149
7251, 1337
7252, 1684
7253, 1103
7254, 2313
7278, 1832
7279, 1103
7280, 2313
7281, 1363
7282, 1103
7283, 1480
7284, 1408
7285, 1148
7286, 2374
7287, 1453
7288, 1148
7312, 1148
7313, 1651
7314, 1408
7315, 1103
7316, 2315
7317, 1363
7318, 1103
7319, 1520
7320, 1408
7321, 1148
7322, 2405
7346, 1570
7347, 1498
7348, 1193
7349, 2459
7350, 1543
7351, 1193
7352, 1668
7353, 1543
7354, 1193
7355, 2494
7356, 1543
7380, 3648
7381, 1807
7382, 1807
7383, 1807
7384, 1807
7385, 1807
7386, 1807
7387, 1807
7388, 1807
7389, 1807
7390, 1807
7414, 1807
7415, 1807
7416, 1807
7417, 1807
7418, 1807
7419, 1807
7420, 1807
7421, 1807
7422, 1807
7423, 1807
7424, 1807
7448, 1807
7449, 1807
7450, 1807
7451, 1807
7452, 1807
7453, 1807
7454, 1807
7455, 1807
7456, 1807
7457, 1807
7458, 1807
7482, 1807
7483, 1807
7484, 1807
7485, 1807
7486, 1807
7487, 1807
7488, 1807
7489, 1807
7490, 1807
7491, 1807
7492, 1807
7516, 1807
7517, 1807
7518, 1807
7519, 1807
7520, 1807
7521, 1807
7522, 1807
7523, 1807
7524, 1807
7525, 1807
7526, 1807
7550, 1807
7551, 1807
7552, 1807
7553, 1807
7554, 1807
7555, 1807
7556, 1807
7557, 1807
7558, 1807
7559, 1807
7560, 1807
7584, 1807
7585, 1807
7586, 1807
7587, 1807
7588, 1807
7589, 1807
7590, 1807
7591, 1807
7592, 1807
7593, 1807
7594, 1807
7618, 1807
7619, 1807
7620, 1807
7621, 1807
7622, 1807
7623, 1807
7624, 1807
7625, 1807
7626, 1807
7627, 1807
7628, 1807
7652, 1807
7653, 1807
7654, 1807
7655, 1807
7656, 1807
7657, 1807
7658, 1807
7659, 1807
7660, 1807
7661, 1807
7662, 1807
7686, 1807
7687, 1807
7688, 1807
7689, 1807
7690, 1807
7691, 1807
7692, 1807
7693, 1807
7694, 1807
7695, 1807
7696, 1807
7720, 1807
7721, 1807
7722, 1807
7723, 1807
7724, 1807
7725, 1807
7726, 1807
7727, 1807
7728, 1807
7729, 1807
7730, 1807
7754, 1807
7755, 1807
7756, 1807
7757, 1807
7758, 1807
7759, 1807
7760, 1807
7761, 1807
7762, 1807
7763, 1807
7764, 1807
7788, 1807
7789, 1807
7790, 1807
7791, 1807
7792, 1807
7793, 1807
7794, 1807
7795, 1807
7796, 1807
7797, 1807
7798, 1807
7822, 1807
7823, 1807
7824, 1807
7825, 1807
7826, 1807
7827, 1807
7828, 1807
7829, 1807
7830, 1807
7831, 1807
7832, 1807
7856, 1807
7857, 1807
7858, 1807
7859, 1807
7860, 1807
7861, 1807
7862, 1807
7863, 1807
7864, 1807
7865, 1807
7866, 1807
7890, 1807
7891, 1807
7892, 1807
7893, 1807
7894, 1807
7895, 1807
7896, 1807
7897, 1807
7898, 1807
7899, 1807
7900, 1807
7924, 1807
7925, 1807
7926, 1807
7927, 1807
7928, 1807
7929, 1807
7930, 1807
7931, 1807
7932, 1807
7933, 1807
7934, 1807
7958, 1807
7959, 1807
7960, 1807
7961, 1807
7962, 1807
7963, 1807
7964, 1807
7965, 1807
7966, 1807
7967, 1807
7968, 1807
7992, 1807
7993, 1807
7994, 1807
7995, 1807
7996, 1807
7997, 1807
7998, 1807
7999, 1807
8000, 1807
8001, 1807
8002, 1807
8026, 1807
8027, 1807
8028, 1807
8029, 1807
8030, 1807
8031, 1807
8032, 1807
8033, 1807
8034, 1807
8035, 1807
8036, 1807
8060, 1807
8061, 1807
8062, 1807
8063, 1807
8064, 1807
8065, 1807
8066, 1807
8067, 1807
8068, 1807
8069, 1807
8070, 1807
8094, 1806
8095, 1806
8096, 1806
8097, 1806
8098, 1806
8099, 1806
8100, 1806
8101, 1806
8102, 1806
8103, 1806
8104, 1806
8128, 1806
8129, 1806
8130, 1806
8131, 1806
8132, 1806
8133, 1806
8134, 1806
8135, 1806
8136, 1806
8137, 1806
8138, 1806
8162, 2205
8163, 1318
8164, 1058
8165, 1268
8166, 1149
8167, 1139
8168, 1285
8169, 941
8170, 1139
8171, 1032
8172, 829
8196, 556
8197, 556
8198, 556
8199, 556
8200, 556
8201, 556
8202, 556
8203, 556
8204, 556
8205, 556
8206, 556
8230, 556
8231, 556
8232, 556
8233, 556
8234, 556
8235, 556
8236, 556
8237, 556
8238, 556
8239, 556
8240, 556
8264, 556
8265, 556
8266, 556
8267, 556
8268, 556
8269, 556
8270, 556
8271, 556
8272, 556
8273, 556
8274, 556
8298, 556
8299, 556
8300, 556
8301, 556
8302, 556
8303, 556
8304, 556
8305, 556
8306, 556
8307, 556
8308, 556
8332, 556
8333, 556
8334, 556
8335, 556
8336, 556
8337, 556
8338, 556
8339, 556
8340, 556
8341, 556
8342, 556
8366, 556
8367, 556
8368, 556
8369, 556
8370, 556
8371, 556
8372, 556
8373, 556
8374, 556
8375, 556
8376, 556
8400, 556
8401, 556
8402, 556
8403, 556
8404, 556
8405, 556
8406, 556
8407, 556
8408, 556
8409, 556
8410, 556
8434, 556
8435, 556
8436, 556
8437, 556
8438, 556
8439, 556
8440, 556
8441, 556
8442, 556
8443, 556
8444, 556
8468, 556
8469, 556
8470, 556
8471, 556
8472, 556
8473, 556
8474, 556
8475, 556
8476, 556
8477, 556
8478, 556
8502, 556
8503, 556
8504, 556
8505, 556
8506, 556
8507, 556
8508, 556
8509, 556
8510, 556
8511, 556
8512, 556
8536, 556
8537, 556
8538, 556
8539, 556
8540, 556
8541, 556
8542, 556
8543, 556
8544, 556
8545, 556
8546, 556
8570, 556
8571, 556
8572, 556
8573, 556
8574, 556
8575, 556
8576, 556
8577, 556
8578, 556
8579, 556
8580, 556
8604, 556
8605, 556
8606, 556
8607, 556
8608, 556
8609, 556
8610, 556
8611, 556
8612, 556
8613, 556
8614, 556
8638, 556
8639, 556
8640, 556
8641, 556
8642, 556
8643, 556
8644, 556
8645, 556
8646, 556
8647, 556
8648, 556
8672, 556
8673, 556
8674, 556
8675, 556
8676, 556
8677, 556
8678, 556
8679, 556
8680, 556
8681, 556
8682, 556
8706, 556
8707, 556
8708, 556
8709, 556
8710, 556
8711, 556
8712, 556
8713, 556
8714, 556
8715, 556
8716, 556
8740, 556
8741, 556
8742, 556
8743, 556
8744, 556
8745, 556
8746, 556
8747, 556
8748, 556
8749, 556
8750, 556
8774, 556
8775, 556
8776, 556
8777, 556
8778, 556
8779, 556
8780, 556
8781, 556
8782, 556
8783, 556
8784, 556
8808, 556
8809, 556
8810, 556
8811, 556
8812, 556
8813, 556
8814, 556
8815, 556
8816, 556
8817, 556
8818, 556
8842, 556
8843, 556
8844, 556
8845, 556
8846, 556
8847, 556
8848, 556
8849, 556
8850, 556
8851, 556
8852, 556
8876, 556
8877, 556
8878, 556
8879, 556
8880, 556
8881, 556
8882, 556
8883, 556
8884, 556
8885, 556
8886, 556
8910, 556
8911, 556
8912, 556
8913, 556
8914, 556
8915, 556
8916, 556
8917, 556
8918, 556
8919, 556
8920, 556
8944, 556
8945, 556
8946, 556
8947, 556
8948, 556
8949, 556
8950, 556
8951, 556
8952, 556
8953, 556
8954, 556
8978, 556
8979, 556
8980, 556
8981, 556
8982, 556
8983, 556
8984, 556
8985, 556
8986, 556
8987, 556
8988, 556
9012, 556
9013, 556
9014, 556
9015, 556
9016, 556
9017, 556
9018, 556
9019, 556
9020, 556
9021, 556
9022, 556
9046, 556
9047, 556
9048, 556
9049, 556
9050, 556
9051, 556
9052, 556
9053, 556
9054, 556
9055, 556
9056, 556
9080, 556
9081, 556
9082, 556
9083, 556
9084, 556
9085, 556
9086, 556
9087, 556
9088, 556
9089, 556
9090, 556
9114, 556
9115, 556
9116, 556
9117, 556
9118, 556
9119, 556
9120, 556
9121, 556
9122, 556
9123, 556
9124, 556
9148, 556
9149, 556
9150, 556
9151, 556
9152, 556
9153, 556
9154, 556
9155, 556
9156, 556
9157, 556
9158, 556
9182, 556
9183, 556
9184, 556
9185, 556
9186, 556
9187, 556
9188, 556
9189, 556
9190, 556
9191, 556
9192, 556
9216, 556
9217, 556
9218, 556
9219, 556
9220, 556
9221, 556
9222, 556
9223, 556
9224, 556
9225, 556
9226, 556
9250, 556
9251, 556
9252, 556
9253, 556
9254, 556
9255, 556
9256, 556
9257, 556
9258, 556
9259, 556
9260, 556
9284, 556
9285, 556
9286, 556
9287, 556
9288, 556
9289, 556
9290, 556
9291, 556
9292, 556
9293, 556
9294, 556
9318, 556
9319, 556
9320, 556
9321, 556
9322, 556
9323, 556
9324, 556
9325, 556
9326, 556
9327, 556
9328, 556
9352, 556
9353, 556
9354, 556
9355, 556
9356, 556
9357, 556
9358, 556
9359, 556
9360, 556
9361, 556
9362, 556
9386, 556
9387, 556
9388, 556
9389, 556
9390, 556
9391, 556
9392, 556
9393, 556
9394, 556
9395, 556
9396, 556
9420, 556
9421, 556
9422, 556
9423, 556
9424, 556
9425, 556
9426, 556
9427, 556
9428, 556
9429, 556
9430, 556
9454, 556
9455, 556
9456, 556
9457, 556
9458, 556
9459, 556
9460, 556
9461, 556
9462, 556
9463, 556
9464, 556
9488, 556
9489, 556
9490, 556
9491, 556
9492, 556
9493, 556
9494, 556
9495, 556
9496, 556
9497, 556
9498, 556
9522, 556
9523, 556
9524, 556
9525, 556
9526, 556
9527, 556
9528, 556
9529, 556
9530, 556
9531, 556
9532, 556
9556, 556
9557, 556
9558, 556
9559, 556
9560, 556
9561, 556
9562, 556
9563, 556
9564, 556
9565, 556
9566, 556
9590, 556
9591, 556
9592, 556
9593, 556
9594, 556
9595, 556
9596, 556
9597, 556
9598, 556
9599, 556
9600, 556
9624, 556
9625, 556
9626, 556
9627, 556
9628, 556
9629, 556
9630, 556
9631, 556
9632, 556
9633, 556
9634, 556
9658, 556
9659, 556
9660, 556
9661, 556
9662, 556
9663, 556
9664, 556
9665, 556
9666, 556
9667, 556
9668, 556
9692, 556
9693, 556
9694, 556
9695, 556
9696, 556
9697, 556
9698, 556
9699, 556
9700, 556
9701, 556
9702, 556
9726, 556
9727, 556
9728, 556
9729, 556
9730, 556
9731, 556
9732, 556
9733, 556
9734, 556
9735, 556
9736, 556
9760, 556
9761, 556
9762, 556
9763, 556
9764, 556
9765, 556
9766, 556
9767, 556
9768, 556
9769, 556
9770, 556
9794, 556
9795, 556
9796, 556
9797, 556
9798, 556
9799, 556
9800, 556
9801, 556
9802, 556
9803, 556
9804, 556
9828, 556
9829, 556
9830, 556
9831, 556
9832, 556
9833, 556
9834, 556
9835, 556
9836, 556
9837, 556
9838, 556
9862, 556
9863, 556
9864, 556
9865, 556
9866, 556
9867, 556
9868, 556
9869, 556
9870, 556
9871, 556
9872, 556
9896, 556
9897, 556
9898, 556
9899, 556
9900, 556
9901, 556
9902, 556
9903, 556
9904, 556
9905, 556
9906, 556
9930, 556
9931, 556
9932, 556
9933, 556
9934, 556
9935, 556
9936, 556
9937, 556
9938, 556
9939, 556
9940, 556
9964, 556
9965, 556
9966, 556
9967, 556
9968, 556
9969, 556
9970, 556
9971, 556
9972, 556
9973, 556
9974, 556
9998, 556
9999, 768
10000, 557
10001, 1767
10002, 1819
10003, 1798
10004, 1396
10005, 1915
10006, 1967
10007, 2015
10008, 2050
10032, 1441
10033, 1960
10034, 2012
10035, 2057
10036, 1605
10037, 1671
10038, 1441
10039, 1960
10040, 2012
10041, 2057
10042, 2090
10066, 2049
10067, 2050
10068, 2051
10069, 2052
10070, 2053
10071, 2054
10072, 2055
10073, 2056
10074, 2057
10075, 2058
10076, 2059
10100, 2092
10101, 2093
10102, 2094
10103, 2095
10104, 2096
10105, 2097
10106, 2098
10107, 2099
10108, 2100
10109, 2101
10110, 2102
10134, 1490
10135, 1522
10136, 2049
10137, 2091
10138, 2092
10139, 2093
10140, 2094
10141, 2095
10142, 2096
10143, 2097
10144, 2098
10168, 1654
10169, 2100
10170, 1639
10171, 1490
10172, 1909
10173, 1888
10174, 1971
10175, 1992
10176, 2000
10177, 2035
10178, 1531
10202, 2165
10203, 2207
10204, 2208
10205, 2209
10206, 2210
10207, 2211
10208, 2212
10209, 2213
10210, 2214
10211, 2215
10212, 2216
10236, 2474
10237, 2509
10238, 2544
10239, 2509
10240, 2544
10241, 2579
10242, 2579
10243, 2544
10244, 2420
10245, 2545
10246, 2587
10270, 1665
10271, 2178
10272, 2316
10273, 1876
10274, 1941
10275, 1977
10276, 1995
10277, 2000
10278, 2035
10279, 2030
10280, 2022
10304, 2737
10305, 2702
10306, 2737
10307, 2772
10308, 2772
10309, 2505
10310, 2613
10311, 2668
10312, 2716
10313, 2751
10314, 2627
10338, 2589
10339, 2624
10340, 2659
10341, 2624
10342, 2659
10343, 2694
10344, 2694
10345, 2659
10346, 2659
10347, 2427
10348, 1942
10372, 2837
10373, 2837
10374, 2837
10375, 2837
10376, 2837
10377, 2837
10378, 2837
10379, 2837
10380, 1802
10381, 1768
10382, 1729
10406, 1847
10407, 1813
10408, 1812
10409, 1719
10410, 2232
10411, 1947
10412, 2562
10413, 2411
10414, 1926
10415, 2326
10416, 2321
10440, 2182
10441, 2186
10442, 2217
10443, 2217
10444, 2217
10445, 2179
10446, 2478
10447, 2142
10448, 2215
10449, 2180
10450, 2215
10474, 2182
10475, 2258
10476, 2218
10477, 2218
10478, 2217
10479, 2256
10480, 2218
10481, 2253
10482, 2250
10483, 2521
10484, 2142
10508, 2561
10509, 2215
10510, 2180
10511, 2180
10512, 2178
10513, 2182
10514, 2215
10515, 2217
10516, 2213
10517, 2180
10518, 2178
10542, 3196
10543, 2475
10544, 2324
10545, 3216
10546, 2523
10547, 2554
10548, 3311
10549, 2558
10550, 2484
10551, 3221
10552, 2548
10576, 2411
10577, 2362
10578, 2440
10579, 2405
10580, 2397
10581, 2252
10582, 2226
10583, 2189
10584, 2717
10585, 2765
10586, 2870
10610, 2724
10611, 2722
10612, 2852
10613, 2755
10614, 2756
10615, 2724
10616, 2758
10617, 2592
10618, 2661
10619, 2650
10620, 2759
10644, 2699
10645, 2745
10646, 2780
10647, 2750
10648, 2677
10649, 2771
10650, 2817
10651, 2747
10652, 2753
10653, 2822
10654, 2735
10678, 2760
10679, 2690
10680, 2728
10681, 2797
10682, 2678
10683, 2759
10684, 2759
10685, 2801
10686, 2763
10687, 2821
10688, 2831
10712, 2718
10713, 2776
10714, 2786
10715, 2644
10716, 2648
10717, 2646
10718, 2370
10719, 2213
10720, 1829
10721, 3545
10722, 2077
10746, 2167
10747, 1874
10748, 2650
10749, 2167
10750, 1874
10751, 2786
10752, 2167
10753, 1874
10754, 3363
10755, 2122
10756, 1829
10780, 1829
10781, 2696
10782, 2077
10783, 1829
10784, 2552
10785, 2122
10786, 1874
10787, 2786
10788, 2167
10789, 1874
10790, 2650
10814, 2722
10815, 2167
10816, 1874
10817, 2566
10818, 2167
10819, 1874
10820, 4551
10821, 2122
10822, 1829
10823, 2696
10824, 2077
10848, 2167
10849, 1874
10850, 2650
10851, 2167
10852, 1874
10853, 2786
10854, 2167
10855, 1874
10856, 2722
10857, 2167
10858, 1874
10882, 1829
10883, 2696
10884, 2077
10885, 1829
10886, 2552
10887, 2122
10888, 1874
10889, 2786
10890, 2167
10891, 1874
10892, 2650
10916, 2650
10917, 2167
10918, 1874
10919, 2786
10920, 2167
10921, 1874
10922, 3890
10923, 2122
10924, 1829
10925, 2696
10926, 2077
10950, 2077
10951, 1829
10952, 2552
10953, 2122
10954, 1874
10955, 2786
10956, 2167
10957, 1874
10958, 2650
10959, 2167
10960, 1874
10984, 1874
10985, 2566
10986, 2167
10987, 1874
10988, 4551
10989, 2122
10990, 1829
10991, 2696
10992, 2077
10993, 1829
10994, 2552
11018, 2650
11019, 2167
11020, 1874
11021, 2786
11022, 2167
11023, 1874
11024, 2722
11025, 2167
11026, 1874
11027, 2566
11028, 2167
11052, 2077
11053, 1829
11054, 2552
11055, 2122
11056, 1874
11057, 2786
11058, 2167
11059, 1874
11060, 2650
11061, 2167
11062, 1874
11086, 1874
11087, 2786
11088, 2167
11089, 1874
11090, 3890
11091, 2122
11092, 1829
11093, 2696
11094, 2077
11095, 1829
11096, 2552
11120, 2552
11121, 2122
11122, 1874
11123, 2786
11124, 2167
11125, 1874
11126, 2650
11127, 2167
11128, 1874
11129, 2786
11130, 2167
11154, 2167
11155, 1874
11156, 4551
11157, 2122
11158, 1829
11159, 2696
11160, 2077
11161, 1829
11162, 2552
11163, 2122
11164, 1874
11188, 1874
11189, 2786
11190, 2167
11191, 1874
11192, 2722
11193, 2167
11194, 1874
11195, 2566
11196, 2167
11197, 1874
11198, 4551
11222, 2552
11223, 2122
11224, 1874
11225, 2786
11226, 2167
11227, 1874
11228, 2650
11229, 2167
11230, 1874
11231, 2786
11232, 2167
11256, 2167
11257, 1874
11258, 3890
11259, 2122
11260, 1829
11261, 2696
11262, 2077
11263, 1829
11264, 2552
11265, 2122
11266, 1874
11290, 1874
11291, 2786
11292, 2167
11293, 1874
11294, 2650
11295, 2167
11296, 1874
11297, 2786
11298, 2167
11299, 1874
11300, 3890
11324, 4551
11325, 2122
11326, 1829
11327, 2696
11328, 2077
11329, 1829
11330, 2552
11331, 2122
11332, 1874
11333, 2786
11334, 2167
11358, 2167
11359, 1874
11360, 2722
11361, 2167
11362, 1874
11363, 2566
11364, 2167
11365, 1874
11366, 4551
11367, 2122
11368, 1829
11392, 1874
11393, 2786
11394, 2167
11395, 1874
11396, 2650
11397, 2167
11398, 1874
11399, 2786
11400, 2167
11401, 1874
11402, 2722
11426, 3890
11427, 2122
11428, 1829
11429, 2696
11430, 2077
11431, 1829
11432, 2552
11433, 2122
11434, 1874
11435, 2786
11436, 2167
11460, 2167
11461, 1874
11462, 2650
11463, 2167
11464, 1874
11465, 2786
11466, 2167
11467, 1874
11468, 3890
11469, 2122
11470, 1829
11494, 1829
11495, 3157
11496, 2077
11497, 1829
11498, 3621
11499, 2077
11500, 1829
11501, 2474
11502, 2122
11503, 1874
11504, 3495
11528, 2856
11529, 2167
11530, 1874
11531, 3820
11532, 2122
11533, 1829
11534, 2766
11535, 2077
11536, 1829
11537, 2482
11538, 2122
11562, 2122
11563, 1874
11564, 2856
11565, 2167
11566, 1874
11567, 2580
11568, 2167
11569, 1874
11570, 2856
11571, 2167
11572, 1874
11596, 1874
11597, 3694
11598, 2122
11599, 1829
11600, 3060
11601, 2077
11602, 1829
11603, 3625
11604, 2077
11605, 1829
11606, 2412
11630, 2502
11631, 2167
11632, 1874
11633, 2784
11634, 2167
11635, 1874
11636, 3742
11637, 2122
11638, 1829
11639, 2694
11640, 2077
11664, 2077
11665, 1829
11666, 2404
11667, 2122
11668, 1874
11669, 2784
11670, 2167
11671, 1874
11672, 2502
11673, 2167
11674, 1874
11698, 1874
11699, 2638
11700, 2167
11701, 1874
11702, 3731
11703, 2122
11704, 1829
11705, 3097
11706, 2077
11707, 1829
11708, 3345
11732, 2576
11733, 2167
11734, 1874
11735, 2432
11736, 2167
11737, 1874
11738, 2576
11739, 2167
11740, 1874
11741, 3672
11742, 2122
11766, 2122
11767, 1829
11768, 2486
11769, 2077
11770, 1829
11771, 2334
11772, 2122
11773, 1874
11774, 2576
11775, 2167
11776, 1874
11800, 1874
11801, 2504
11802, 2167
11803, 1874
11804, 2576
11805, 2167
11806, 1874
11807, 3591
11808, 2122
11809, 1829
11810, 2941
11834, 2274
11835, 2122
11836, 1874
11837, 2358
11838, 2167
11839, 1874
11840, 2372
11841, 2167
11842, 1874
11843, 2358
11844, 2167
11868, 2167
11869, 1874
11870, 3408
11871, 2122
11872, 1829
11873, 2772
11874, 2032
11875, 1784
11876, 1982
11877, 1875
11878, 1672
11902, 1453
11903, 1148
11904, 2403
11905, 1453
11906, 1148
11907, 1650
11908, 1453
11909, 1148
11910, 2401
11911, 1453
11912, 1148
11936, 1717
11937, 1717
11938, 1717
11939, 1717
11940, 1717
11941, 1717
11942, 1717
11943, 1717
11944, 1717
11945, 1717
11946, 1717
11970, 1717
11971, 1717
11972, 1717
11973, 1717
11974, 1717
11975, 1717
11976, 1717
11977, 1717
11978, 1717
11979, 1717
11980, 1717
12004, 1717
12005, 1717
12006, 1717
12007, 1717
12008, 1717
12009, 1717
12010, 1717
12011, 1717
12012, 1717
12013, 1717
12014, 1717
12038, 1717
12039, 1717
12040, 1717
12041, 1717
12042, 1717
12043, 1717
12044, 1717
12045, 1717
12046, 1717
12047, 1717
12048, 1717
12072, 1717
12073, 1717
12074, 1717
12075, 1717
12076, 1717
12077, 1717
12078, 1717
12079, 1717
12080, 1717
12081, 1717
12082, 1717
12106, 1717
12107, 1717
12108, 1717
12109, 1717
12110, 1717
12111, 1717
12112, 1717
12113, 1717
12114, 1717
12115, 1717
12116, 1717
12140, 1717
12141, 1717
12142, 1717
12143, 1717
12144, 1717
12145, 1717
12146, 1717
12147, 1717
12148, 1717
12149, 1717
12150, 1717
12174, 1717
12175, 1717
12176, 1717
12177, 1717
12178, 1717
12179, 1717
12180, 1717
12181, 1717
12182, 1717
12183, 1717
12184, 1717
12208, 1717
12209, 1717
12210, 1717
12211, 1717
12212, 1717
12213, 1717
12214, 1717
12215, 1717
12216, 1717
12217, 1717
12218, 1717
12242, 1717
12243, 1717
12244, 1717
12245, 1717
12246, 1717
12247, 1717
12248, 1717
12249, 1717
12250, 1717
12251, 1717
12252, 1717
12276, 1717
12277, 1717
12278, 1717
12279, 1717
12280, 1717
12281, 1717
12282, 1717
12283, 1717
12284, 1717
12285, 1717
12286, 1717
12310, 1717
12311, 1717
12312, 1717
12313, 1717
12314, 1717
12315, 1717
12316, 1717
12317, 1717
12318, 1717
12319, 1717
12320, 1717
12344, 1717
12345, 1717
12346, 1717
12347, 1717
12348, 1717
12349, 1717
12350, 1717
12351, 1717
12352, 1717
12353, 1717
12354, 1717
12378, 1717
12379, 1717
12380, 1717
12381, 1717
12382, 1717
12383, 1717
12384, 1717
12385, 1717
12386, 1717
12387, 1717
12388, 1717
12412, 1717
12413, 1717
12414, 1717
12415, 1717
12416, 1717
12417, 1717
12418, 1717
12419, 1717
12420, 1717
12421, 1717
12422, 1717
12446, 1717
12447, 1717
12448, 1717
12449, 1717
12450, 1717
12451, 1717
12452, 1717
12453, 1717
12454, 1717
12455, 1717
12456, 1717
12480, 1717
12481, 1717
12482, 1717
12483, 1717
12484, 1717
12485, 1717
12486, 1717
12487, 1717
12488, 1717
12489, 1717
12490, 1717
12514, 1717
12515, 1717
12516, 1717
12517, 1717
12518, 1717
12519, 1717
12520, 1717
12521, 1717
12522, 1717
12523, 1717
12524, 1717
12548, 1717
12549, 1717
12550, 1717
12551, 1717
12552, 1717
12553, 1717
12554, 1717
12555, 1717
12556, 1717
12557, 1717
12558, 1717
12582, 1717
12583, 1717
12584, 1717
12585, 1717
12586, 1717
12587, 1717
12588, 1717
12589, 1717
12590, 1717
12591, 1717
12592, 1717
12616, 1717
12617, 1717
12618, 1717
12619, 1717
12620, 1717
12621, 1717
12622, 1717
12623, 1717
12624, 1717
12625, 1717
12626, 1717
12650, 1717
12651, 1717
12652, 1717
12653, 1717
12654, 1717
12655, 1717
12656, 1717
12657, 1717
12658, 1717
12659, 1717
12660, 1717
12684, 1717
12685, 1717
12686, 1717
12687, 1717
12688, 1717
12689, 1717
12690, 1717
12691, 1717
12692, 1717
12693, 1717
12694, 1717
12718, 1717
12719, 1717
12720, 1717
12721, 1717
12722, 1717
12723, 1717
12724, 1717
12725, 1717
12726, 1717
12727, 1717
12728, 1717
12752, 1717
12753, 1717
12754, 1717
12755, 1717
12756, 1717
12757, 1717
12758, 1717
12759, 1717
12760, 1717
12761, 1717
12762, 1717
12786, 1717
12787, 1717
12788, 1717
12789, 1717
12790, 1717
12791, 1717
12792, 1717
12793, 1717
12794, 1717
12795, 1717
12796, 1717
12820, 1717
12821, 1717
12822, 1717
12823, 1717
12824, 1717
12825, 1717
12826, 1717
12827, 1717
12828, 1717
12829, 1717
12830, 1717
12854, 1717
12855, 1717
12856, 1717
12857, 1717
12858, 1717
12859, 1717
12860, 1717
12861, 1717
12862, 1717
12863, 1717
12864, 1717
12888, 1717
12889, 1717
12890, 1717
12891, 1717
12892, 1717
12893, 1717
12894, 1717
12895, 1717
12896, 1717
12897, 1717
12898, 1717
12922, 1717
12923, 1717
12924, 1717
12925, 1717
12926, 1717
12927, 1717
12928, 1717
12929, 1717
12930, 1717
12931, 1717
12932, 1717
12956, 1717
12957, 1717
12958, 1717
12959, 1717
12960, 1717
12961, 1717
12962, 1717
12963, 1717
12964, 1717
12965, 1717
12966, 1717
12990, 1717
12991, 1717
12992, 1717
12993, 1717
12994, 1717
12995, 1717
12996, 1717
12997, 1717
12998, 1717
12999, 1717
13000, 1717
13024, 1717
13025, 1717
13026, 1717
13027, 1717
13028, 1717
13029, 1717
13030, 1717
13031, 1717
13032, 1717
13033, 1717
13034, 1717
13058, 1717
13059, 1717
13060, 1717
13061, 1717
13062, 1717
13063, 1717
13064, 1717
13065, 1717
13066, 1717
13067, 1717
13068, 1717
13092, 1717
13093, 1717
13094, 1717
13095, 1717
13096, 1717
13097, 1717
13098, 1717
13099, 1717
13100, 1717
13101, 1717
13102, 1717
13126, 1717
13127, 1717
13128, 1717
13129, 1717
13130, 1717
13131, 1717
13132, 1717
13133, 1717
13134, 1717
13135, 1717
13136, 1717
13160, 1717
13161, 1717
13162, 1717
13163, 1717
13164, 1717
13165, 1717
13166, 1717
13167, 1717
13168, 1717
13169, 1717
13170, 1717
13194, 1717
13195, 1717
13196, 1717
13197, 1717
13198, 1717
13199, 1717
13200, 1717
13201, 1717
13202, 1717
13203, 1717
13204, 1717
13228, 1717
13229, 1717
13230, 1717
13231, 1717
13232, 1717
13233, 1717
13234, 1717
13235, 1717
13236, 1717
13237, 1717
13238, 1717
13262, 1717
13263, 1717
13264, 1717
13265, 1717
13266, 1717
13267, 1717
13268, 1717
13269, 1717
13270, 1717
13271, 1717
13272, 1717
13296, 1717
13297, 1717
13298, 1717
13299, 1717
13300, 1717
13301, 1717
13302, 1717
13303, 1717
13304, 1717
13305, 1717
13306, 1717
13330, 1717
13331, 1717
13332, 1717
13333, 1717
13334, 1717
13335, 1717
13336, 1717
13337, 1717
13338, 1717
13339, 1717
13340, 1717
13364, 1717
13365, 1717
13366, 1717
13367, 1717
13368, 1717
13369, 1717
13370, 1717
13371, 1717
13372, 1717
13373, 1717
13374, 1717
13398, 1717
13399, 1717
13400, 1717
13401, 1717
13402, 1717
13403, 1717
13404, 1717
13405, 1717
13406, 1717
13407, 1717
13408, 1717
13432, 1717
13433, 1717
13434, 1717
13435, 1717
13436, 1717
13437, 1717
13438, 1717
13439, 1717
13440, 1717
13441, 1717
13442, 1717
13466, 1717
13467, 1717
13468, 1717
13469, 1717
13470, 1717
13471, 1717
13472, 1717
13473, 1717
13474, 1717
13475, 1717
13476, 1717
13500, 1717
13501, 1717
13502, 1717
13503, 1717
13504, 1717
13505, 1717
13506, 1717
13507, 1717
13508, 1717
13509, 1717
13510, 1717
13534, 1717
13535, 1717
13536, 1717
13537, 1717
13538, 1717
13539, 1717
13540, 1717
13541, 1717
13542, 1717
13543, 1717
13544, 1717
13568, 1717
13569, 1717
13570, 1717
13571, 1717
13572, 1717
13573, 1717
13574, 1717
13575, 1717
13576, 1717
13577, 1717
13578, 1717
13602, 1717
13603, 1717
13604, 1717
13605, 1717
13606, 1717
13607, 1717
13608, 1717
13609, 1717
13610, 1717
13611, 1717
13612, 1717
13636, 1716
13637, 1716
13638, 1716
13639, 1716
13640, 1716
13641, 1716
13642, 1716
13643, 1716
13644, 1716
13645, 1716
13646, 1716
13670, 1716
13671, 1716
13672, 1716
13673, 1716
13674, 1716
13675, 1716
13676, 1716
13677, 1716
13678, 1716
13679, 1716
13680, 1716
13704, 1453
13705, 1148
13706, 2582
13707, 1453
13708, 1148
13709, 2068
13710, 1957
13711, 2141
13712, 2119
13713, 2224
13714, 2249
13738, 1453
13739, 1148
13740, 2750
13741, 1453
13742, 1148
13743, 2479
13744, 1453
13745, 1148
13746, 1686
13747, 1408
13748, 1103
13772, 1148
13773, 2479
13774, 1453
13775, 1148
13776, 2750
13777, 1453
13778, 1148
13779, 2476
13780, 1453
13781, 1148
13782, 1649
13806, 1555
13807, 1408
13808, 1148
13809, 2440
13810, 1453
13811, 1148
13812, 2512
13813, 1453
13814, 1148
13815, 2068
13816, 1957
13840, 1638
13841, 1453
13842, 1148
13843, 2260
13844, 1408
13845, 1103
13846, 1358
13847, 1239
13848, 1421
13849, 1731
13850, 1774
13874, 1453
13875, 1148
13876, 2499
13877, 1453
13878, 1148
13879, 1620
13880, 1408
13881, 1103
13882, 2129
13883, 1408
13884, 1148
13908, 1148
13909, 2227
13910, 1453
13911, 1148
13912, 2285
13913, 1408
13914, 1103
13915, 1694
13916, 1592
13917, 1408
13918, 1148
13942, 1148
13943, 2547
13944, 1453
13945, 1148
13946, 2068
13947, 1957
13948, 2001
13949, 2049
13950, 2090
13951, 2054
13952, 2091
13976, 1408
13977, 1103
13978, 2280
13979, 1363
13980, 1103
13981, 1555
13982, 1408
13983, 1148
13984, 2374
13985, 1453
13986, 1148
14010, 1148
14011, 1640
14012, 1453
14013, 1148
14014, 2392
14015, 1453
14016, 1148
14017, 1622
14018, 1408
14019, 1103
14020, 2129
14044, 1810
14045, 1543
14046, 1193
14047, 2459
14048, 1543
14049, 1193
14050, 1738
14051, 1543
14052, 1193
14053, 2527
14054, 1543
14078, 1807
14079, 1807
14080, 1807
14081, 1807
14082, 1807
14083, 1807
14084, 1807
14085, 1807
14086, 1807
14087, 1807
14088, 1807
14112, 1807
14113, 1807
14114, 1807
14115, 1807
14116, 1807
14117, 1807
14118, 1807
14119, 1807
14120, 1807
14121, 1807
14122, 1807
14146, 1807
14147, 1807
14148, 1807
14149, 1807
14150, 1807
14151, 1807
14152, 1807
14153, 1807
14154, 1807
14155, 1807
14156, 1807
14180, 1807
14181, 1807
14182, 1807
14183, 1807
14184, 1807
14185, 1807
14186, 1807
14187, 1807
14188, 1807
14189, 1807
14190, 1807
14214, 1807
14215, 1807
14216, 1807
14217, 1807
14218, 1807
14219, 1807
14220, 1807
14221, 1807
14222, 1807
14223, 1807
14224, 1807
14248, 1807
14249, 1807
14250, 1807
14251, 1807
14252, 1807
14253, 1807
14254, 1807
14255, 1807
14256, 1807
14257, 1807
14258, 1807
14282, 1807
14283, 1807
14284, 1807
14285, 1807
14286, 1807
14287, 1807
14288, 1807
14289, 1807
14290, 1807
14291, 1807
14292, 1807
14316, 1807
14317, 1807
14318, 1807
14319, 1807
14320, 1807
14321, 1807
14322, 1807
14323, 1807
14324, 1807
14325, 1807
14326, 1807
14350, 1807
14351, 1807
14352, 1807
14353, 1807
14354, 1807
14355, 1807
14356, 1807
14357, 1807
14358, 1807
14359, 1807
14360, 1807
14384, 1807
14385, 1807
14386, 1807
14387, 1807
14388, 1807
14389, 1807
14390, 1807
14391, 1807
14392, 1807
14393, 1807
14394, 1807
14418, 1807
14419, 1807
14420, 1807
14421, 1807
14422, 1807
14423, 1807
14424, 1807
14425, 1807
14426, 1807
14427, 1807
14428, 1807
14452, 1807
14453, 1807
14454, 1807
14455, 1807
14456, 1807
14457, 1807
14458, 1807
14459, 1807
14460, 1807
14461, 1807
14462, 1807
14486, 1807
14487, 1807
14488, 1807
14489, 1807
14490, 1807
14491, 1807
14492, 1807
14493, 1807
14494, 1807
14495, 1807
14496, 1807
14520, 1807
14521, 1807
14522, 1807
14523, 1807
14524, 1807
14525, 1807
14526, 1807
14527, 1807
14528, 1807
14529, 1807
14530, 1807
14554, 1807
14555, 1807
14556, 1807
14557, 1807
14558, 1807
14559, 1807
14560, 1807
14561, 1807
14562, 1807
14563, 1807
14564, 1807
14588, 1807
14589, 1807
14590, 1807
14591, 1807
14592, 1807
14593, 1807
14594, 1807
14595, 1807
14596, 1807
14597, 1807
14598, 1807
14622, 1807
14623, 1807
14624, 1807
14625, 1807
14626, 1807
14627, 1807
14628, 1807
14629, 1807
14630, 1807
14631, 1807
14632, 1807
14656, 1807
14657, 1807
14658, 1807
14659, 1807
14660, 1807
14661, 1807
14662, 1807
14663, 1807
14664, 1807
14665, 1807
14666, 1807
14690, 1807
14691, 1807
14692, 1807
14693, 1807
14694, 1807
14695, 1807
14696, 1807
14697, 1807
14698, 1807
14699, 1807
14700, 1807
14724, 1807
14725, 1807
14726, 1807
14727, 1807
14728, 1807
14729, 1807
14730, 1807
14731, 1807
14732, 1807
14733, 1807
14734, 1807
14758, 1806
14759, 1806
14760, 1806
14761, 1806
14762, 1806
14763, 1806
14764, 1806
14765, 1806
14766, 1806
14767, 1806
14768, 1806
14792, 1806
14793, 1806
14794, 1806
14795, 1806
14796, 1806
14797, 1806
14798, 1806
14799, 1806
14800, 1806
14801, 1806
14802, 1806
14826, 1193
14827, 2386
14828, 1498
14829, 1148
14830, 1712
14831, 1637
14832, 1408
14833, 1103
14834, 2170
14835, 1318
14836, 1058
14860, 556
14861, 556
14862, 556
14863, 556
14864, 556
14865, 556
14866, 556
14867, 556
14868, 556
14869, 556
14870, 556
14894, 556
14895, 556
14896, 556
14897, 556
14898, 556
14899, 556
14900, 556
14901, 556
14902, 556
14903, 556
14904, 556
14928, 556
14929, 556
14930, 556
14931, 556
14932, 556
14933, 556
14934, 556
14935, 556
14936, 556
14937, 556
14938, 556
14962, 556
14963, 556
14964, 556
14965, 556
14966, 556
14967, 556
14968, 556
14969, 556
14970, 556
14971, 556
14972, 556
14996, 556
14997, 556
14998, 556
14999, 768
15000, 557
15001, 1767
15002, 1819
15003, 1798
15004, 1396
15005, 1915
15006, 1967
15030, 1650
15031, 1681
15032, 1441
15033, 1960
15034, 2012
15035, 2057
15036, 1605
15037, 1671
15038, 1441
15039, 1960
15040, 2012
15064, 2047
15065, 2048
15066, 2049
15067, 2050
15068, 2051
15069, 2052
15070, 2053
15071, 2054
15072, 2055
15073, 2056
15074, 2057
15098, 2049
15099, 2091
15100, 2092
15101, 2093
15102, 2094
15103, 2095
15104, 2096
15105, 2097
15106, 2098
15107, 2099
15108, 2100
15132, 2101
15133, 1605
15134, 1490
15135, 1522
15136, 2049
15137, 2091
15138, 2092
15139, 2093
15140, 2094
15141, 2095
15142, 2096
15166, 2137
15167, 2138
15168, 1654
15169, 2100
15170, 1639
15171, 1490
15172, 1909
15173, 1888
15174, 1971
15175, 1992
15176, 2000
15200, 1625
15201, 1657
15202, 2165
15203, 2207
15204, 2208
15205, 2209
15206, 2210
15207, 2211
15208, 2212
15209, 2213
15210, 2214
15234, 1812
15235, 2432
15236, 2474
15237, 2509
15238, 2544
15239, 2509
15240, 2544
15241, 2579
15242, 2579
15243, 2544
15244, 2420
15268, 2297
15269, 1752
15270, 1665
15271, 2178
15272, 2316
15273, 1876
15274, 1941
15275, 1977
15276, 1995
15277, 2000
15278, 2035
15302, 2667
15303, 2702
15304, 2737
15305, 2702
15306, 2737
15307, 2772
15308, 2772
15309, 2505
15310, 2613
15311, 2668
15312, 2716
15336, 1927
15337, 2541
15338, 2589
15339, 2624
15340, 2659
15341, 2624
15342, 2659
15343, 2694
15344, 2694
15345, 2659
15346, 2659
15370, 2837
15371, 2837
15372, 2837
15373, 2837
15374, 2837
15375, 2837
15376, 2837
15377, 2837
15378, 2837
15379, 2837
15380, 1802
15404, 2390
15405, 2917
15406, 1847
15407, 1813
15408, 1812
15409, 1719
15410, 2232
15411, 1947
15412, 2562
15413, 2411
15414, 1926
15438, 2186
15439, 2182
15440, 2182
15441, 2186
15442, 2217
15443, 2217
15444, 2217
15445, 2179
15446, 2478
15447, 2142
15448, 2215
15472, 2256
15473, 2253
15474, 2182
15475, 2258
15476, 2218
15477, 2218
15478, 2217
15479, 2256
15480, 2218
15481, 2253
15482, 2250
15506, 2097
15507, 2011
15508, 2561
15509, 2215
15510, 2180
15511, 2180
15512, 2178
15513, 2182
15514, 2215
15515, 2217
15516, 2213
15540, 2577
15541, 2509
15542, 3196
15543, 2475
15544, 2324
15545, 3216
15546, 2523
15547, 2554
15548, 3311
15549, 2558
15550, 2484
15574, 2194
15575, 2180
15576, 2411
15577, 2362
15578, 2440
15579, 2405
15580, 2397
15581, 2252
15582, 2226
15583, 2189
15584, 2717
15608, 2790
15609, 2790
15610, 2724
15611, 2722
15612, 2852
15613, 2755
15614, 2756
15615, 2724
15616, 2758
15617, 2592
15618, 2661
15642, 2715
15643, 2713
15644, 2699
15645, 2745
15646, 2780
15647, 2750
15648, 2677
15649, 2771
15650, 2817
15651, 2747
15652, 2753
15676, 2656
15677, 2749
15678, 2760
15679, 2690
15680, 2728
15681, 2797
15682, 2678
15683, 2759
15684, 2759
15685, 2801
15686, 2763
15710, 2714
15711, 2756
15712, 2718
15713, 2776
15714, 2786
15715, 2644
15716, 2648
15717, 2646
15718, 2370
15719, 2213
15720, 1829
15744, 1874
15745, 2786
15746, 2167
15747, 1874
15748, 2650
15749, 2167
15750, 1874
15751, 2786
15752, 2167
15753, 1874
15754, 3363
15778, 4551
15779, 2122
15780, 1829
15781, 2696
15782, 2077
15783, 1829
15784, 2552
15785, 2122
15786, 1874
15787, 2786
15788, 2167
15812, 2167
15813, 1874
15814, 2722
15815, 2167
15816, 1874
15817, 2566
15818, 2167
15819, 1874
15820, 4551
15821, 2122
15822, 1829
15846, 1874
15847, 2786
15848, 2167
15849, 1874
15850, 2650
15851, 2167
15852, 1874
15853, 2786
15854, 2167
15855, 1874
15856, 2722
15880, 3890
15881, 2122
15882, 1829
15883, 2696
15884, 2077
15885, 1829
15886, 2552
15887, 2122
15888, 1874
15889, 2786
15890, 2167
15914, 2167
15915, 1874
15916, 2650
15917, 2167
15918, 1874
15919, 2786
15920, 2167
15921, 1874
15922, 3890
15923, 2122
15924, 1829
15948, 1829
15949, 2696
15950, 2077
15951, 1829
15952, 2552
15953, 2122
15954, 1874
15955, 2786
15956, 2167
15957, 1874
15958, 2650
15982, 2722
15983, 2167
15984, 1874
15985, 2566
15986, 2167
15987, 1874
15988, 4551
15989, 2122
15990, 1829
15991, 2696
15992, 2077
16016, 2167
16017, 1874
16018, 2650
16019, 2167
16020, 1874
16021, 2786
16022, 2167
16023, 1874
16024, 2722
16025, 2167
16026, 1874
16050, 1829
16051, 2696
16052, 2077
16053, 1829
16054, 2552
16055, 2122
16056, 1874
16057, 2786
16058, 2167
16059, 1874
16060, 2650
16084, 2650
16085, 2167
16086, 1874
16087, 2786
16088, 2167
16089, 1874
16090, 3890
16091, 2122
16092, 1829
16093, 2696
16094, 2077
16118, 2077
16119, 1829
16120, 2552
16121, 2122
16122, 1874
16123, 2786
16124, 2167
16125, 1874
16126, 2650
16127, 2167
16128, 1874
16152, 1874
16153, 2566
16154, 2167
16155, 1874
16156, 4551
16157, 2122
16158, 1829
16159, 2696
16160, 2077
16161, 1829
16162, 2552
16186, 2650
16187, 2167
16188, 1874
16189, 2786
16190, 2167
16191, 1874
16192, 2722
16193, 2167
16194, 1874
16195, 2566
16196, 2167
16220, 2077
16221, 1829
16222, 2552
16223, 2122
16224, 1874
16225, 2786
16226, 2167
16227, 1874
16228, 2650
16229, 2167
16230, 1874
16254, 1874
16255, 2786
16256, 2167
16257, 1874
16258, 3890
16259, 2122
16260, 1829
16261, 2696
16262, 2077
16263, 1829
16264, 2552
16288, 2552
16289, 2122
16290, 1874
16291, 2786
16292, 2167
16293, 1874
16294, 2650
16295, 2167
16296, 1874
16297, 2786
16298, 2167
16322, 2167
16323, 1874
16324, 4551
16325, 2122
16326, 1829
16327, 2696
16328, 2077
16329, 1829
16330, 2552
16331, 2122
16332, 1874
16356, 1874
16357, 2786
16358, 2167
16359, 1874
16360, 2722
16361, 2167
16362, 1874
16363, 2566
16364, 2167
16365, 1874
16366, 4551
16390, 2553
16391, 2123
16392, 1875
16393, 2787
16394, 2168
16395, 1875
16396, 2651
16397, 2168
16398, 1875
16399, 2787
16400, 2168
16424, 2168
16425, 1875
16426, 3891
16427, 2123
16428, 1830
16429, 2697
16430, 2078
16431, 1830
16432, 2553
16433, 2123
16434, 1875
16458, 1875
16459, 2787
16460, 2168
16461, 1875
16462, 2651
16463, 2168
16464, 1875
16465, 2787
16466, 2168
16467, 1875
16468, 3891
16492, 3582
16493, 2123
16494, 1830
16495, 3158
16496, 2078
16497, 1830
16498, 3622
16499, 2078
16500, 1830
16501, 2475
16502, 2123
16526, 2168
16527, 1875
16528, 2857
16529, 2168
16530, 1875
16531, 3821
16532, 2123
16533, 1830
16534, 2767
16535, 2078
16536, 1830
16560, 1830
16561, 2483
16562, 2123
16563, 1875
16564, 2857
16565, 2168
16566, 1875
16567, 2581
16568, 2168
16569, 1875
16570, 2857
16594, 2637
16595, 2168
16596, 1875
16597, 3695
16598, 2123
16599, 1830
16600, 3061
16601, 2078
16602, 1830
16603, 3626
16604, 2078
16628, 2168
16629, 1875
16630, 2503
16631, 2168
16632, 1875
16633, 2785
16634, 2168
16635, 1875
16636, 3743
16637, 2123
16638, 1830
16662, 1830
16663, 2695
16664, 2078
16665, 1830
16666, 2405
16667, 2123
16668, 1875
16669, 2785
16670, 2168
16671, 1875
16672, 2503
16696, 2575
16697, 2168
16698, 1875
16699, 2639
16700, 2168
16701, 1875
16702, 3732
16703, 2123
16704, 1830
16705, 3098
16706, 2078
16730, 2123
16731, 1875
16732, 2577
16733, 2168
16734, 1875
16735, 2433
16736, 2168
16737, 1875
16738, 2577
16739, 2168
16740, 1875
16764, 1875
16765, 4554
16766, 2123
16767, 1830
16768, 2487
16769, 2078
16770, 1830
16771, 2335
16772, 2123
16773, 1875
16774, 2577
16798, 2577
16799, 2168
16800, 1875
16801, 2505
16802, 2168
16803, 1875
16804, 2577
16805, 2168
16806, 1875
16807, 3592
16808, 2123
16832, 2078
16833, 1830
16834, 2275
16835, 2123
16836, 1875
16837, 2359
16838, 2168
16839, 1875
16840, 2373
16841, 2168
16842, 1875
16866, 1875
16867, 2359
16868, 2168
16869, 1875
16870, 3409
16871, 2123
16872, 1830
16873, 2773
16874, 2033
16875, 1785
16876, 1983
16900, 1149
16901, 1579
16902, 1454
16903, 1149
16904, 2404
16905, 1454
16906, 1149
16907, 1651
16908, 1454
16909, 1149
16910, 2402
16934, 1673
16935, 1673
16936, 1673
16937, 1673
16938, 1673
16939, 1672
16940, 1672
16941, 1672
16942, 1672
16943, 1672
16944, 1672
16968, 1672
16969, 1672
16970, 1672
16971, 1672
16972, 1672
16973, 1672
16974, 1672
16975, 1672
16976, 1672
16977, 1672
16978, 1672
17002, 1672
17003, 1409
17004, 1104
17005, 2361
17006, 1409
17007, 1104
17008, 1687
17009, 1409
17010, 1104
17011, 2394
17012, 1409
17036, 2046
17037, 2294
17038, 2198
17039, 2047
17040, 2012
17041, 2060
17042, 2201
17043, 2161
17044, 2163
17045, 2163
17046, 2194
17070, 1319
17071, 1059
17072, 1436
17073, 1364
17074, 1104
17075, 2436
17076, 1409
17077, 1104
17078, 2706
17079, 1409
17080, 1104
17104, 1059
17105, 2271
17106, 1319
17107, 1059
17108, 1546
17109, 1364
17110, 1104
17111, 2437
17112, 1409
17113, 1104
17114, 2706
17138, 1920
17139, 1957
17140, 1887
17141, 1931
17142, 2029
17143, 1824
17144, 1059
17145, 2201
17146, 1319
17147, 1059
17148, 1441
17172, 2435
17173, 1409
17174, 1104
17175, 1675
17176, 1364
17177, 1059
17178, 2307
17179, 1319
17180, 1059
17181, 1511
17182, 1364
17206, 1409
17207, 1104
17208, 1671
17209, 1454
17210, 1149
17211, 2381
17212, 1499
17213, 1149
17214, 1732
17215, 1499
17216, 1149
17240, 1364
17241, 1059
17242, 1578
17243, 1503
17244, 1319
17245, 1059
17246, 2161
17247, 1274
17248, 1014
17249, 1224
17250, 1105
17274, 2061
17275, 2091
17276, 2021
17277, 2029
17278, 1788
17279, 1059
17280, 2269
17281, 1319
17282, 1059
17283, 1436
17284, 1364
17308, 1409
17309, 1104
17310, 2361
17311, 1409
17312, 1104
17313, 1607
17314, 1364
17315, 1059
17316, 2271
17317, 1319
17318, 1059
17342, 1104
17343, 2241
17344, 1364
17345, 1059
17346, 1578
17347, 1503
17348, 1319
17349, 1059
17350, 2126
17351, 1274
17352, 1014
17376, 512
17377, 512
17378, 512
17379, 512
17380, 512
17381, 512
17382, 512
17383, 512
17384, 512
17385, 512
17386, 512
17410, 512
17411, 512
17412, 512
17413, 512
17414, 512
17415, 512
17416, 512
17417, 512
17418, 512
17419, 512
17420, 512
17444, 512
17445, 512
17446, 512
17447, 512
17448, 512
17449, 512
17450, 512
17451, 512
17452, 512
17453, 512
17454, 512
17478, 512
17479, 512
17480, 512
17481, 512
17482, 512
17483, 512
17484, 512
17485, 512
17486, 512
17487, 512
17488, 512
17512, 512
17513, 512
17514, 512
17515, 512
17516, 512
17517, 512
17518, 512
17519, 512
17520, 512
17521, 512
17522, 512
17546, 512
17547, 512
17548, 512
17549, 512
17550, 512
17551, 512
17552, 512
17553, 512
17554, 512
17555, 512
17556, 512
17580, 512
17581, 512
17582, 512
17583, 512
17584, 512
17585, 512
17586, 512
17587, 512
17588, 512
17589, 512
17590, 512
17614, 512
17615, 512
17616, 512
17617, 512
17618, 512
17619, 512
17620, 512
17621, 512
17622, 512
17623, 512
17624, 512
17648, 512
17649, 512
17650, 512
17651, 512
17652, 512
17653, 512
17654, 512
17655, 512
17656, 512
17657, 512
17658, 512
17682, 512
17683, 512
17684, 512
17685, 512
17686, 512
17687, 512
17688, 512
17689, 512
17690, 512
17691, 512
17692, 512
17716, 512
17717, 512
17718, 512
17719, 512
17720, 512
17721, 512
17722, 512
17723, 512
17724, 512
17725, 512
17726, 512
17750, 512
17751, 512
17752, 512
17753, 512
17754, 512
17755, 512
17756, 512
17757, 512
17758, 512
17759, 512
17760, 512
17784, 512
17785, 512
17786, 512
17787, 512
17788, 512
17789, 512
17790, 512
17791, 512
17792, 512
17793, 512
17794, 512
17818, 512
17819, 512
17820, 512
17821, 512
17822, 512
17823, 512
17824, 512
17825, 512
17826, 512
17827, 512
17828, 512
17852, 512
17853, 512
17854, 512
17855, 512
17856, 512
17857, 512
17858, 512
17859, 512
17860, 512
17861, 512
17862, 512
17886, 512
17887, 512
17888, 512
17889, 512
17890, 512
17891, 512
17892, 512
17893, 512
17894, 512
17895, 512
17896, 512
17920, 512
17921, 512
17922, 512
17923, 512
17924, 512
17925, 512
17926, 512
17927, 512
17928, 512
17929, 512
17930, 512
17954, 512
17955, 512
17956, 512
17957, 512
17958, 512
17959, 512
17960, 512
17961, 512
17962, 512
17963, 512
17964, 512
17988, 512
17989, 512
17990, 512
17991, 512
17992, 512
17993, 512
17994, 512
17995, 512
17996, 512
17997, 512
17998, 512
18022, 512
18023, 512
18024, 512
18025, 512
18026, 512
18027, 512
18028, 512
18029, 512
18030, 512
18031, 512
18032, 512
18056, 512
18057, 512
18058, 512
18059, 512
18060, 512
18061, 512
18062, 512
18063, 512
18064, 512
18065, 512
18066, 512
18090, 512
18091, 512
18092, 512
18093, 512
18094, 512
18095, 512
18096, 512
18097, 512
18098, 512
18099, 512
18100, 512
18124, 512
18125, 512
18126, 512
18127, 512
18128, 512
18129, 512
18130, 512
18131, 512
18132, 512
18133, 512
18134, 512
18158, 512
18159, 512
18160, 512
18161, 512
18162, 512
18163, 512
18164, 512
18165, 512
18166, 512
18167, 512
18168, 512
18192, 512
18193, 512
18194, 512
18195, 512
18196, 512
18197, 512
18198, 512
18199, 512
18200, 512
18201, 512
18202, 512
18226, 512
18227, 512
18228, 512
18229, 512
18230, 512
18231, 512
18232, 512
18233, 512
18234, 512
18235, 512
18236, 512
18260, 512
18261, 512
18262, 512
18263, 512
18264, 512
18265, 512
18266, 512
18267, 512
18268, 512
18269, 512
18270, 512
18294, 512
18295, 512
18296, 512
18297, 512
18298, 512
18299, 512
18300, 512
18301, 512
18302, 512
18303, 512
18304, 512
18328, 512
18329, 512
18330, 512
18331, 512
18332, 512
18333, 512
18334, 512
18335, 512
18336, 512
18337, 512
18338, 512
18362, 512
18363, 512
18364, 512
18365, 512
18366, 512
18367, 512
18368, 512
18369, 512
18370, 512
18371, 512
18372, 512
18396, 512
18397, 512
18398, 512
18399, 512
18400, 512
18401, 512
18402, 512
18403, 512
18404, 512
18405, 512
18406, 512
18430, 512
18431, 512
18432, 512
18433, 512
18434, 512
18435, 512
18436, 512
18437, 512
18438, 512
18439, 512
18440, 512
18464, 512
18465, 512
18466, 512
18467, 512
18468, 512
18469, 512
18470, 512
18471, 512
18472, 512
18473, 512
18474, 512
18498, 512
18499, 512
18500, 512
18501, 512
18502, 512
18503, 512
18504, 512
18505, 512
18506, 512
18507, 512
18508, 512
18532, 512
18533, 512
18534, 512
18535, 512
18536, 512
18537, 512
18538, 512
18539, 512
18540, 512
18541, 512
18542, 512
18566, 512
18567, 512
18568, 512
18569, 512
18570, 512
18571, 512
18572, 512
18573, 512
18574, 512
18575, 512
18576, 512
18600, 512
18601, 512
18602, 512
18603, 512
18604, 512
18605, 512
18606, 512
18607, 512
18608, 512
18609, 512
18610, 512
18634, 512
18635, 512
18636, 512
18637, 512
18638, 512
18639, 512
18640, 512
18641, 512
18642, 512
18643, 512
18644, 512
18668, 512
18669, 512
18670, 512
18671, 512
18672, 512
18673, 512
18674, 512
18675, 512
18676, 512
18677, 512
18678, 512
18702, 512
18703, 512
18704, 512
18705, 512
18706, 512
18707, 512
18708, 512
18709, 512
18710, 512
18711, 512
18712, 512
18736, 512
18737, 512
18738, 512
18739, 512
18740, 512
18741, 512
18742, 512
18743, 512
18744, 512
18745, 512
18746, 512
18770, 512
18771, 512
18772, 512
18773, 512
18774, 512
18775, 512
18776, 512
18777, 512
18778, 512
18779, 512
18780, 512
18804, 512
18805, 512
18806, 512
18807, 512
18808, 512
18809, 512
18810, 512
18811, 512
18812, 512
18813, 512
18814, 512
18838, 512
18839, 512
18840, 512
18841, 512
18842, 512
18843, 512
18844, 512
18845, 512
18846, 512
18847, 512
18848, 512
18872, 512
18873, 512
18874, 512
18875, 512
18876, 512
18877, 512
18878, 512
18879, 512
18880, 512
18881, 512
18882, 512
18906, 512
18907, 512
18908, 512
18909, 512
18910, 512
18911, 512
18912, 512
18913, 512
18914, 512
18915, 512
18916, 512
18940, 512
18941, 512
18942, 512
18943, 512
18944, 512
18945, 512
18946, 512
18947, 512
18948, 512
18949, 512
18950, 512
18974, 512
18975, 512
18976, 512
18977, 512
18978, 512
18979, 512
18980, 512
18981, 512
18982, 512
18983, 512
18984, 512
19008, 512
19009, 512
19010, 512
19011, 512
19012, 512
19013, 512
19014, 512
19015, 512
19016, 512
19017, 512
19018, 512
19042, 512
19043, 512
19044, 512
19045, 512
19046, 512
19047, 512
19048, 512
19049, 512
19050, 512
19051, 512
19052, 512
19076, 512
19077, 512
19078, 512
19079, 512
19080, 512
19081, 512
19082, 512
19083, 512
19084, 512
19085, 512
19086, 512
19110, 512
19111, 512
19112, 512
19113, 512
19114, 512
19115, 512
19116, 512
19117, 512
19118, 512
19119, 512
19120, 512
19144, 512
19145, 512
19146, 512
19147, 512
19148, 512
19149, 512
19150, 512
19151, 512
19152, 512
19153, 512
19154, 512
19178, 512
19179, 512
19180, 512
19181, 512
19182, 512
19183, 512
19184, 512
19185, 512
19186, 512
19187, 512
19188, 512
19212, 512
19213, 512
19214, 512
19215, 512
19216, 512
19217, 512
19218, 512
19219, 512
19220, 512
19221, 512
19222, 512
19246, 512
19247, 512
19248, 512
19249, 512
19250, 512
19251, 512
19252, 512
19253, 512
19254, 512
19255, 512
19256, 512
19280, 512
19281, 512
19282, 512
19283, 512
19284, 512
19285, 512
19286, 512
19287, 512
19288, 512
19289, 512
19290, 512
19314, 512
19315, 512
19316, 512
19317, 512
19318, 512
19319, 512
19320, 512
19321, 512
19322, 512
19323, 512
19324, 512
19348, 512
19349, 512
19350, 512
19351, 512
19352, 512
19353, 512
19354, 512
19355, 512
19356, 512
19357, 512
19358, 512
19382, 512
19383, 512
19384, 512
19385, 512
19386, 512
19387, 512
19388, 512
19389, 512
19390, 512
19391, 512
19392, 512
19416, 512
19417, 512
19418, 512
19419, 512
19420, 512
19421, 512
19422, 512
19423, 512
19424, 512
19425, 512
19426, 512
19450, 512
19451, 512
19452, 512
19453, 512
19454, 512
19455, 512
19456, 512
19457, 512
19458, 512
19459, 512
19460, 512
19484, 512
19485, 512
19486, 512
19487, 512
19488, 512
19489, 512
19490, 512
19491, 512
19492, 512
19493, 512
19494, 512
19518, 512
19519, 512
19520, 512
19521, 512
19522, 512
19523, 512
19524, 512
19525, 512
19526, 512
19527, 512
19528, 512
19552, 512
19553, 512
19554, 512
19555, 512
19556, 512
19557, 512
19558, 512
19559, 512
19560, 512
19561, 512
19562, 512
19586, 512
19587, 512
19588, 512
19589, 512
19590, 512
19591, 512
19592, 512
19593, 512
19594, 512
19595, 512
19596, 512
19620, 512
19621, 512
19622, 512
19623, 512
19624, 512
19625, 512
19626, 512
19627, 512
19628, 512
19629, 512
19630, 512
19654, 512
19655, 512
19656, 512
19657, 512
19658, 512
19659, 512
19660, 512
19661, 512
19662, 512
19663, 512
19664, 512
19688, 512
19689, 512
19690, 512
19691, 512
19692, 512
19693, 512
19694, 512
19695, 512
19696, 512
19697, 512
19698, 512
19722, 512
19723, 512
19724, 512
19725, 512
19726, 512
19727, 512
19728, 512
19729, 512
19730, 512
19731, 512
19732, 512
19756, 512
19757, 512
19758, 512
19759, 512
19760, 512
19761, 512
19762, 512
19763, 512
19764, 512
19765, 512
19766, 512
19790, 512
19791, 512
19792, 512
19793, 512
19794, 512
19795, 512
19796, 512
19797, 512
19798, 512
19799, 512
19800, 512
19824, 512
19825, 512
19826, 512
19827, 512
19828, 512
19829, 512
19830, 512
19831, 512
19832, 512
19833, 512
19834, 512
19858, 512
19859, 512
19860, 512
19861, 512
19862, 512
19863, 512
19864, 512
19865, 512
19866, 512
19867, 512
19868, 512
19892, 512
19893, 512
19894, 512
19895, 512
19896, 512
19897, 512
19898, 512
19899, 512
19900, 512
19901, 512
19902, 512
19926, 512
19927, 512
19928, 512
19929, 512
19930, 512
19931, 512
19932, 512
19933, 512
19934, 512
19935, 512
19936, 512
19960, 512
19961, 512
19962, 512
19963, 512
19964, 512
19965, 512
19966, 512
19967, 512
19968, 512
19969, 512
19970, 512
19994, 512
19995, 512
19996, 512
19997, 512
19998, 512
19999, 691
