CoWatweGbAqyejxR4SHVNPvGRESUqR8xbtYYuFi6EGthsZF1hiJR
CoW5LH5YVJr4yG4QywVbttHKRuiTnGmVxXqeMcpKax7gr2YsoK53
CoWYZGpzq7jmjJt5n2LDTy2XH3YX3BpcyBKkM24Vx84FKZVXgoTJ
CoWNUp7Y1cfqqiBRGmLzorpDTq3KDFz7oHwhNQeVq9WU4vpNR9u8
CoWPCLxpdjZTT9SyHp4DJWqr3zy3y4VdHZRcWPKFXJvNrFSkLDAZ
CoUsRLvN6zatL7meqPwSgtNwXtoR2PQVffjEK9Zf6ywanrjPsWm4
CoUuFMp6WCeZawRLiJbn5SsycUcZuvhE6yPQkpjXVAF1K41p4tHo
CoW2QaMfFugdTFbE8fm4wRLgbmFsJpFkusUp9GpwqRRFBQthWNrq
CoUovoM5dXRJWXmkiNxqvtYLyu7wSZ3i2aaVSypdb3jUFQDgEkLG
CoVcT1KRhBBKjMpASRyqoajujqk8DRyNYZjSSo1iW7FY3uAkfnFF
CoVYm29MmEt4uxhF3rvo9ccDyewuKenKfJibHSQ5GXicU4Y7Szd7
CoWMzfgnQ3nA4wb4so8DpB2SL9ymcw3o9BSuSZdf9LjpApCgA45k
CoVYLeF6bVNwA9kGEAPFhqa1W9V9EjiwodPdFqkxqVFVrt8ze1cL
CoV6BjwVgBucWcXJ9zdoikwDLQis8HDWcrWbktUxewuUQkENW6w8
CoWBweSiuxwBd7zcfCVHPwAQK2rrJzKRRatn6RUb3qaAux3f4iDj
CoUpFVvXi1kdnvdYD8tSMy7tiaWnPjXxT7cVu7i7bG8McDEVuLqb
CoVPXx1ih4vrYsQXumdB6QpxpZtDvwJ6MebBMnrc6pdnGSYvHwB4
CoWG2pczu7QEqLDY92JogfnHAtoTNsYcqY8oQ6K23v2Z7wRBGYrZ
CoWCQuaGUyFouchtN5bx6etCCzVpMD6nbgSNQG89HtKnFzGZX8en
CoWFqGg4hEhCUysx1KUMUFq6nWFeVvojJgGFPwWvXFg4SL2tt9eq
CoVZW6KF5MEm7nuzdmApiqnr1j4uAc5Q5mkSi5wUug445mf8aFfi
CoWMHhZ9U9H94QQGgHgZEaoX51ZWLiCEE1LAuzuTng86kCj2SK4q
CoWTjYtZeAr3mtBzctvU14XS1yqZ8xaZ7p4ByGVaYRtwmqJ87vPF
CoW9fr94KBJM74KvSfFXfMVZLBsiXfySJS2pkp63PUNYF2vh9fCh
CoV25xhcyDNijULExx31P6kCzbtqMhSnKRMh7ZqSjDzPUzoakdsw
CoW3PnUenzpGDCUEvBdNaYLa41dNDnyZRNGtGPUbdLopCW65mSz5
CoVTVNkirysEAgQUQYc1Sw5arbgZzYBbUotqKPEuhNhZqQ8aRHrL
CoVBa3nDiLzUvda7Qo6mRey7HSoYnCVhxWnySTyLqwU8NtSxhV5h
CoVfwLyrdpxJwRYnXZTukupzL1D2zvXR6g4B9jp8WCFuyURRCdNq
CoVoh8WtGz5DeoCQ9QTafqYQ9qVreSuiBiA5zRzMtUCAZxao5o71
CoUjGhgRDqfQuxWyJkmZYEpQJjugc4wvmQPhW9LKhMDUaQEwaXgx
CoWNBauftq48GYUkFTJWzcSBX1nLzdgGTECPxScgkK27LTL7h47d
CoVa1QBrTgkJTzdzXx9dMw3fepJfsPwKB8qTworXgbQGWjFFCHve
CoVh95iW8rSm99nYDavf2FNmgyFvoP9mSQX1Qj1CszySrFMc33bz
CoVH1rgfgaZkoq69ptCkAKzpB85JG9MqUgPNqyivnRz2ySTjrjAQ
CoUu1ryQJfpa2u7zaJphkbMT4zpCk68H5x7HnUWvnz2MHebvyAhF
CoWMme2EweU76Do3LAEyvEYBk2cJorg7osjXUCinTM3gzV1o6unR
CoVGFmNAJ2TTqV5qaYyxGoSYoZvSLbr44W1fe1oerNwMfkfVU3v8
CoVupmTngNqSBk84qwA2yWCdpEYZjrYUhQjt7mbuxwN3Y1khXSMb
CoWQAAqEPKj58rHg4pq6CK1KrJwrtfzCeXmaELre6MSc2GhfHhx4
CoWVwQyYXjnQx2kHGbo14s3JMFeMm6hX9myHPTSW2B56NDWdxfJX
CoWAX3iVVrRJqPPpEYa1JF4TxEnY2A8aAX8RvpvVNxrFU2gzE9jM
CoVoN1r3fCNRz8o4EqHQURaXXkGjE36crWVDwwoRjbxHCfucwT4U
CoVW4MEkDoWB1mVyr8fY7ADnx1rTScvcKiJWr5n4RErrcu6R8yGQ
CoUk9D34Y1wCRWr5jvLHGJBc2JYVkWzRp5fn5LGbAZEgw6My8NUe
CoUxvfanqgbWTun2hgocmzPUMjD2feWc53j2MQGF2DsSq9KDZzL4
CoV4dpJ4EGD2aS2Ch575CmM71x5yweRrdewpoDYuCTSLT7t1b3qX
CoVxg169dCFrM6AstRHWHg9WDecYAzVyWQTYxV6M2efmh1p1fVWf
CoUtVr2VgBpZEQyGsQFxrrQB4hUZrv1Pav95VqBoQ8Joe45r9q7h
CoV28hN8eiTA18MsqgchWyJnKhPpo6V2mSvgcjUmR7CPCBvNnMxW
CoWBwDSqoTSnTKJyhfk5kVhMYRnznC1nCvezKeLrbsPuo5TFE3vd
CoVziDwUquHGuxJXjgGtqEpD6xgiHygFd8zrRShdF1LZd8h7keDz
CoVy1QG1gapGjh9SDgQpcbEUgEZAbeNimxcPhC6BvCSzNZfgkBbC
CoW2XPz2BP2k3rQXyUcPQNqzyRtgxwo4RtHkgiKT5iXGWPjBE1Nx
CoVfwgD2LH1N5dYcGrBGVCEF6jMyxqJnkbh12rAjUX2BgGHiKqbL
CoVkedtUPoUvqRxnArouc9M22RVro4pBt69f1QvKMbvBmutjn23R
CoVijJMJgQWm9it6qmAA2En6QJfduSwKCsFxMyVUABVftrcmFkRx
CoWCwPRYLxHMipxQXTzpMJEFACwSnqwaycCynq8JgyhTTmisDt2g
CoVJd4xEknTHvipiKZcTvxQwL9EcE5SqpfQMYD3W2BEgu6mHs3ai
CoVgCbvSzcHeBoMV3P9wDAKqkJWDUiejG7s2TVJSKyzCuwesqFMr
CoVzwmsFARNLeV1G3ySYkJiV6XVCRtFVH5Ku797wH5NzfmXpWhrv
CoVVZx8Se9NAivu2A6jh5fTuH755auBo6f5AzcnBADuT7hjma2vo
CoW7CNTJ88mi2KZJf2okGjy13kuAaZqeGncbRfamF6iLJXr9pT6c
CoVurMxvMLdtXNDYNzYyr8es1vpqKghNunVFhBivmrZsU56U6b8w
CoVoja7WjwnLZayMcK2aXigaDaDQAjUbndXWW5y7xv9jqdjeRC6x
CoVKdBbcJWbUQUBYteBZEYvgdqhoK2Ngm9Q6guY5h6mftSakDkLv
CoWRcuZgno5pdYwQ5Y1hFjb9A5sZLRdgQXRffLn1pgoRrpZnBWyf
CoVSRmDohvmpNPhTmvty1W1JPNmEuSrwQoePGE5yAY2gdozTFg3V
CoVGunQ9eXzWMJftEWXvBtL94Va4KgSchtKwgXNV25Xh8r7qna4F
CoW13g32nbYD5NEtFVXpzRfLCMLEkzVwUV23a9NUXiFr8XH1fkm3
CoWWkQXcuQTWwkQUspPitpoCXQC3sLTq21NYozFoQahSkKfkThGc
CoVUfCvgiSN7eQn2jbbmzwHDi8vit2F2NWvTpELjDwEZnSsVynZS
CoUjjTG2tVDq7WaEobD5omEdcxey24uh7LaHo4ayWEnoTCW3Awzm
CoVSU3WjDbsockrtTW3rAXV4xy6R8VfT8GP9XSKCTjpGpe5CYv9L
CoVZMfUs2mDj6Lojp66TqskmjCmtNwyMYHoFcQ6fczMpWQAqr1Zu
CoV34HC5zcad7ZooMijQUxrS8dQfyAi51kpUMHL8b94hsRxyuuxx
CoWZWhxwuAJHM6C32gjE6hFiuoKTTU4WQBoxRgGvJNJJaGefKohj
CoVioib1SG4nPxw3wtx6DwzpafDZKuQK12km1f9YiPDqJNmSV7aQ
CoUtiUgDJ7DkSA99u4exNx4WJrtRCTGtfztJw3FuEFWCfc6GUMHc
CoVbDc7H27RcHtBZTM8KX4UxmMUiqeJQ1dMxf3cmBuDLdmmtMj4P
CoW4cATgMsDUM7fvLXnMye7M8freB5veZbAvW378p216ZAuUqL3F
CoUyjaENbZ5VGhbJjn4b6w7RDmddT13Fo1DCGSgvCBsRQrGG5uRv
CoWVgJiJGh8hxXziDLHF2UT6xiWt8MNeAcDoyk3WKJFKcPniRvcL
CoWZE1V6bzTJBsWc6Ti72zaxjZHzwjhRj2WM6hBd7kZUE9TEFauH
CoUrcPB9KToECEtrDHF966arqBdcwWbu1KLWWB6zwVsPATUTVydj
CoVwAjYVu1GU2bTYoqeJih2ckBSQmoZgasEBSuoTAVQE3SGJT1xF
CoV5aTfqpa1HnatsBQpBAgERmEgY1a5cG4KsQ9hXMKxksDnkegm9
CoW4R6hyvkmVHTrHAAki622JbwpwxWnWGLwC4kQpcTDbkjCpsx24
CoVRGVAD1yQ4BXtTGoZ9Va76tAJm7Jq7dw5Xe2ohsuMCjgoZznXe
CoV5X81Rq1Z7HSczvGpRg8kr1PwNEdAiBLYTTxF6ocKgSC1fqYhU
CoVoTemGr6nEqFyR5fdGig6dZA1BFPRbPodYGkncbo9SonZpr5AX
CoVcxwVUVvYPf3k48sCEmRvhzE8n4AyVBVhggz7sM1wRiRKRbzci
CoV4RkXaz83J8CATQm2Kfs2byqdgkxoF2XexwhtqchHQDGuZWrYj
CoV2BTA5pLcXawAaRAJQDWfUqYbnGCMxwPvWhb4FVCc3qK8jsekj
CoV8nya7miFoTkLm6EfsarNFtYj9CgGjp5yyaU3V1JJQJkS5g69b
CoWGeouTdd1NpZr2LDCeumsjoBXqWf6fXacrM5c4UeziKUas9o1P
CoUfeAjfQ2HEzy2vHz4H8jWStc9NEespHMKoJrv2Mzxd61zXEDbR
CoVJcgK2bZHWEVWu8bTdegYpJzzKtcSvZ4ipPCFCVEXR1VbRC6k5
CoW2FMbAyKyXuGtM6YrKCdJAQVaNs2LSLqzqhKvRXuLrdfQPzksh
CoVS6YkLbhYffcbdcdqmF2wXREQVzFQJCBZ8JUsWqnnm2mQ9nWye
CoV4kkLdw7WU3VJLUSBMM5MqZXy7YerptHbpe649W4swekavW9ES
CoUtNwtc9UdZggfX17zQshSNAiTGMz5TUFwFTQXWbVrJop5zi6Fw
CoUt2x8h4tA87XfnQUTgqLbU9VWVsVWPVPR2xvvUrYXqRr6SKBhz
CoWUpRv4VqUdHAqhNQThNXSzdupcUDMygNM6HDFLzvww4PLvtTdD
CoWaE6ZoMFDNv9XJFn2knQLyegEsEv2grqL3zFiNHn7ErNqPSo6Z
CoV66q7KvxN3eFtaseS6Y12e6Qg1b1qpc2FafYwVf4zohUsTdqme
CoVXRZLXiixhuDiECDagurLJk5gyhK7TNhwB269HBYnwUb6ZdFJv
CoVdEnE6pDNvzsx6GL4zgXycdGmMHAyc3m3LUZsHga9vsm8JWras
CoVLQUTE6nx5Dfn7dfA1JFXDuTz1eU77GWpYyv2mr94UCRXBbitZ
