CoW9KrVEDBFo5i1Y7SwGhD14pH2LHPA42CJSm3hbJU4pxL9xgv68
CoVE4VPcQgcX4SQNr5Qk9J9XZPVM5NCvxux8aqFheF4ziePft8vV
CoVn7ZU686bYLjkXUnpeR7hZ9wxEuFx4EyBYG8r6wNWZRoKUX1NT
CoWXVTtR76UScScwK5yr5jXcehE78ERx9fLRrd5tjXKFoZsmr1dk
CoWYuC9TvwB65GV8BVWepQRKu6CpFbujhnVePkRqUdn48gZiomB1
CoUnR4GL9zFtUzFuHWD27ojPhan9jguQJrgW99o6LtcRvrVDL9Ur
CoVfjUmx2fJV5FJxT23iGEoRDNGDzfdbc2dv3LMUfPA1m68TPBFs
CoVgVADnVT33Diss5WY2QXypAFWDAoU8NfBFMwJkzfCAYy1x2CDC
CoVnxeNP3E47gBGDFSFWTRizsADTcWNqpV6rDuebmxHv5jpPzcKV
CoWMcwhVnxMx1isMjATSr5WsE6cXemMyj3Y3yUKhaHA1nNuWykRL
CoUf91HZwck1X9rFgos6N1rw8GH6CLZwpap2aRrMHmDrKmJo3DAp
CoWQzuxo8V2ak4ua3LpzuJtoqEEG5KMcU9sUKHefVtGGMx4fmrC6
CoVpzJ4a7UXz9vmT2R9nzzXaVWRLG7XedHwpfFnhD7SbbGu6g22s
CoWDct5Mfe1kNxXf1s4AzDoTG7n5wRoSitLh48XTy3t8znUiGoNz
CoW9swTL7CrLRwh6AsEQwcY3NhEc8SEsDpxH7NcyY1Jhu1PKo6sr
CoUrrznR2WezS5HhFCunANc7g6Cwxwf46MaCFekgBAMSCj3CEfoc
CoVW5DnNyitkWF8oVmJtzabzDdRHKpyrqyVL85hU5DdGwoGRaAWF
CoWLEY4yTxm4SpBPsh8LceHhBLj9uSLRYEi5yDBYKDEmWcJkFeTB
CoVNqxEQGch9zdHURNRGahkBxEzyqFCMXAeSMfWLeLdwf8kWFiqG
CoUhFTBbBVX4U9hdDNPpdNFghxkfe3JtoRgzzEfouwsgJsTPyABN
CoWPw1dUsg5EfXjtLJpjZs4pW6wyUm7Lpa1aHyTxupcArj4iTAjR
CoV7g88XGQDfUj6jYHuVAbcPQRkRbMiUWWWwJsJR47DeYpWxXm6t
CoWL3Yuc4tDVW5Bh3FcyKtZNoE3QB69rJg4FcKDLufr7p7HStMSb
CoWShyFgoA3XDjZujMRWuw6MzpMAPnqBLKzZy6zsyVvHVfdT5fp4
CoVGc3iKsWuwVoHidhKVcvvLeY2UBPLVqHj7ZiDPgoNyMQMBtNvX
CoUvTJsNh5oZJBWdLvkQbHM1GCJAFiSyJXhBFsN9LDpNWFnq2eYD
CoUpL9Cu2MphHigeP3sFbQosCQbqxJKjBcFwHjzWaWnBvFX3aiQ6
CoVJ7XhhnHv5xn7aD3GcZi1kJDudkBvzKvsXZ98uoM1LkVZ5jvJ5
CoW7mgTdepxKQcGQu66u64pRyoMGqLeu9i4QuXyoWoVcGJTZvpzD
CoWY9VmpKNTE8UPVvmvZ18LNQ5o26cMQQH71tgUD5HsT9zsyHKxU
CoW6NzUMruddAYJQXfCRVLNUhATgSf5T4A8W8fL9bdeV5944UMgL
CoUjcTBdZbiSL2JtcWDf1jg9wr8XvMAtACNe4CmwUbsvDSQyDXtT
CoUooic66YCWM87DXGMHgJqtmdFsi33E4cAohVHAo7CMfUL8o98i
CoW7i3LT1MFeYMZ36BnBgY7C4kbibF8Kxk4htzJqBeqc8N5qwEqE
CoWF9w5M5BLjQL2FdTxDNXPmtbDqWYWE4D2PgCULgrcmQJrUcjrG
CoW2edWg6vSFZQjDQ6jzLoDEhMnkq2r6kXEve2CZinMxKpcVgD6U
CoVQgvVdn3msJiJZ3kS7ggirzJnVL41ywqWLSk8K7RAoUrVtRLhv
CoVmJzqJ788fidkTF4UmNahGs1JHEgc4ARAA2HJUh7GxgyEsqr33
CoVxuZRTUsEDRYQvQu79xU2985CuAYxKXDBSFBtL5dHMYrgVzVQV
CoVXmUhzdh4JxPg79qDVmrr67g9byaMj9F5kSAvNiCLwYyVEVi8q
CoWEbxxRHMxVw5GYXXtyd3UTvSCVJ8TY9A3wg9sRwgZk6vzvW22R
CoUiEiqn8kcbWYvrCEmvGBGJKkQMNQjQ4136zz4mSZxXQhwG5Fpt
CoUn2JKKN1CdNgbCGzu6EWbqBWChRWJD7smC1YuuYXh8PjGt5ftD
CoVnV9JSir85R9KPiEBEVDSStNQwSmc8Xe14aY2sKkbeB7Lwa7E4
CoUyzDxqDEmFRDb8zN4i5aLuc2gJzgwW9h7GDn3BfTimVXhAJMYh
CoUshBANLY4ELkK2DhDEMNLrZcoeicTx3ehCerDVkWVSK5KL7SMJ
CoVCsWJDnJ467RR8pFxr1xsLYYkq36WsBqCBbx9Fhkm1RZFzfcVg
CoVP8vsp2K6bmi6h8PcZHReRGpKsoeMKtrVu8PixQ2H3Wrqa9Stk
CoWYXitGYvWNkHjaWWZtr9V1KCKrQB4wbkQEXbaJUetxtz82UQKj
CoV5cSxx2E9Y31Bz3xDeRRr5KY1NsxY9BKMn7AbtXwg5Q1bwD617
CoVYvTgwduEM3MpFpGdoFdYAYnWK8fJfnDbYkq5afuLKFG4ze4uu
CoVRiKdEwV9To7eTjqicAeoFTpEsxtS5whTj1eSJ6g2d5FPuMoED
CoV9v4KUgGkBKUJW8KLoa6jDcJLQMDhMXDAE5NyyT1LuzBtvrzvd
CoW8Nrcpksw3wBA5ZbrUPouvp7ddgHE3vVfShaEo8Aen8fSFoQsM
CoUxWdoFeP8DBoZQb5Dh9zHsrsZaRjy9zHamsKRDeFsWk4VeetZ1
CoUje1UZyhT2w8wHTiWeukYZzKserzUjGbPnPzqWdfxyGzCma9oo
CoVGqtQDSq1ZZi3EwpjtL5ruqpqQLsRoGD2iWzpDUoy4bB84CsfD
CoVw8dPdPKd6Z6N2GxC7GsRHiYZRNXGUmyVAGPGFfMSDLyxBz5MT
CoUu4SdxkY1UJ7AemaM8AN7d6DEHb5brwmBeERFKZxRyMwu4F2iS
CoUvUP554rfK3xqG1Kusof3uu9988YSdV6zA8bAAVdztPa1Fz1WC
CoVNbuKrbWgt1y3y1YmyJhs9VW7JiEybbQ5zr3uQKA1nSzdkzs2Y
CoV6WVR37Dt22FvQRcAeJ16GqwK5rd1HCieRVuCcuZn5CCe53tG4
CoVD3NuVT3wwJXKghCUfZ73vezs82Y7H7JF5irCQajtyrJe6e5mZ
CoV5Scthh9zw8H9kF9Hu8miZ5741T84cCpXpW5Ry2u6VqzxdJ1cL
CoUz5N4Z1MhJvdHPR3VXqPZ3jtnEt8K93Z6289HrhYaLBSb8DRv3
CoWFWqfuj32BHnF3VC6ig8SmeEgXyojwmC5vd21qZuetCqnfH5Z2
CoWPAezYH2xjWdsxZs2Vup1izvLSUWKEuJiJ25z9uVmwFyaSPhm7
CoVtCeFwxkKV91dUzYJfgJ3UpD4Rke867AB4jc7A8EKm7C38Erdg
CoWSmXqkDY3iAmtwpKFWxcGsmvrpyzEskZLbZGU5H8QEJ3hp3MPx
CoW4Nf2dBpCCAFmqCkEjpihdx3w43RouQVLCT98KDMsC5qksF2Ze
CoVtfRvmwYt335WUENgw2YSQy2VTAPQ2iq37QpV5MnUDbvqaGFUH
CoVzehNiLNXuaLUxRVgrpVhYxu6Z9ZtMaztZtFNtYAGqu834kcrn
CoVPvvE6w37fxJmDYyu9TMYW1b7U21ffPsdrL5ZS5wQBRMnPF7sP
CoW931VdMh5xNdcQcWMfrLbAmKc4bGTB1VTJPT25YRpn98RRj523
CoVRaCLHLEZjSQvGXKw7eFkc2wRmc79b1Vbtcnt5NePXYXbAGsX4
CoW6eXNaDG3YyV9wrkdqHHGJsipnMfTvqMJ5iYmLrL9qFSE1zCBv
CoW9dhxkjga3DjeaDfXvvgL9bBKwfvb6xG6uFjnLf7r4PW7JuVuv
CoUxwnkCFJzY5Rpge5SoziGw8jQNy8T5dRxRZRsJjuiKq3UucGkw
CoVpY68FcBCKJr5JRNNe5sbRW7uQs9kvEyJzXwvtKwvvEYUyQf2T
CoUyUinBbt2VMN1EhPFUoJBrtMTDVctEHNBP5A19YDqG3bt26Lr4
CoWHYgUoizY9uZYhUUamWmWGDnF6B6yCFVfmp9Kk6577iKc8FPCS
CoVzCDSwkUnRGgjfWTNy4FNJvr3KavG5Gaf4vxvhv4Lzwcpa5B6t
CoVRona5TNVpjLCX3ZC63rwww6hwq2CvWSaqKVVHbJZuUvTKAPPo
CoWH2kpzCoDKYYHos5GSxhySX3vKhXHJE38Qx5VyBau8L6NXoCXJ
CoVstd45ZjeGotcHC337G14X44HXCCWH5xnWowjQVonhYPfLR2NV
CoVxNd8uuyoehn5zMo3FtjThjodgtffdxkKdxgSVoeNqrC9xWt1g
CoWQyjWgQH1cD6ogvJzrzBp9DR76x1ck6EnygfGHmYWrDtdvHbnV
CoVKs6avd1829RcavTtRMGS2dEuAq6zVWM98Ax7YXmcvgsyEo7W7
CoWUUkmdZQmJnLZPWfsVTPMMD1QiNH5KVYwJwvbtkynwGCVU1A6y
CoW3kVWe144Jeu4DfWgrpPawcbuTuCCeKQQ1Hk1cza2AMgf4BUxt
CoVaeYhExBqVcUyDZ4LyGCsCZRRh8Ynt6VCewmkvrZhL82GayoeS
CoVz2jVxU2bm4qTSTPn3hf8j5xtaZbgdNDjxqQXBxBEuzxzCE1Hv
CoV5tAmJh36TP9Awg5bLD8Hh6RY2sh5P3TDjM75C4WtFGecg9xsS
CoVnLx2nDd84de6twy9fe6kRKFQAE5Ffh172sY9gK41XF1Rixcgu
CoV7natphDwMj1nSD1KTtwpqLakJzaNkQHf5prUsCJ65SQ5Urfq8
CoWNN2DX2X2sk3M7uzaYDrpeJzjZdjh9GfTk26LGKK788x1vcs55
CoVtqBtiLmX7XVU64TXyPDUDwhJYWAPs83ty31to3rcTZfEt8U4S
CoUhDTtAGGESkvJVbEn2vQwxcZMZ4AL7iBYYvBVW3izRG1QLDS4w
CoVGNbX7xBX551e86P3WYrKAdMvZKPiaT4uvws4NwnaSpiY2h1jb
CoVVsS1DgJBP6XXCKh6Mw5tXBTBwzNA863XtWrGXZK5AwhD31Rry
CoVkSNrEmoMd9dtrb9QgzXqssokJFwe1hdW1XtuQJCCn62MgABiC
CoV47iM8Kc1FZWkFVpUPbVoXEiM6LPLyMZwWZsGcxwZt3SURtjzN
CoW2X7dYbehwbiWMR4fh51izhYsQF1q6VmVQGt5riVvnx1bngUgU
CoVbVG5uaDLr8RN2mJbytdJgYVT7QhvZBvPXQ3ZR6fHv5DBqrH28
CoWZ5q6vDBrkajuoqCapToVr97EXvj6VtdVVxASeN8eogKD8n4gA
CoV4uC8YE6QjTqKh6qfknQBeU3t258edSn5NmnTGmZjTcZBMMZ9n
CoUnrnnWA3nZ8zrmP5hqVHr2xjUwrNBePaMuwnBKTjaAFQDtPU1X
CoW5cpiiZDi7PtpkjizHMu5NFihoeg96sr3vtiPgcFpL5Jm8Gd72
CoUm4eeUZqVqRhLYFkaCsEGWr9h8uT255o4jszNaRNvW3aMMc5Ao
CoVN2nsd1MRrBNshYTKzsr27LjUTWuLcBHUF6CSZWtJewCoVZNoS
CoVEREPK9Mk4p9qrtmEgusy5hjj3yNsyX75dQXkziy4tzHbZZkcD
CoWN6pVVMxgAaGqo1qNGYEkJpZktHrWE2LKxNKpayuRGAxL7EQrt
CoUsF9xtVXdjrbMB93bh9P2nBy2AY1aUqbN8hmPXy4AM5nf689no
CoUnYLqx3TB1pEzHQGu8hKcdzx47h1meDCNUa4czuWymbMhFGDWR
CoVpwxBELrJ76eftdCNSsEHxutxMnFPZmxmpxZ3CYfg3xDLgEMnn
CoWHb2J2jQXtWnAiSMMsEAfMGtHsACXE3YBy47foKZeL2zJiaPdu
CoVqvi3FY5zxrTfHmuFM6zfHTVafW1BRMJw6NsGWVtTkMnP85bR7
CoUjXjS3jjxaTCe2SpuFw97yP8TkGRX2sdrjHdcGCTVU9SYDxFAL
CoUvytw4wbsYMbW48PvQLmdnBsd2WDuURKXBPJ2Uq5DMkbXbbbZE
CoV7kzsMUBi8VHW76Eg47Hxhnp2jeLMJeDPaCT24smw7LyjhP9jW
CoWQVU9UH9qjpxdePYT8UusrHxKxS3W86aeCMRyzyoBUqNG9yDr8
CoVUKCWsFTioovXU8c3aLJmiHCXAuzAvLzg5w9HksppxTTvWCT7V
CoWDRpRBuhQ2pwKLiaLGer7q4K2sMED8bYnUBa6VqvTu2E8jZs6F
CoVat1CN9az57otqE6fyNiHB44d64urHQRUzv9E3fURBCA2N9sVx
CoW62BbkBuAwEceh86JAnH2FuNjBrq14Jdz7LunK7NmUgykqo6iX
CoW1RrT3br6rxh8W9NwnReW99y33XsjHokGvqoPwdp3Jzrnt64xL
CoUmCKiVobwFvhDb68vu8dvSuLCMa3Gyk7CHPsegQJD9VYMMvTQs
CoUy6nHMabYMdJUpezc69amD2JNCyHS62VBBnf52uFDzRXRYqUiy
CoW5C1fodpNasirEui2GagGKGoUrKNBr6YmBCk3impqkAGDSS1ai
CoUs7debqKTe6Anfpp96zgsoELv2ypqove6pAA1kvCwGgXYuerpt
CoVZVUxXbQq6DmTLyH4zJ4oHhVK6bfzy6K3arQc6p8hSPE4CJ8jP
CoW2NgSBefE1pth2gcU4taLzQJsZ4yY4hBmCPWw8nQX88RFgZJy9
CoWZD5uq7Lqp9qQ4Tg8VQT9ftGcGNoA3ruRqCjYEhkRWE2vFzR3t
CoVtsrvVCvkP92houwsvCR2yS2Vqpdj2gkrKHhXvwm6eeC2auhZ2
CoWMbwXuDbiHaeEQ7sd2mP41uGveNRXQGRmWxVrvUCcfQWmgZvrt
CoVTDBqcj5t4WrLYwARSjLEcCKY922cLH9qgV8k9Tu7bzjSYfVKH
CoW2AS3pDK73cktvMDrSyGbNLhfcBCm3QdCTD6yMad1UJfRhTNDH
CoWZWkbqzLZV1ZZfAfiay7Nq5GH1c6U4jHYDrVtueccfHr5mtn8H
CoVorFXRcNT5vphKHpgqm8f8irxMjskukLZW68VC7anRDjodbzqY
CoVCS89dEFuAQgLZtmPK8mdMZ4FJUQWq8H22SCzY42czKjCYPaKK
CoVQbp84Wv2g9U5UmDgb21rp9uSKBPbyYcipZmSrzG3VHheu212g
CoWLZE2vSXR8vSvsVWkf5RBtTuW8tsnzwNMa9uFhnAhLojdr95pf
CoVd8KoprNgod75T5wNsHRv4tmocRFwVET48NThpUpUo3NngivHf
CoVWcbv6G8tBn9uJ2AXtQGGAsFCmApHPSXx69tQ1V7oudE9ehvmD
CoWCHC7musaRiVcDMTiLXphascq62EsGb2LXtDRBvAcA61ggDVsS
CoVMVEBopsCy8GtJtysLDT51L2C8q4cvdUdVgpsPFj2rSCzYjTEz
CoVDdTEnbsk9RiKmx85JxzPxFFK8cKsBQcZHgMSVCpfgGL5d8Uzk
CoVJV3vMHA2hcS8XVDKoGZ8y3ATq6NZ8rDRmjTXxkoZy7NiqiHZD
CoUkhk9o9KZsACE4mQ9f6xsoMPeHUMVQxj92ifBvUZFARwqiWaXk
CoVdUSPztytrjxYrg6HrsvJtTZAC5Dmmf8ARSmXtvDJm1mQAXMmk
CoWZjy4SYLzUQr4o4Nx7Y9iiZGZrSGrecdwHro6FFrFTqyckoX7P
