CoVTJAex9JqEXdbZZXdCC5iYXJhmWycBBdCMHrrXKeiKiGJzhQUN
CoVpdNojfpjfTz2UnbejPsyCdBxj3D7oG4gsdfYSH8wsrdE29n2N
CoVgKZ6Z1GfeUhDPyNTa6x7pmKk3qeqBBn11PDZCTA5oSvkQebpj
CoVxiCHGbBXVXqGoPGXk3bCG1h2MJdCKJZpxEzh7gHdfHVzAZS5z
CoUecrQPj7CiZPxKtYqyx2yKMJAYaVon1mZp98zRcMzDWkRvTGm2
CoVsFMfh53SxKcAFyDxEY5Uq2iPa6DfKBUwdjEq5xKUMAcjg9ySA
CoWSCM4u8N6C2uDcC5xkQxg98ZCbFHkkwpA51kBe9ow5AN3yCR3W
CoUrP1hmbeQtrUHVFa7hiZCyuvLSiv4Bw4VNh7c4KVmXqGjvhhzg
CoUfgwsWUYMzEuzBxiXUkzkTXT1HFoLq1yHcn2dMLkqXrkYsfaEB
CoVsWQHos24rwjnaGdPqCJH1GqqPQQ58ve5y3rU2iffGfCgbdni9
CoVCzPDv6NBiC3Q7JjFrWSsNButqJz6X3epf7SzLresyoWXnMMgG
CoVdyouqWJwYhmvjzePayAbBs4tDHdHDkqaV14cuSsAUBf7ReBXU
CoWXbpaJns3nZQP279eWU6BCRiY5YyEWHEK3sxKeP2Tz5LfnJXTz
CoWS1xAUYYnQxZ8cZ7sRSHkwHm6otmCDqpJ2VvvCYimUwx46Bhob
CoWaBKpFpjaWyjAP1AinSKg1h3sAm3aVNqxE8ntz21qy4BPTMArd
CoW9fetVuD7h4LrN2wx6GBgsqVA3EjKmupF6dBrVwCBFQB2x9L7E
CoW6ZBGG93Nbd2JuShq594btMtsW3txFnJwQk9xQqVTtdouChyVQ
CoVGvpWQP5efEQh63879E1m7LJPGJGEUNJRmtc8cX6HRnKwCMW28
CoVfyQFDy6r3WuDskyBa2qprUE4JyxZKgf6NwqB4YC87UB4Jc1mK
CoV6ba83qP92gsy8udtfKaFdpLbjoAFt524owsapCa54M3NomMq4
CoV13bqUhBzymcuJ7gbuqgNwsdhFDt1DsbT6yWCRMYw9YCLemerN
CoVhjcxsHHozQ4wu2Zr1n7hg3rbWkQfnMM6mavvxpzyXNhigUxw6
CoUvum64MhRrUpuXQVudEiSy5MkybokydQAj2uap6dc92RaijGeL
CoV6kNqkVRNqfNbVpqt5zMpYedFqs58dKiACYKccyN9skUR2fDDH
CoW9pAMmWWBuxQUMgKJEx2Y5vebiH4ruEFRWYkpJwGTRETpvs3h8
CoVN5oykiXUZC2iP2brJw7vAdpiPPJgvZzvbXRjNiyevNsA6PJJa
CoWM6zEwQh4GN8pGKX2iGaXdYPnEm55G9qZobp7fv4BjyK3JgpRA
CoUwrAmmhjmxCvxo7E7aX5TPKUXnxAa8tCvq7foLMdffrvkE6qzs
CoVmYgh8VjMVjXHLkbkwpspoqgKdGuo2aVomsJvYYSPse1BNxnhW
CoVHPrvQrjYzfMiTmcndSUxUQRqHHoZiAuPV8CagyAJ9zkDvD9Ct
CoVBLcVA4TKqVwLbnGFx7sWKpSnUVAEq7wQfGuGy31W43ChNWf7r
CoVtc4YmaZRmcksxiuGSkJuy4jk6veYdWTkXLMk55PWHKnXvtwJ6
CoVC16AyqB4Kg2NKxg4qnWCrowoZwZG5qC8JLzVDeYH3ifFtBLPh
CoWGBnpibquaD1hpAjK9nk8Xuq1FKH8nsTBQnwMG8uwrT6UwYe9G
CoVUq9VXeXLS5MtTZpAN2yznJ7D5b733L7ZfgQUocpo3ErTVbbM9
CoVDjZhJEBhGnzDaRKPwjS1w7ACqzgHmHoxdZpKiKuxGYUHJJZrM
CoVb1cu9XroVndt3xtrm2w8kR3viekMpiRyQYDkR2dh1sGejoaxC
CoVpnQmnrEba8JjHXmZB7JV7FncchE3J8rVgd5i9qXypJPbkA7SM
CoWYc4zBmPjpvBKGYqhknoDvJHjusssjhkbhwZBo8E2MU5Kb49Cx
CoVKX6BwiwvgXtDvXx7BA7rnP9Eam3RpzXYGcNy6sLKLNXukwkup
CoVq6iF2vYGXcSShcBr8iSJghzYxyF32cPSk6zMRVY3q2UsHLzYg
CoVt2byTmpQi1Nwr5H5x7ySLA4LXHzNXTBKTzizLnLAQx5KmgRob
CoUma9XwGEFAfNsGuASNL41fKeqrzrxXrUgsN9iQmrmp1HYe27XK
CoUqc2YG9pERfo3iEEbXaayZT3cHKh2EaLR4PRZXYccthM76Y1bk
CoVst1BPWHAQ9UcRTTWWr53NEpVotercdJtPuyiu2pa5giyaJztx
CoVyrkC5AqzFdnWtTDPaDQmMjT6hhXqrHWiEFLoFgVoYQByp4TAS
CoV7rA11poicRWuyf9vDftrGZUXhoYVayCVvuzKoPwwU9eqXtxva
CoVjSyd6caWTdXWGMmfAeCoUSK98BaKLcUbiKam1mJordqcFgYXu
CoWYiFHfJtaqLQCf3Gwmm7HLwEb19NVXe1QYeX43XNpFrSRJC8Zp
CoV89RxvGk36tx214LAxHPykzVmv9CBcQQ21YtaMnAu4K1nRBLXS
CoWGZU7s5rsLX7Nb6hhWbUBoaSocjGqaS4Y2LDGHZNC9wB114zxA
CoVQECDiufpYKGxBxWFzC4VqhZpGvgw19W1CcrTmZwZ3Kr57mNre
CoW4sqeBA1n6zoyHyWSKrQjaDwj9Ppe7GW4kaFwYLuYxfRMKQoBi
CoWYX1H5bkuMUJghsUgW5KkXaFiimJpktNjiHshvcgYMj9q54DwW
CoVPNdBACqAkttu3AkRoHWzdfmLtp1eQQFisnswcnnkkize92RxQ
CoVyYQsyQCRxCciVfuv5RnZazpGNuXxfDG5aThh8dYWGJwTvZVSV
CoUna3M51GSjnCi8eaYrpRVMCmpfyeRRR3Fg9kpj8PVTEGaVoJzd
CoVx6yeTbZfJb2zJ1tBYgCiuowAwXtTTgJ2YtMDTGHcorJxcGwT1
CoV1R27ik7zGTwt5WskPedyu7LbhRvpRT9UXvCATX6rj2Ez9eByE
CoUmVJ5g7UESHsPJVkKafhZGBUZqrB18PqnkuGPrbTPZ3jyiZDkH
CoVkakbLyu9G9VGCaUhhdz4ny56ZkGsqk9iWpLZeM5oMw1cEdtv2
CoUgLBGdTSuyCzcjodq1rDMMpZSgCAA67ugiSU4CW4qMbm2WKVcG
CoV7bpib4vHpjy4DbtMoT3pwQNifkGDJSxipPBcwmqxKX9LJTqy5
CoVqYdBf8wrWgzjjsMnCWXTaRJwXu72jMQUEYUk82nE448SGf27v
CoVVE7yRTLaEoxAYQaF65Speqp4wEKyLtSnyRePmXM2ytoux5QAG
CoV43i4691tbno37pbdFgwwQMKVpqi94rrkbWk6TVWkdrSPXzamr
CoVJeBP5NBzmtD3bGLWaLAiw7qksPY98J2BPk7k9hYctpLxHBYQL
CoVugPqK5YtN6H5Q7wT1dYcfsNsJJ79vKcZncxF1xYoUYQtrTp4s
CoV1EHc4Xi6o6aZX9jpZ6JczzgdmayV9Kb11ho1o7pqnxyRmDxrR
CoV2RyWAMUiFWGpdnQ4kSKJLcsRRT1mdVk3D1egH6K4fnowbwbwN
CoVvC3UzLorX4B1zwQdGtdAcSKpVSemGMFcfNe1LmQK3uYLaPzZT
CoW3EwcZkCyB2yCpxdpE31qzzgFZSJDXBBh4LArhboh3eomiUzvM
CoUjKtDL6CPf4zyXdmysstdASTah3QAn1rifDpsh2qtnS66N59p1
CoVMLsM62yGGa5SCDdihHukAvEADj9JNbdQdukwwPNqDR5oo3ykH
CoWK4CgMnkvyb1okMZUxMvPHFVvoD4LX7QxfP6wm32sosFibwV7y
CoVN1nAvUTxFk9N3mHxAjWPnPkEkDPainUJuirNdbDEUnEMotCWG
CoVzHD1DnPMYvCJ8gTCGTQdexBvTpTghgpDTkoUc5zvXUypYEieC
CoVq9kzhMJ17YpwGyaSZFm1QmURVKxXB7wjrFqgjGHm3TJyKHMPe
CoV3AHP4kpHbrZFnexmSUo3YjwtvznKaKBFKnHj5R3xkV89hSw16
CoVKy7GcLeDatXoEMY8JkvbcaZ3aFcL42z3EwL4rExvyqKQzdWsA
CoUgTHZNEv5idxP2vb82wWExSo1LNsKPecLMEuSGqh5X6w8sQMDP
CoUqAs6JSjfSBubAXK4vS23a3VCxSVvNfSHx5Fy8eHCpk4eaHnTM
CoVDcEeDPLb7oAxdx8HNabeuZ1b64mCssMezPps4wK3a19NRm17h
CoV3A8MLzU6cYaRGomsSmF627sLApHEmUVtJUj33pYfVu2zHReKD
CoVzztfiQLnjkPWHbsY8riWLPQAgHUYJgFiTMu8sH4dJRCYL3T3T
CoWF97tNiiwMCH8kb5EEWQ1XM1bgUmcQxVpcNdJV4BE4rQSeV4mj
CoVQPa4HK6qLiywxgZbVYixio1HtDSw6yTeoLqJhRojXSg9SoX3c
CoUzHFj6FJizXoYF77bXym9GJzQbeTXtJMavMLDMEgENEvFd71ZX
CoVAHKSsPPWJeYWNMcfNnZgyJ7uKneohobQp3Jn2QkHp6s9k8tWe
CoVSWbPyuBsZhkpSCHyAbEjsr1uh8w9d6SY3LTkdZXpFNtb3pPh6
CoWQwGtqjiSobetai4jVCXPVBarcDwJi8CtpzFfmPgGXz8KB2tdj
CoVt4eVQUMYAfmPeCFvAbkFBLgiLckJwSsNbFB3uvgtzWc5UW8RU
CoVyoFVLEmsXMtQSRa3r8ZMYpX8R2Dtx2dPR7mi8UevWyUEypnZC
CoV95xEssBf3qEGQiYEU3qyYgSsb97mfxZE1q5MfBqViVAS1q42V
CoUrDCd8LavHSR2fKUQT7thrhPMRSB6YnspwfkbzW4Q9LvNmyVwu
CoUxidRHa85hAkZhJDzZN2eJes8zGjKQ4Y7uzQmmoP2GSgU2Vhzy
CoVT2CabsmuyvJLAJpLw2cj79b5j9m843rNUmQ8C9kTqQ2KYqjiY
CoWCCXat1zXZ7aeYvmnPag98D7brLCVxfpFcCaqgWQpie1ARUUfa
CoV8LJYaahKNjSpSNBdn7489jUaY5TbRSUCQKGBKekVhGVNMVShw
CoWRaxWCwqtrSmFRnJuFVtYqBYUHGpQNAvTzNxsULPy7rA7AzsVu
CoVJPRVx2BEEW4PTVYyafLfhZJD4mApqGyYNKQN6z8disQXm5RsB
CoV2Ed2T7sonbS7Sw4uHM3MtVCCNVhWTmBuDZ8Rjm7uxqbrZ99fp
CoVGJzz8r6zZotthioJK6HSEsVH5VAo9mDW2wA7dYA3JbMCJopMA
CoWLRHwuBLmxN6JpfCVfjh7btyqmtzfHu2hr7Y9gWpAzmXGnbyg8
CoW7ywsSJsCaQfSfZaUtHQs326pvX8SHvMMdoBeZXxDbF7eDZJHo
CoVEuHqQCYZPNv3SKQMaxehugJQcgEJx1hjjLt5TAEinKtUaUPtR
CoVZyGZppYmDERWZZTBNHU6g4Dep4fgyMrHazg6bvVWoyv1aRtBS
CoVonFvgzErS6eZqcWgtRKbwGDkSCgqsiMHQKifx6uwL9Y28hC3F
CoV1juA36J6F1gcfCH81tUveak8e4tUzLgUpyPA8R7WhD8qF62M7
CoVQDHD1JZdjvnAq3Z4882HvKaYBe4BEu3s4M9isyK4eZBJ7MmwD
CoUz9VGSyU3YDz4mc85PkTv7Tp4BkX1q86zkBaCs4KesZXzFFBFt
CoUfaiJoiowPerZrjmzyrgQ4jV67gVTFhTSV1hgPnTjigqhTAgvf
CoW3arqn7bvJFbnarJ1rDTG1yq4Cir3RwVhSP4xqjsmgJXU2uP6q
CoVhYgVXAYjgbfARivvkRs7anCzanW8LpXK2qyLqhKrCPAzE4Ja4
CoWBzimpB9PRx6Qw8WFafpCGFR2vYXBx4hJQsZjdaMCdrMgspp2C
CoWCaGeJvXsxZjZ7WF3Ac7SWbzNdw6muZLAEMQju4smuchf2CnJy
CoVGAZMigwnbbNXtQczqL9d6sZnjonWBctuG548EbCuGXTuWiuSg
CoV29GVaRpJajksksiHrSDAcw8aMA6ezTi8r1arBd29D6g6TssL7
CoUykSadCGN5JkiSRYx9ENGAjGmMWDDXWxb5j8KjvVVJxf2cr7vQ
CoW7LwcMewRadovqJKietxaR3cEmQC5DfmdJ5QUtspotzaP1Y6XH
CoWb1c7JzdGS5oSn5QCaFjbyk5P4vyN2gmZo7319y8oWxUeoJZvY
CoVdRXzmF7rgVT7hrf2dGHSUcTxxfpnp7LHZxu5QbvCQaDmPTpL7
CoVLnW3YVGtugRrNbYMhaDnommK3utwePZxwZPSRTqXg14AaVmt1
CoVBA9DNvCsBML4K5TLJ8eGusdnEuVtQ9dtXVUmF7ZGYoDui4GVR
CoV21eS7m7sbEBzb9uq1XTndJyqPMNyNneJwNSeyqWmLS7XRj5zz
CoVAEitmAvEd9thg5mX6UB7LRcMaiReQverVsXUcd6WebCWdvBQX
CoWMwaryvo86xG6iW4TSezGHzqqfTcvjcSZk773d7wXLWGLzqVfS
CoVKdn53cKNFf8JUFyfRzeNLRicEAFRHgEbgRZBoWbxQUn3HN6gD
CoWG9ErEfBHYR3WRvaoXXHXCyNGTzoHrx1a7NDvz8M8ciqa6Jdwy
CoW119RfMbSqxq1u2ZezJCfBiWVKPz3LNBFnWD925SYSrCc22GQj
CoV4Y6db4CEefJ18Womm1mwuXTqSbnaQvGq2omr499t4DxHQVaxb
CoVzPeT5a5TuS9cvVZBJsZBnwX4K7AFjobSXwTqNMsnRaQDCVALs
CoVJXBfcyZ5d8xwXuLbmjz2mGV7YRDZDmxrVfuoD4jYQnCLS54Si
CoWM6PNLNneLQhfzBdqykk8nLRNxWMPb3VrB13cqc9DpxnaFHPKT
CoVmcqTvQSZfqNwnzT2uPcFKqk5ZZaQcfjCvoRxQ84CqrW727JYG
CoVgMDaCyHz68FsChDS4DDGtit15puSFzmp9vKxdPdKgXGAu5N4N
CoWNrHLzgp2Apykitu2AKzVSQRgRBHy5sGtrzqPGcz9ygmsf9TcD
CoVNtyszRJCfy7zPegMFY2MwjV7pURkPufjuGWgFMjT5JM2PSc52
CoWWTr5CSd8YVwSUpBaMSJgChEznDqjUnps1beS1zDzqvhE6iZoe
CoUt15xdnbyzdBeXD1brtZwh2fjZ9Y48szPKjuWzCsNw8oLr5Uho
CoWJ12rMxrAy9HFma261s8Q2rMVV2nV5E96VD5KwyS6wicAWDBbg
CoUv6moEmN43njdTXmnmVBtqR5awaqZFKgi3Y2cZQzboz7TWtymp
CoVRcYihn5qNNrmHeJZpRoojF37ZWwPxh69dEcSfegqeLe3TdDNH
CoUvnCPnX2kdvdKq1YS36wTJzKKRQ8M4PKPQQx17xYB5dbV35Jt4
CoVC7JVL2zBxu8fjMKYS49yxR7teitAkDdUCixxMJ9auavLgkpib
CoVtHAZFs8BUCBjZTQWSMv2dw2KwVM7jdboyeyk6H7oXUCGNGb3Z
