CoW31cJdMPmhL38eQvpWM3rBmCmjFdMKYtKnFD29qxXKDY4u7TVx
CoVidxQF5TNkL2oWf8vAaUaUkoY5m2khtUNNmDMqU78wUMgVqL2p
CoVnTgdJMiRwSCHV7psi1p3fm911nqur7b4Gdbc12xvdkpgZMMom
CoWU8BqAmS6YBdVBPwAyAGCRtMKEYtqrndui7KZnBEysL3DWLgFM
CoV9MLqNs8Zb57dAsCayyjUhWrfPNHKMa26Ei1NViNa7VdJAD434
CoVC2ip61tNHa4uRwkiWD5pyYRXoo5cz9PgzfXYqNnJBmxKyyQNq
CoVaYpCQCNC7duT4GTWe1ygyuten2P8vhC2uuUEZLVE2wzBLXopA
CoUsqbgKZnb5yJncyrPkk2inQPHGxXMCWzJf5TBYdjGAvdN6qyEx
CoVDM7A8cRrSBtrGMuvRuCkVP6PGAeA7pWFQ3re3jvhqNYJs2Mj4
CoVx32DpCqAiWSt7jmXEhT7uDQnpGykb8DpP8HSooDcL9DcrDSJA
CoVrMrosmY4cKrbjWfiKnPMKxhMYTjBxStMQK6hUDjHaUa6UU9Mo
CoWL4V9E7gzW6yphjfhQkAjaMipAfPUC5rWr6YY8PFiMGRysAR9f
CoUwMmkAFXt9MKwVZfK4biWyQyk7VHZQ4JzdwKm8j7Q1NgxsrcT2
CoVAdKQSppV2APikurqHKDxc7Qg7oiw2Am65ALCcFdvZdtVrFX8K
CoV9UGT2TCKGYk5TN7aj8uaKLPKHCcvtMeAjeUCcKjLnroJBBivv
CoVhkPPYU9hTpK6KbmRcxCva4aMbCNnqzwsSXJXZqGvKnWsWQVAX
CoVEehvfssSWsV2fZB7RR9nvVkzaABkJsvfFnEtvMVk2aHqu4bFt
CoVDdRz3XV2F8rSky22LEjNsK2kFn6Kb9MXRZtwS9d5apPvjtUAT
CoVBnngCY8sFPnfuvuWPYdEp8e5HLodsArQ5QNCuYDqPetYZmEn9
CoVWYJYdzCSVKtyCEC9SjMQn5NCFVEad8WtTqi7pqPNKG4ejEaqK
CoVJpkGv9kdbAD8DxBKqSsgHQgX9AqoQQ87SNaqhtvo6J2vWyVW9
CoVqzPWuE2w54vm4YSx5kXNdAQSdHuJK1ebhoSXKL8c49ckYv2we
CoVmBTk5ja8tnXaPuxfACS6JokKpaiVo7aNqoa4MEvNo7dwBzd7z
CoVH5RCzasbvFefKK7gRcaVQ8ZoFatoC5ueE7uKgEAuZXsgrqMJ3
CoWQzkT6kAJ9aoopNqfDur5XDSfXXnAd1mNyYphd6MZNhzDEus4f
CoUpFH931VgRBp9UUMbSQN3Qp7EMN3eAU5xwc284oLdR5mpNFygn
CoVDgMhGkQd3mibnwVo349EDsXL8DjsYwWRfiVeXRCFFUKe6s2he
CoVHAhdtXaPvzRcHcDah1p5sPSwwx81F61PxREJxPi7ivmHggdPn
CoVZ544zaPC6tHqkXDBFNYHMg2z3hu5UnT32v6v2jcP8gdKZK6DQ
CoWaK4nwoWQ23NPiYwxQEVk9kdmpmx9zNHMmHskTLPcNDgBnGXCw
CoVr5wKx7tJwFjfAKPHhXmhaiQo1AexvNHfVVasXV6jQ7JFmqrKP
CoVAp5yZc3n9THaycK21qLW22LNW5Y8WmoNCrcf892soGXBUS5Wg
CoWQ1zKWTzeHYiJCoXny1k7nVVQsTVvu6qdCetZBda2bgSoQkPy3
CoVkNmZPy71fCiHysfs2A5hJLPTHkKTqNhv4QTQLeQstXJgg1PdY
CoUoRWPrARGiBriMDtq64ufiWunCgVDZNuKhbAKkHbtJQXr5gsnn
CoUiFwMkDQBfRVA6qA8dQaYypytbtdmSi873ftrPLngP2zad1nza
CoW2Pkk9emFtTS6mAQTYSeYYQaLC4iqog6joXLJFjrTRN3TR577K
CoV7S2FvJEJBfDJhrNzFoLswgqFrLRDiRXd9ZVVrPm2BEtJRpgXE
CoW59mgqQqj128sYAEnidu2yAoJ4uzgWNzc9oHrR1AHVLWXiqHhJ
CoVDeof4EfPhhdszejBLiLSArAH6cuEgoVSREmSL9KG2zkKcBSE5
CoViY422bW6KwgJpo2f9FW6G6LgP3PK52jbMT7RmiSzhPUpxLQZi
CoW5FS34UW7RHJVjK3ZWzbofk7cYmDkJWB8XstfxytgTUrnUVbdZ
CoWYNynxKv5jWvAiZs1K1MeVUDuuNoKi5baXz9AC6x9ZsCHQejfT
CoV8cuYVyvBqMD5iCTXjwuoWagsyvBxwNMYSUGZdStAkC9M72FUa
CoVGucEo8Sba8gKtrxDJANMywq7pjjppBsJ9yJQAXHGedRFX8UY5
CoWANZMonv1cJmj5JXRXCsnUgEgq5a5triU8HMaw9Fk5CvgGbteb
CoVPms1Bg1aPz6Y5XLjd5E1vGb8gvboYuoWmxHTXtewfwxbVYaEd
CoUzxrXBpyDrvWRyFw6ms6XcKZYxzkrVWXPExbVDE2kuq7cnHTK9
CoUhh73aw6nELB64Tp1AaZuY7uTQAaCDwLB3KujmhPhBgCPUtGRP
CoWZJDPjsWeTqYvDcwtJisXGHMZfrKWL8VEeLy1mp68EGHdPX9a3
CoWPag55M2iCJoHH6o14JLzccqutQYNEAxUsD67vNwBPaCEC6VoE
CoVDhZhWa32DQwyWwu9wyUVH6QSDCofDEcquHqQXDZTRXvJujbmf
CoWZSRxrmhrdPf1743USgxmzhJN8mq3jTQsKNbVTHYR1BtZtmvAM
CoWFswYo98128cqP5xTWXyAUip1uBVjfR8iqmYJgP7ePU9ux8zMx
CoWMvQoFDZj9GWDaMCPKhQWfZF2fKdFaANQJMnToJQACQTmGXTXr
CoW79VmatVAyvuqvatKJfJe1mArb9te8ZXQbwzidADVRLxQmSSAq
CoWWabdSakAmr8nZ2wDcQZKv8tHRgHcZTchyrp34X9QgztewdVcK
CoVqb5tMrZrFc84U5Rw5pNnfbQyikTq738L5uX7wM6ypfgwYdXKD
CoUtDbzZuUzzoQt5mcZc8KXMJYjxX2xqZ9TvkNDxUTELan4zRThC
CoUpMzqPPi9Zij2Lc97mVb1VRBz4gfMKXuHQnpGqHGcBXfNgRGH9
CoUunDvP7UxaYD4MhDbgSAtdJe4rFJcNM8KV3EgsHmhrocyAHCRd
CoW2gCv5w6U6hjHLTYdEG977EuKiB7f25jLK8eeJJY95ewearEg6
CoVx6gUqYmqmJcLahUdAoGmtuu46xRZt1HKtFAxsjStZNjn2tper
CoVfHnVM54QwqfB2C6HLW8eewsXma1V6QW2jhQAAxYaaNXE6Ei9U
CoVjMEjA95R4fWcCtNP7MEEtcct11FDjEFM7nXCK2FRv13xgABCK
CoUfJWDcWTkqq9HRAE3FyUd2yCek2ZC3r44X5JgwQjDYSfwqw4Kt
CoWUdwD55JQA1eHsqp2zPBU6YXPKjeDkcNin8q8UHxF3ST6o38GE
CoVXHBAmmKKtZxB1SSzzetpX7t3Hjsc9q66hWMeccNDd7FqQoEDW
CoV7GKKkJneWqJh8dPEUZPdVQmY9FpgAtNcZz8oQkM2wTLBsjktF
CoVjXva2pCk3j6xyczhC8LHsKNLhkbi2B1zNzbvE3vt84X85t7Se
CoVVoHZJPGeThiYyxg91sFuiZArX8JfrVUFDtwT1fU66w14UQR1E
CoWDV8Ya81kKG57eMfdwkimS8KabhNRZCebuACdtwEvWpygwF2PA
CoUuwgaQ3Pd8Z8jBdi5nhyn48cWn6WfHQv39CDB2C9UUwFwsJfgE
CoWMHkuxdP6QQrvVFoL3xCiex8Poz2bsYcS5NAZ3fUyjyHNNUH1B
CoVE5YZGufVyBvBJdpBJ4URTc5WRnQMTggjreG32Mu7a296H1E7B
CoVbeyPZm5LWGFrWGkBtLSwp3nwjsf8Q9jCg6F1vChZXtebfMZxf
CoVyEPz6bbjy8bK5fzMY2pvU43zTU6EumUhHAWZxMppfyBbMEW7z
CoVN1jAbvzd52gua42pEjyZNY5ob3G6LHTCrNtgwKvgk6FijU3bW
CoW69QvcTM6RgBMrQDxgYPUoHJ4TpvtrvtcgqtQRVGUjyUc5r6Ey
CoUhaWfh5cTaL2YaqPxu95eBjJwue1C73xiejjuhoGLQEpDNqtyX
CoV4s5BLx5kNqRaNcfpWUdMu7DCwhvgepN5BvCRqd6gBoxpxEbVq
CoW1Fpj39a6Ae6V3yXKmwVtyXuAmFaL987wC1Q7FeFpHg26iwSzc
CoVVkhqYwW6QUeQzRoxwMLRxGcmogJvYf7Xy6fcaL4x7aKmUkbVs
CoUrLZrdFeZEdAunFNwTLX3Hx8pT7Pzfdd3AMMMdsX4jMehyieLv
CoW57LmRpeKHMbCKiU18hgBLXeRybA2zYpu3SkciC3DsREtNJMmp
CoUgisSkxfBhjmwTu5SPN8Ssq9qPPhWYoansorS7i2SyGL3NpQKp
CoWVgGLYgMzrkQ7rd8jMP1DWMD9yEE7aAsZwAUDZLTfp7MBLfpf6
CoV25GsFgZqndVGDae5bPQ1TE1HBL2viMwKeG1o5KNoxzxkSe6qr
CoVq3tJ5jjQpKDMFPDH6rfngkSMe866hYSb9gTKDMtRB8y3py6DG
CoUrrk3KNPE88DGmyrH1WMSxjCuNDJzMD5g983bwTgW9TDZaVoxK
CoWVL9r2jDno9SwuZjAtVqiA6SFrSNGWifGyzNaooivsAEaawQf6
CoVmQ36UBCoRhDsi31Q26C6WA57uwYQNrUprsE4V8sjh2CQds12j
CoUpWYFuzBbjhpkmyyKQNuzsg1dovu6Ym62wkcm593Kp4nJxXsJF
CoVe1yft92Fv64oKFM7jLRLts1NN1918L56pr87J6RucQnZvfcmz
CoUvQYWbXuk3VNsSJhuw1Nzrt3AHCrg6tJCTwzkP99YdwfSuDQv9
CoUnmxhXaKshacRCABW5jBYDPS4ijpu6cMkdfkR3Dhgw96xPepTH
CoVJEMoenmF8h4KwfYyqhTNydcXwcBkHoYvaoaeTwr6dZjYfddcq
CoW8JT6rB7s6yjgm1yT7AMKvUF7i9WQEdJqsHubRcDhQ5SteUw9C
CoVdp8v2P94XXGp5kwM4sTx4gGnmF1RXF3M3WPwTWjq5DvfX8uVL
CoWCoEU2AAwT7fkdM5bg42oMAa6j5Sp7z1iDDpAReQSN2fcT49AD
CoUjeFpVK8wdP8YjUSTZxsUiefXhwPUTZKbVZkKsMcCpKXf3T3p3
CoWNQQ43MJyrGbAifyZ5P3NwbHTUpwrdUEhTDY8RpCKQesJxCWcs
CoVstZEBAKo7d3P5y8dhranUPcn9FMARnqGVsjbumbfXMkTmPBQ3
CoV7seBBni4DPZuFCuVqvx3xdAnMPVXQxZkYagwd3isfuo5LX8Pc
CoVcaWfnWcZ8jK5pxR6itCEMKnvv1g2XinmfGzzdkJaffcZmrHRf
CoVFZPwRWN71YykD3KaJJUq7LDUxPbsZBy7HuMWRC7CtveZvNzcj
CoVVoe9hkBNs4AF7VCtYLtQHUvwNt6iPHdTwkw2gcfD44BeFyc2o
CoV2gZsCS5FN6jNSE1broQmZ4nBWmCQmGY9QBPAc1RcUcPz74rT2
CoV6EivL5S6zMyUtX4J2nv8TWo8qXo2Dgpj2RKvXsFrzH5SwMiLh
CoWJVFqLcw8xJtX9S2Mtc7EetgPw46oafHEu26C1GEnLopGgTufp
CoUxEELJGWemFywj7kMTLDPZdwd9mr8fmG9rPzRxAZxffk89TsLr
CoVcJUdpoKQj5mSknY4kLw364nWhPZjcdBTDxBHnsWcXgJYmL2SZ
CoVHQhCwmQZjyLm8aWuJLPW9kwBSFWYAW2xkHCVkZJwHUG9gcGmP
CoVmDKy5v7kb2ZdnCVfyUvcL4oR8EdHSrtjE4pbi75xtWqhDDjFx
CoVJrTVNhsraixpEBx4KH7hufWyvppqoC7K658ZFumWV9sgcGiM2
CoUiY6sHzp4k5AUKVwfQjfxsBZBSX9jccjwKtq7RjrfnkaLQq19u
CoUydSExDir4pADgpNYPfnP3i3vQBvjiJAVALWESeSHvWaeB7NrR
CoWTkVAJT4Ey7Mo6muAY55n3v7tKxWkWc8WC411BdjvB9vNL6BWE
CoV6cfucjJbiVHsBifQjoBn72LLC4jQGSCUD8qMVmNuDurEDse68
CoVJ39ubMpnDNXVLEFb9B7Dge1kESKTumaPYPdy2CsJhKHGvmnAB
CoV3UmXjYkFDNyc63Bgdm5sptAhUkPp4BwTguSR2yrttPP7AVCzc
CoVzvcJ5mT4v7i1xp3nVCj3QZWET7AwVois3FXVS3VHiyXV3cuZm
CoWXpQE5oGG2ogPFSHSCKNZfbHUcAgFJKGzSZZ22PvSCjCVv76uZ
CoWXko2gSK234ZWcHwyuU9WMLG9ca7nLZAj5rchdzrPMPxsjUKPu
CoUuEGR2LyTV4dcNoFKNd8Uo83hZUiurHEcn2P4R2QYXy5tFgbqf
CoVfKtDMAdXH9gnyRUhAouFRapMQKrhxdyacdEjrs69tQQDNyYsB
CoVzvZWVFh3v4PYeRtTBZKWer4X6n91HrLAiSq813sN3M9twyodw
CoUmZXBMdwHAGKFv9mmr9RhjghyzdWYwxMHNfMGfE9Je97kk5aJ1
CoWF7eZWBnNFz7gq65baoEhxqsPqKRSUKriBjf8cQhPcdoQzwbYQ
CoV6mwHkiinCBNCUStGUCV8unscbEAzLg1W1tB5uta7spD52YDDo
CoUwwAZMvJ7KnYBCH99dECUJfkih7Xq3aFZF15xYRokhFJvo84Me
CoVWjYiMmEfN8WAEokpWgXGcg5ntNPeuJiTi3vPfLBmq9DGejoEF
CoWVJwCAcpGQJw9zgEsVTypzVVjmK5QePHEH7XgC4TZELz7vsdGA
CoVH9o6LNmpHbaNDWqJeJvtUVGRWiLtf3otDb9ykz2JBXfNYu2zN
CoVWRf3UEzsHvpZL6rZp4gghMNa9ULLQ7VzaFV719tKefnesnbT6
CoVm72PmeugfyXHWr7KfDfPeqUggfA4vGncaPZtKPidSdeZAAuZB
CoVyTKfDb25XSeeg6mtxRgAeRCXWGjoVGDp3NSc2fsUZSeueCWtn
CoVrwjoRJgghyo7aoqTkqQeQeKSdUfbiujN17o8qxuRtiGWdSTMp
CoW2s8WTabaUnJpRR2zzBgvZWpDe9Y9uap6f7tqua8b9V8X6uAjd
CoWXgcbRgssMNtgfxCSvKySCNBAYM3HJ3G9tuwujvgne2nh7CBCR
CoW21FjEDXYVz7ES5VTm5fmSyHL9xhhtiozXUrQtuscDqdXd8juU
CoUzzGFQq67P4trYnJQC5ippZGDor8pRBn3eRDzhziE8mBv3j5qM
CoUm8R2xWdfyLUWCwPynhJGpicn7uFDbgevtC1FnvyD1fLX8krqB
CoWTZqAFP76kHdThZqk2w6rPHr6fwVEH5i3ha8exQgBwx4TvtVB4
CoVtYVvo9zBoast6YaHayHPiMJM78DXiin4GpLc39huTL7X2o6XV
CoVd6Bk7c69xLaenqzCgiczuZ6DLX4TKTRW33Xmmc9D9DatASWMA
CoUs5brDXStQGQuB5L6ZYX3vTmgk8SrrF64dGToNQqZWAHjH5mBr
CoUwwKhJknNaK5eHho9vNKWpqBpWoPmMFGVsnC3jhKYVbWky72iG
CoVKx6QNAZsFfwmbexT8m8K58WcqQuSseeTqjDq6LAMinPcQq2J4
CoWRcqZWdRE9yADqLkjpvCQazHHFahcM1ZPqF9zjXcuvARhFCKvD
CoVX7SrkmJXFtaVrHQdgvbyTodiuFWeVUCET8RKfBPVbtct7426K
CoVqNQWZWa4U5hqaGQ4aeU8cibFoNqb8Lqb7ZYxE2cdJk6ARhdcP
CoVkSBiLWznrmR8PDfrXLpWiJ2XkWvwv5e2rjMf71wNgKNTCvnP1
CoW4UJ6ruevsmnbkRYGemaqkvoacioACwKShnZBUCfZuVhfjxCB2
CoWVUgsjGoykYSxPWkeyCkMD1nroiQrk6nzHVuTS6D3zvczJoXMZ
CoWVxasdAFZ939FSg7WfRAwEb6M6iD6anvcfB8NJKUBsYbP3zkC7
