CoUfpdXAN1ykmxwoN5BWdVTfUJrfsNJmFBohWJFYM2sg3akDhSQA
CoVKtjFKoiqapYZAZW4AyD2fZWcHJetgMqd8mA4TRUyxoudooYQm
CoWEPPv17KbFMYyEwgncRBVDjfTPJLUpVjU9iob2wo9DJZHSgctY
CoUhNiHMMgDzfp3Hd4PcJF6xbG3ktxZLXU9uXGDfjjXb7bzSTdSA
CoVCsJ9hqXpBqSvhXjDwRBsSrNCQoAi41wV3dPiKReDGcZFKyoJc
CoVbaYZPoYSTJEnTFdWGiM869FNGkpQ9cbnUnuUyBj32QAQnWbPg
CoUzSc1adqt1yJsjMQPGGr7zEq8RWeJZs2Z2qTUtcSbY8fvh1drR
CoVszNSn6nxHAbyVUvPU5XNsZv9EB1zgXATkh7fQQ32i35Ry12Sf
CoVB9D7tVUMKxrrvGN3KR6JatCZ19zGq3orxhMsEArh4zrqvE9Rv
CoVsMSvLJWLLyco37oXVstR7UJfJbBGfiynRnkyHDwgezhenRmwE
CoWEuoCUSy5fsA1qc6rdxyZLz84wjcaEyYdZHvYm3ZrrcCeTzvvR
CoUxxjths4rXa65XXoWXpDdE8bGSJjt9q3rLjSCWMvqLh8pcsLS1
CoUwhoHE2VJWTJFmrcX8m4RzLq8jRbUEfg2P8VS1pnJ7ziYeMRkm
CoWKuyq1aSnYdeBhN2stEtEdFu2VtUrE8NJRstN8f6MFQy1pV9xk
CoWKq4SNMFPogz8Amby7Y8wSYVfnFhufsegmT3oFJdX3pYHkmzHu
CoUftpvB4CyWMRdYE6maGtRyeMkFXhN9Ds1pLqpvcEy1JtYGExXo
CoWHd6VWEyENVMAR1ZiRFLMkzQezDbAFsZqvXXugAGpZv9iPFnkM
CoVSwjbyhJqZrkDcCBsGnhoyD66bXSTsM8dzeYbnMMogiXjBsaVP
CoV4E8t1DHdFMq2d5WiisGojg5GBUUVCZiWTcL7TxP6VE28RHaiq
CoVKYq7tswKcfvhMJ8reRyXjJV7kx2NdvHs2cmY7W8Rot4WQCWQs
CoVm4K5hCTF78QDk1Cbve66FoWxE5NaL8YH2t66QZszRRzrTmAQu
CoVJsQXNuKcWMG8xNTWH4QwJBjpx1iwtof2tBhPGFNreuMjjLAvV
CoVeLhUPqiRgRDhswyn7LRFwtPy6f2bPHwmYK2qzCUyGNZ3wxKmC
CoVafLxJQ9QZUnVZoTTvprnffvuqvzZftJx66TjtVemtt7MdZKhY
CoUq47o7aqv8eEDXfo9CjhQbhHMNBA5erMFVZ3PUXDXxYtJZ7T8J
CoVPuWhE2n5E316XYv2oUyoHjxpn5RewoEuotceHGMHRUordXs8x
CoVryEaGCVnzcb3nYraXPPwFcs6tEum9KRGCDDAKGGN1TqWJNCxu
CoUno2P9VYuPpJamAYZB63K6PaTJefSNEpwBQ8g8HwPtLc2ZxNrd
CoUewiY4hRmSzVf6KBavJtnVXFSGGHbLT5Q12ThbQogsDc7ATaJR
CoWDV7mvnmmSGXpCHWCPRcqt8fcKExNjYXq6CHo3C6jKmKmLDkeY
CoVUzntDCLTt2SSM28CbYG4F3BRrYAT6cGWFJ8E5KQJ7pTsmBc4H
CoV6WwrqkfyMoAsP9oQZYccXz8DNCPR8VQmpQTTv22KzHYzAqdmC
CoVExRVjCHp7vamGfRUD2CaaCU2Vene9Qb6SaKphENndhMPiWa71
CoUmKxjW9RcoVbyE46Y9ejv382PPD3eebgCZm5Dbm4xqgXtx8UTS
CoV4diYYGP8gThSwFgRgXkvuUfQ7Lrtjna3RXLpUuWPHHVFrWqyD
CoWHr9Vp5wZURyovNN87mc5PX9vSjf71nJX8hQR6GktYFXbtR4mD
CoUwCoMxTXVuaqs8e26qC9qrSuCLG7k4vfxJPx2xfquZKaWKmEZh
CoWMFNN5LdE2Kheq7yEPT1uZh3ej5W7qGrz6AXiUkZ3LPpxiGUst
CoV4efycyXSo8ncG12TZkyBs5M8zDqqZYv98uNGEv1DqU4ZHJ54A
CoVVonVdMTS1yBJR9sQTNjEBGxqZFXYcb4KKLB6GDb37Sv4TSPuz
CoWFV1iC8xTJdFA7YeomYcF1tzSmtUTM5uHBxQBtVCHmgZnYjC9K
CoUqfJFQhHVzv8bpNWhLVjiNxXMqWjWtaZFwRVwfN7s6CyuE1Wc7
CoVRnbyHFGhmVVQfJ751LEYEX91cK8be18X2K3eCDFx9LmAncGte
CoVZ9bgXoLs4CAVLM7TDk6RgahFGN4cLVfYwHuUhfxmsq2eMcDf7
CoVKV4Pn28xCNFCuR3dSH4LAuKpgw5TAEuyBd3uto7q4rtc6LnC5
CoVvaRUBoFp3ucYBFL3ohLZ5HqCLYQY3WrRVJJvojDn2fa254jve
CoUzm3j84HKqfYxLmxGaR1GwShKZd3jFZZcMTzMEGNzE1fvS7VUr
CoVKqcBfvv7H5mNG8CH5crkFcx2w6xtURYw4fuwXiVctVnsoLa1M
CoV3RjX7drwPwLDU5GNchLdFvNpgjqq1yF9kyDFR2JAuM39ui8xz
CoW7ecvk9QizDLxcDTKHy51TbmuA7Z2HJNCNmEqGEiWfAsPc8hCU
CoVmZuHhEr7AKSjMX2eF5tcdavmkjkGgMU3pLUkct2yMbXDZ1jf3
CoVWcMp9FWC1V4wiNaB3YQdeybrHYxwqCXRBEYhpDZQidhVzibqS
CoWHTQhv22X6if2D8cHWMmEeQTa35vTFn8ZxL5SphT4SpWPecCAt
CoWZExn9L1yXbSqrADaXE8C2ePfGxKMgpxsAVsA92vZQPLjhGrJj
CoVMoX2qbE8eFSRu8AtBcdshBAuJt6uw5RB6pQBbRx8UB1XQteB3
CoWae992HuRiJvpZcTm4LakQgMVBSjS8HzKhtmrZZWhvoiMKHHrD
CoW6nfBLTauXhEZzKp4sykYaioQgFKDRH6YBuYTzCsJxanA64Cqe
CoVNqTUwEgeh4dr1W3eGA9ZpbxAL79Jetjt3h6JB9rcjZQvdUUQE
CoW49Zm1Xfxb5HGqLHGabwz5NDqSgXynt8KcUBAySfeH1t8pbWGJ
CoVQz39hs9eV52catESQtVbs2qfPhvqAwbA8FZfNWSjvKY8j4D5u
CoUuzN74T7uXaV4XiGnUUoF2Bc2r4rTZB4eDGVQvbjgfPeMQxR1f
CoW2XoNjCpcxGD233YZ9hGYEcuPirDk73KVwxPP6X95Tt4TbNemQ
CoVcdU97SqMxwmUrjTQWL27pocKXtqjxngHB9fq59sEhCbUr43Mb
CoVNwNSXxEiAhUoQn1ZPjgk3JNrZJJrq32foxZ9CAbNWJm2dTgdB
CoVyrwsPHWRPvPgvx2gDDfAYsaP551U1CudTE3k75xNuU7ZqjRXt
CoVTA9JeaJKqJHsz5VytGLrLM8Vbd2h5hDJimScJiB7e4qJXfDEi
CoVuPNUyQgoyPaKch9DMzzqYakmzuqKKemV4nuBkhXwHvjPr73Yx
CoWSAPGqqo4L72mQuxRd79w1aKk8zj7CLSjcG8HJqv5Rd5VzV5UA
CoUkAkaEfS95KwYFArwZcFtpVeQnuvUmeCVwtFqbguHoZaeA6ixv
CoWKi59hf4FNXY722T6uy833xc71HSFqzgdsVAU3TAguD732Ttvx
CoVXr7aK9nn5WgaJqsQAM7QGB5RmTD7hFuVUZE7bXmRJZ68VL7er
CoVye81vNYiq5esLGzSDnGVyghLefCw3weVP97q4gEYKfapEPJHx
CoVjKTaTV8nazi5R5MbfmWmbehh8LNRBBJiXmz6EunDkYQux98fr
CoVoPDdhNAwkwBYwZkZtbHGc8P7E8oy2rf3QFju4vBYdHWpKLwsT
CoVZ4qvgVQaAr7EZ2ncp5fmwR2rzRnZygNXF9Bgr9JjmyiGE3BHA
CoUzGdoNrFBFthW5qhewBZj146LcJi4x5hECtmwujaPcHWzLdHKq
CoV64J341huLwhaMToUQUAiT4TLhJGA7xjwBUfmXH8PNAEfffHKx
CoUrrRU9HpuFa123dgqq9W8JRiPag6vKkrqiJrTGbffu3RtknmMG
CoWVY1R3GDF22XVG4U6fdZjc2AK1EiXAoieCDjKgvEB2d5XBWT6X
CoWPU6QxW7FiHWXhStbADPHz4wo8o4Y6rPmH1sxN1rWrp1MC6Xr9
CoWWjgzy5V48pEHqsQxnps9k1p6BZDJst6J5vYs6PReQj9GB581R
CoVi5S4JzCs2yJ6wnh88pPHsRLg4RuLzY6N7q2MrZikwLcMAZPbq
CoUpDPvwuZRZKw1PiV7VP6WY626x4Qo2D1BSE4bo73y4MzkRmRkw
CoVNmjaL7cPMEaSask6UDg2NYGvvmRMQLsZFGRigD19edmJHyg2s
CoVqfVzzYWfkWrPxeYZD6uTw5Mv3xfy6A5KreobVVuhAJ4Fr47Ua
CoVs6mP5bmf4DRVwXeW6d9xKzkCbKxVdc23gMZ2ZjpNyZMhpnD6M
CoVxzQtgD987Q9v5yChVDBtoKgXY7NxQvjcoFwmimDpUyAGSuunU
CoVjRHxFgYA5xes3NZ17k2Mmu9svskuFiq9y8Fnhjtd9G5GRPaui
CoVsKS8MiLLDT8yz3oNitAWDV6j8aCz2ooLCVMbnAQ8Vkp5XWoYe
CoVtNPJeTxG5BLR5Q9nmcL18CxKCx5Bmg2wwz576h5qSmG2xWJVd
CoVPhnwL8mGVWwNo8ccXs9G4Fjp8MGQ6974n7qAeqBvWE5wUXLKF
CoUkpsaSyfSr5R3TQZP5fbvLT1UXPQTLPap8okqH2GUMSS7z42KN
CoV6cF2dp3cen7Hvby9V8JYCdxhmShR3BW6KV1meJHK5osjQUe4r
CoWUf2Y1UgQbvtRNuxzidFZkhtnG1z4mB3vM6ciCVWH968oUecBd
CoVunD4ksSVpqKmETGBUUgM5MCBmxkDHvHAqMWtaft9Cprh4zt9N
CoVHGRhAaTc2UgabkdkvsSt2Yd7WzGu4N9axP1Dj8tgkSjckc5TH
CoWFv3rSzSaFeJ8RVNYyoqKpuzE6SY4LidicsWyp1GMdT1oBiPnj
CoUur6ujzFjW3TWHC2WpLJcZFe5CUrfF5XeVtvry89m7aaPixBGi
CoVZDpj8D2ppYNiPTK4afuxnp4xzaLMKSsNRyppiuHkh74Y72uoV
CoVZh9Vu7diX1sh8L4TYZeokVsysiP7zws2kjXkAvYveruqdwagj
CoUoRgA1xKvSmFTEg3SKJnYUcWuZ6bYYXwAhjGERAnMa6bJ4tMTh
CoWS9XKm2bMYG432sNahQ1TtE2qz6bjKn8GkVikZhRw2nty8bmpG
CoVBAQEBTTDiBkJAsu2u3tGmGZ53qhxefENAYfaXRxGaXGyohMzF
CoWXhCVGi3DLzEGPi57PiUvEFPjUAqUa3aW6u3Ye6CMqsEjjQMPe
CoVnbYwG8GdpHkABED8NPJH1Kxu8uCApP7MMfHzB79myurh1WVka
CoWVkGxiwABYvRHnFVoZaxSyfzqTANhDAwEXQ9e6hnTgoMZWcKDE
CoVB9XBSif5FCVzUA7kR5cvQFMFbwaoNqVpyYt9EWxDQHKvKU1z6
CoUvT9HfKzuW2UYabV2UzXCJ1vJYSKtTnwN5UvjwDwDskNX1aLQ5
CoWTXtWRyp9d5UhD8v8MLJoLWpLpwtHQcQ7rpuPcjd2zoknQPCr1
CoVWurBEpM9tQuWmgdRDqdngkBeSkLXDFz3c3So9iyBeKN8m6C3M
CoW34usgs1xrvRZnmixPUSNWkJrEw5NkphMNdDfPvZKZFpjF41SV
CoVvvquV4ffFeZKXLdEi1AC7LSazibupvVHZqMv3Cwr7X8Z9HTvb
CoWDeAucu5Di3jjnBCy6p5Q1jz3PD4NUqR9rtJ6rE2A9tBNNtqWP
CoV3dMsvxLCaugmsSpGrwPD1Hv6v1LrDXonvqPKcvPXjQu8LXGer
CoUzx6qgFAzpdDrF752WxsQVo2SaGqjZXydsFeaSE6bD9JFxKpq8
CoV8ssHMcB7KDtGEN11MTrw4f8KvLzP28M4fLb9Rzd17818ynvFC
CoUrkmjbNWhPUuxDKmBdLPbKeUeZ2i8oUDsDMUUTrvKHC3cJk1KR
CoUfn8P7ksBaWugB6KfxV67mEDhcCQKd83gPGyUft6TQy3Qw6Q4d
CoVipjnCjqQq5cenNUh3GKHrDFfws2ZwLckn6E9zhcwmZdVGMqkY
CoV155HWdCWChXUn7SqZqYLLKxvVqRRTYvHFPnkLkrWkgv3eWP2F
CoVb3iRJqU4WaXyVMCLd7FE5NGE8eTQsteDAdk8LP614CTF8bbaf
CoVFuWvHm6NMMjyXWnTRvY5Nig6D165nZmnGgR3cyhKWt7fYJ4EW
CoUgqWhsVyjEveaqRrLotEXW2TG4RfWZ1dA4W5TjPH7DYDof2ptM
CoWRGUwPtvhzhqJXjVdUNbkMR4iwb2Z4r4oAXykezHN9N4f8nnD8
CoVJah98JHYuiXjTNZgVPk4utPWx252qWy1B55Z4utQwjpgFmUBc
CoUv5vKuuYYEKNhPNZyy2fPhSCEsgonnrskzTB1SNcs2Pd5YTsHs
CoVKJJ19Nkbh3D7VLDCWRr36GRGnq6Ct8rUghoxA4buRwXmHkcfR
CoUuVNbaYuM7J46orkpMUfWv6VMEjGiMCfWc4sSiaXpF7fd7dE39
CoUnGSQCPyDp4P8fhPbJh4QAdfAjGkC5mmFK1kk1swyt16a2yii3
CoVE6uKiaLM32wrkhBCKoSQufPW9s9KtSoRxjAHGkxZvnZoq5jCW
CoWEnf5igeuzAJFNeC7QXw1Bz91A1wM4mniro64FHJAFyA5YicMt
CoWU2jE15eS77okHULQL1H2w5kJ7XVmJAVqZpwvaH7qJZqowhdRq
CoVQjeDroJG4te8TFKuvjXyKBjXiVoao6Va4RJw9GcQSyG8cGxGY
CoUvgFuw346PXTgHFTaWjaAs8JC215wpgkhq5ubjUfY8HTZVXEhY
CoVkw8QvDq8r1i1fxL2JpQB4iweAzfaxuRJjDsbHXqWGnENPPK9U
