CoVSChpcjAcebAp9JeNnAupyE66GVGe73woAHVHFprxBan5vv2eL
CoUqBmWKfP7eNE261HGyTbHLP83dSfqztxEv3kt1TjbDQE5XrtN5
CoVJhJm5QTYURAYL5kC1ckZj2WGCAtiW6FQjTgk5a4FY9SCiQ1CH
CoW89QqLpwryXY7AYemtgZbsv2nEngcGRuADFbzGyLbUL7DYLvhE
CoWY28ThNDHLrUwKxkXPSAfbhG3AkG418sxUVjCtxCPTxqDLuyVJ
CoVCWpCbMBJ7a9xKWbqfUV4oDUY6eHQAppkbvyL2RJDYbwPDeNRj
CoVNBzdGMihnXKpc1dpBGGdEanXwanQMhpSm31Bo121QsvQygURC
CoVXUCKfLdmQJP8AR6eQdSsj6qEnpW7x8mpDhpEav5aLowoocvZb
CoW3Tb1jtsSL4x8H8CapD9CQn1L4ayw9dLzUxBmpxUUsRwZxLSvw
CoUnVt1RTmVjAmi1rNHiM6LXEp8cVrd6aYsaj1gmudZceVfnqQeu
CoW1KbYYNZKrqdBnG9WwAqCQ7rQrbabtuQ9LDR5WvEKM3gHPiTHN
CoWC9X1qVz8iFN3Vn4utyF7ZEQAc7iwDD6dT5P3wuD19Qf43tLR8
CoV7nE6sZ65NVAKYFR8MzFLph27fCVnd45fzKyYED5tjfAh37tww
CoVpaA6Fsor8uwyQqZCtTMXKgg3w3zq8UmK3gXjmMzcpCNHfiWi8
CoWQnjPYRC4wscG2QQBCs4MBUXeXuRxe4ZCuQz6gHkUXJgdkHTnM
CoVSs2TegZtmGgFdX23tc6jAJzyR2FDtSM9V6kqcn61DM5XQ2ejq
CoVw8gnwnPTammPMhFHVRZekRBmJP2JXsMxX6GyEMR5HxeJ6iUGA
CoVm5TvN1hHjn6J6ze497gHvTFzapvFSVvybgUjz15qdX88npEjQ
CoVKm1tpm3WgJYQHKtGVoxffdFmL72fMuM3t6p8BZm7dqp74MLFD
CoWBtvauJLHrP2z2fp4FfSqiWG1ByWx4M1TUSpzaTdbRp4NHSJFp
CoV475d2UZxXQLBKDmZuygXKc64tXXxbYUpN7f5jGFDcGtq9rpsE
CoVTJv5C45AUQZrXYZnMGKBo5SpWr7sMZWABNVB22Q6jGv7AxniR
CoUffgLFGJdE9jbAz5qWfKM5aLuGYLgMfmX2jL7ZXgTeJs5udixx
CoV3LqHj25SSJGy8Uqe4rvLLE6RQeXvpVnwuLCxtMRpQ3MJZkpW1
CoUm7WeAvEMiawxWNpyCgCThDaqwduuErTu62f9nwgLNEsM2kqNc
CoV6QDQmvaWzKpbVHkQGsxN4jvKmRFV8ino3MaFkGbAUvbBXZV9g
CoVKxqV63h5EEFBbHxiKsaSDvFGmJieTRurR5UFDKLZmK2rQafda
CoV9Wd8oyRnXG22s4wX61Tw9X6N8BDS5qmaPt3A15w5sziCSMibM
CoWZJkhRAqk5Twp7WjTNAHwwcimt8C4RgeXfEsspgESnUr8EAQBs
CoVE8GoftAtwoPLB3GS2yN3tpjyNgHPfaS6qnL1GvjGc8KfbDn4f
CoVZvtSWHy7R1zf7YkwiEwXUHKBpGWdAEUipbLzGg2uguv5aArDT
CoVD84rs6eL2pP913sykk7NvtCWvKJ7iGwNbVjQeVmsUuZ4dnuaX
CoVrNdMiZsq1eA41vDgzQZyyYR3YTRaroTHh62bbpgVTvKxLHbDD
CoWV9dKoeMPtT6jmjMjPU3jQEFKApTZswoivbAAv7GTR3oJ1Mqg3
CoVUNcgDUYNuoDkezurn2LeGRMj8UQbnFfdLK91sowJA28chETky
CoW9SE5U6NrvC8YHsBeaeobjrChb1ZJD79WXjkW2PsdPY5eGkVWH
CoVTXJkhvswVk4Y5GQYtx32ANt9sWYd2FhEhoXX4oyGaNUn1SmUY
CoVywzC64nU17aTTTqd2puQ1E8Ws7rkyirpKY7oRknbEhnoSdgAW
CoWBbCFT4JiGsxuhtDBxnVJgkMu7gz7JzJKgRk3RK6LKaJyhi3zK
CoVixdYjtRFcfvkiiikGhHdLuSNYSBF7LQMJmpwq1SmsZ28kWUQS
CoVz7qp3T1hNnVScy32r14sg94hp58BWPwHM7agBZ8DHiEFuk9Y3
CoVQznGZgEpwNArzzFswXy8AgFdD1TSyZNwkjhjQQDQLgZdsAMGJ
CoW19ghkkfWp91HW63heEUsDMXucp6PWHx9Un12peRHDHEe7uCwL
CoWG5SPmyfAgaysq6DK1ujrCpFKwLibVW2qwwMMSgxXw4tRMSme1
CoUoaks5nZrcJozDscY4ANYDiSXMdFBy2ZXKLRe9qeg8KnXBPr2P
CoVp4NBkjxgrwhuLW8rZK5rn9Qn9kjq5rYoJvRh8rHriMxkVSGuw
CoW4xTANugA3FSY9ouqPV3BwAQTnZjTPKkbGMjYje8FHadLZkbSc
CoWTSNzZsVGEU9MyT9hLq5gGeomn55gtUs9nDgivu1uKfw8oNqVx
CoVzyZ94STiSFXuXZSs7JBMFzJYEbUEZFJgYXaoCTfurTcat9qnM
CoWPhSDi3kRRJqw8ihLgKzNxteti5DC8VJTYnzbZwpZ13KqFohaZ
CoWTdQdkQfXAFmCdR7P7gGk1eEqEgWc3UUrEjNinfns25TrbKrdU
CoVNr5Uz72fxjJXvu913wy5Zsmyjdn9nnm3HyUuwgvSfrhCjNqK3
CoWSghshDREo3knauwtoSGE6fPpJEUm3hmw8gq8vzeLprTivygfG
CoWUCt4ThqT1GsA12JHSKi7UfE9R2UHUc6SrgyghhQCV64xM7Af5
CoW4rw1sooNe7H4TH3dv2ZeiqeggHe5yceTst2rj98KYvxyhZRDo
CoWH26RUo9pKBW6BPhEkT6FsbUrLuGL4GFqy5NFuSQBJobe8jjJL
CoUp2sBi1t36N2hSXCEdBmefRPCPTk5uoNnaEF5ZNYRT4R4tpiua
CoUsTQe3iyJeXQnHEztYXJ1ydG8ktehSuxm2JJLcvMP54AYxZqQA
CoV5qJWYDmFs2z2cDL1ZaAvcKeKX2Ze5tpP9AKXUrSGn7C3q1U1h
CoVmX4K5qbnkFZnPi9W7gR4rYf5bfA4tR8sbDeeUi68WEAN8jiB5
CoVE9ASZFyYnCCD1LwbyTnF5yUgBePi3BG9AYNv24vJQqNRBscTC
CoUiLL6MYhqJEqj5Zu2SZudrKxnZMQKNvW8whAGcKF135c2rmuW3
CoWN9q85g7nP9ZcvFHUFt9S8NFASckN5K4SEYRdGnvh76jH1sNir
CoWFiordRYYsSXk4HwB6L9QJKisFEBb1WBPeUZs9QdTegBmZXTaG
CoW2iWvKdJjVkbDXcURs9bNvLvqZWq2533V9NJtQBet6zGvQXaYn
CoW4QRrH9d5FxTw6naZhEyytUXf92UQhSpPkyNAzSqAM4dap42H5
CoV8vdnn2k343qdTUNXqUHhQcq95mCFxBodWQ8yWZPM8xgQ3WH92
CoV5SLQuZ93EkVZ4AkTLBf8pJhtJGYrGqyAus5SRrQSWbGwum5tw
CoV9gToGNAiREM3ur69CPr4DE5vHnm2EkinS7L8Xvpjvna4hsDdH
CoWAAfPgqkbWSFht1BsLrdwrH9pjx5TdvQpd69VYkvUJCPuL8jpx
CoUk5b97CZzzbMgKtcGJCANvH3HVa3vVruiSzYPFnowwrXeTBSwz
CoVimS6ANW4TdPP7rM8d1cYdhU6AVFLGxAAfZicFhyqH4B6zkz1m
CoVTafJZmzQN3JS8LpbQedUofMxcRzh4Baynfn6R7WVaYRbAk7GF
CoVWoZJ9rtuY7F88z5gXneYStNNHrH5Sxq7ByYmPvGLQwvuVvL4V
CoVU3vtw7zi52szBebF3qHVrWkeTmm3xsP1Q2xf55UfX8aWpPRiS
CoVzeuiFEkEjTxXjSw7TGojBhTXxmkaT8PbchSuXtwA5745LHC2A
CoVbTAKyFcLCqms2iAw8Eq2obpHbohuay9hZtxWNXngwVG1nqPoj
CoWJBoPFLiJVPEgmeZAcZXqSjH9pERyhCZk6yje1ptNdCY4D7TFD
CoUpnJQdBm6qo7eMtMK59QWGyE49486xYwzTLpxUienGMhFur5He
CoV5oC4dAb1rER4uaekeqqhJSQGwfcxTkARUzyKcEZaFmyznNx97
CoW3PRjQHC6hRvjfqqrHcSxfwMDYzBUC5xBAdPqjZWG56VkTZSgx
CoUwgEmx6W4RXcU95ir7XeWftvNvSV99Upq1tms4znxnFBkxAq9P
CoWK4gif8kPebwH8HGhXhEdHTm6E3aM2vmE9zu1owQ3j4a77Q6Eh
CoVgcw1uCVAPGMH6bDYA1BnuEk8fqD5wTvCgfK7GvyW241aEcngB
CoW9HLpre4J4yCm34cRK4YLhX2AVsNjypfGER5HzxeW4ruFMngrs
CoWQumZPicWvgid63Ck3eRz23NQkubYhWZKXEDzYjsZcx6PYeqYP
CoVb1aGGP3mzMJLooNF3imBhSo71k9WWvYpZjDJ3eFwgMhuXhPVG
CoWA3Xz9kRs9EHv2GcogChxWhSfS8K89JNURwm2UMz7oBkNUYktC
CoW3FTY29ufvxGbsnzyvZ3r46atPicqYNF99ui1XsmFzrZeiY8Xm
CoVBVRW7BfF8PQKRrEr3CQn7FFkojLcNWo1kwHqdj7gfYq1qLMAa
CoWGpovN3nrPMcQivKQmkn24UC8uNdkF1Hs22HPZQa3noMi8sMJq
CoVfmumfZy3fED8eAAjDGxLgQ7g7YwyD6pR3sbkJbFZmcGq8CvVv
CoWMpuw4toTXuVz1j1tqzYr23qAg1EeZ5J26qw3YRyRkyWXnTgcu
CoVjuCEK1vY7dWUbUJizZyYBvRNKkdQFUDjnMSVVocA3ioEjCR3h
CoUmjcWcnRwLRgPpZaXAeaizCtMqVJ2LMoHdHPYjUAGi3SCjot7d
CoWFv499McARtdFoiwaQ3bicpkxiiDSaYK7fxiBUywkaajxDWBZ4
CoVPdgp3yfRJNV56QhDKoyPXdmFStfmSiPmNweCcJmb7vExTXqPE
CoVasvAd2KpPMX3notuPLpEZ9EkrpzjwRsipaNB9sFeeTnCSy9px
CoVRmUSEfccPnSjeyTUCCFfB9zKjRD321UKRAPAxZpvYDRAbzdkJ
CoWSLBiAWoZhjcTneBH4xFKEfUx4DYRWa8LR5CUyMmojRTPb9jUm
CoUfZCQUiKZxdf8Kdx9FyvXGbxYS88MQUyYH9v6H5KjR2uifvU9z
CoVdoN9qEhFsjqsCijxM5N7HLjh7XucAjEuWgEeX21S54SYzYHQu
CoWXtayuTaivgNuEJf3854PJRLeAZcCuMtV4Ma7mUTFJP9xz1vUi
CoVCt21y6oct2rLjxk57UND3uKQn2voaF2xUSXSBYzoP8g67LXYr
CoWNsTaL5pkf6nXSjwsMZQfC6EwKhGqQdcHsC3FWsgyuFFdzMnvK
CoVX5BmTzWgiSBFCeF7sjuLSVADbxxaFUmqcy3Q769od3Uexrc5J
CoVTmB87YuKyaRQ1bRbKXN4xLLQDEATxQ3ThioC5cpdfSTxqPChf
CoVbZrGuRaXWkaXgQCue6cdaT6Br6XuNXwQBqR2XDxXAr9BWrNcA
CoVMssDhNo21jSkSxyQzfhrcz7nJpxo1feuTUkqMpeUxvtWeJmD5
